Conferma non avvenuta, provvedo alla cancellazione della variante chr1_14804745_AGAAGGAAG_A,AGAAGGAAGGAAGGAAG nel paziente MN-188/11
{ _id: 597f13e6fd8d762910d7fdb0,
  idSample: '20170224_02_Cancer',
  Var: 
   [ { CHROM: 'chr1',
       POS: '14804745',
       ID: '20170224_02_Cancer',
       REF: 'AGAAGGAAG',
       ALT: 'A,AGAAGGAAGGAAGGAAG',
       QUAL: '2895.09',
       FILTER: 'PASS',
       AC: '1,9',
       AF: '0.025,0.225',
       AN: '40',
       BaseQRankSum: '0.674',
       ClippingRankSum: '0.00',
       DP: '25',
       ExcessHet: '4.7965',
       FS: '0.000',
       InbreedingCoeff: '-0.1370',
       MLEAC: '1,7',
       MLEAF: '0.025,0.175',
       MQ: '56.01',
       MQRankSum: '0.00',
       QD: '22.62',
       ReadPosRankSum: '0.353',
       SOR: '0.746',
       Allele: '-',
       GT: '0/2',
       AD: '11,0,14',
       GQ: '99',
       PL: '555,588,1531,0,944,901' },
     { CHROM: 'chr1',
       POS: '17350238',
       ID: '20170224_02_Cancer',
       REF: 'A',
       ALT: 'G',
       QUAL: '961.11',
       FILTER: 'PASS',
       AC: '15',
       AF: '0.750',
       AN: '20',
       BaseQRankSum: '-2.189e+00',
       ClippingRankSum: '0.00',
       DP: '7',
       ExcessHet: '3.8535',
       FS: '0.000',
       InbreedingCoeff: '-0.1156',
       MLEAC: '16',
       MLEAF: '0.800',
       MQ: '58.36',
       MQRankSum: '0.00',
       QD: '29.12',
       ReadPosRankSum: '0.566',
       SOR: '2.649',
       Allele: 'G',
       GT: '0/1',
       AD: '3,4',
       GQ: '95',
       PL: '125,0,95' },
     { CHROM: 'chr1',
       POS: '17359386',
       ID: '20170224_02_Cancer',
       REF: 'T',
       ALT: 'C',
       QUAL: '973.51',
       FILTER: 'PASS',
       AC: '7',
       AF: '0.269',
       AN: '26',
       BaseQRankSum: '1.58',
       ClippingRankSum: '0.00',
       DP: '5',
       ExcessHet: '4.3061',
       FS: '0.000',
       InbreedingCoeff: '-0.1664',
       MLEAC: '9',
       MLEAF: '0.346',
       MQ: '57.93',
       MQRankSum: '0.00',
       QD: '17.70',
       ReadPosRankSum: '-5.660e-01',
       SOR: '0.884',
       Allele: 'C',
       GT: '0/1',
       AD: '1,4',
       GQ: '23',
       PL: '143,0,23' },
     { CHROM: 'chr1',
       POS: '17359676',
       ID: '20170224_02_Cancer',
       REF: 'C',
       ALT: 'A',
       QUAL: '33288.43',
       FILTER: 'PASS',
       AC: '42',
       AF: '0.913',
       AN: '46',
       BaseQRankSum: '1.33',
       ClippingRankSum: '0.00',
       DP: '94',
       ExcessHet: '3.6240',
       FS: '0.000',
       InbreedingCoeff: '-0.0953',
       MLEAC: '42',
       MLEAF: '0.913',
       MQ: '60.00',
       MQRankSum: '0.00',
       QD: '23.88',
       ReadPosRankSum: '0.737',
       SOR: '0.648',
       Allele: 'A',
       GT: '0/1',
       AD: '41,53',
       GQ: '99',
       PL: '1293,0,869' },
     { CHROM: 'chr1',
       POS: '17371152',
       ID: '20170224_02_Cancer',
       REF: 'T',
       ALT: 'C',
       QUAL: '2695.40',
       FILTER: 'PASS',
       AC: '10',
       AF: '0.263',
       AN: '38',
       BaseQRankSum: '3.04',
       ClippingRankSum: '0.00',
       DP: '13',
       ExcessHet: '3.7139',
       FS: '0.000',
       InbreedingCoeff: '-0.1346',
       MLEAC: '11',
       MLEAF: '0.289',
       MQ: '59.76',
       MQRankSum: '0.00',
       QD: '21.74',
       ReadPosRankSum: '0.372',
       SOR: '1.392',
       Allele: 'C',
       GT: '0/1',
       AD: '8,5',
       GQ: '99',
       PL: '165,0,259' },
     { CHROM: 'chr1',
       POS: '17371494',
       ID: '20170224_02_Cancer',
       REF: 'C',
       ALT: 'T',
       QUAL: '3104.74',
       FILTER: 'PASS',
       AC: '10',
       AF: '0.250',
       AN: '40',
       BaseQRankSum: '-3.450e+00',
       ClippingRankSum: '0.00',
       DP: '24',
       ExcessHet: '3.7139',
       FS: '0.000',
       InbreedingCoeff: '-0.1732',
       MLEAC: '12',
       MLEAF: '0.300',
       MQ: '60.00',
       MQRankSum: '0.00',
       QD: '16.34',
       ReadPosRankSum: '0.514',
       SOR: '0.874',
       Allele: 'T',
       GT: '0/1',
       AD: '11,13',
       GQ: '99',
       PL: '396,0,364' },
     { CHROM: 'chr1',
       POS: '17380497',
       ID: '20170224_02_Cancer',
       REF: 'G',
       ALT: 'T',
       QUAL: '52693.43',
       FILTER: 'PASS',
       AC: '42',
       AF: '0.913',
       AN: '46',
       BaseQRankSum: '-4.070e-01',
       ClippingRankSum: '0.00',
       DP: '123',
       ExcessHet: '3.6240',
       FS: '0.971',
       InbreedingCoeff: '-0.0952',
       MLEAC: '42',
       MLEAF: '0.913',
       MQ: '60.00',
       MQRankSum: '0.00',
       QD: '22.34',
       ReadPosRankSum: '0.321',
       SOR: '0.555',
       Allele: 'T',
       GT: '0/1',
       AD: '48,75',
       GQ: '99',
       PL: '1498,0,920' },
     { CHROM: 'chr1',
       POS: '17722363',
       ID: '20170224_02_Cancer',
       REF: 'G',
       ALT: 'A',
       QUAL: '11910.71',
       FILTER: 'PASS',
       AC: '12',
       AF: '0.261',
       AN: '46',
       BaseQRankSum: '0.072',
       ClippingRankSum: '0.00',
       DP: '108',
       ExcessHet: '4.7104',
       FS: '0.000',
       InbreedingCoeff: '-0.1275',
       MLEAC: '12',
       MLEAF: '0.261',
       MQ: '60.00',
       MQRankSum: '0.00',
       QD: '9.79',
       ReadPosRankSum: '-2.700e-02',
       SOR: '0.675',
       Allele: 'A',
       GT: '1/1',
       AD: '0,108',
       GQ: '99',
       PL: '2937,323,0' },
     { CHROM: 'chr1',
       POS: '45796269',
       ID: '20170224_02_Cancer',
       REF: 'G',
       ALT: 'C',
       QUAL: '45555.73',
       FILTER: 'PASS',
       AC: '43',
       AF: '0.935',
       AN: '46',
       BaseQRankSum: '0.00',
       ClippingRankSum: '0.00',
       DP: '148',
       ExcessHet: '3.3099',
       FS: '0.000',
       InbreedingCoeff: '-0.0698',
       MLEAC: '43',
       MLEAF: '0.935',
       MQ: '60.00',
       MQRankSum: '0.00',
       QD: '24.45',
       ReadPosRankSum: '0.018',
       SOR: '0.665',
       Allele: 'C',
       GT: '0/1',
       AD: '62,86',
       GQ: '99',
       PL: '1821,0,1245' },
     { CHROM: 'chr1',
       POS: '45796354',
       ID: '20170224_02_Cancer',
       REF: 'G',
       ALT: 'T',
       QUAL: '1361.95',
       FILTER: 'PASS',
       AC: '6',
       AF: '0.136',
       AN: '44',
       BaseQRankSum: '-2.372e+00',
       ClippingRankSum: '0.00',
       DP: '34',
       ExcessHet: '0.8318',
       FS: '0.000',
       InbreedingCoeff: '0.0730',
       MLEAC: '5',
       MLEAF: '0.114',
       MQ: '60.00',
       MQRankSum: '0.00',
       QD: '14.49',
       ReadPosRankSum: '0.643',
       SOR: '0.738',
       Allele: 'T',
       GT: '0/1',
       AD: '12,22',
       GQ: '99',
       PL: '696,0,379' },
     { CHROM: 'chr1',
       POS: '45797505',
       ID: '20170224_02_Cancer',
       REF: 'C',
       ALT: 'G',
       QUAL: '11517.53',
       FILTER: 'PASS',
       AC: '15',
       AF: '0.326',
       AN: '46',
       BaseQRankSum: '0.00',
       ClippingRankSum: '0.00',
       DP: '118',
       ExcessHet: '4.0549',
       FS: '0.000',
       InbreedingCoeff: '-0.0882',
       MLEAC: '15',
       MLEAF: '0.326',
       MQ: '60.00',
       MQRankSum: '0.00',
       QD: '13.91',
       ReadPosRankSum: '2.01',
       SOR: '0.664',
       Allele: 'G',
       GT: '0/1',
       AD: '49,69',
       GQ: '99',
       PL: '1609,0,1101' },
     { CHROM: 'chr1',
       POS: '45798555',
       ID: '20170224_02_Cancer',
       REF: 'T',
       ALT: 'C',
       QUAL: '71593.73',
       FILTER: 'PASS',
       AC: '43',
       AF: '0.935',
       AN: '46',
       BaseQRankSum: '0.124',
       ClippingRankSum: '0.00',
       DP: '174',
       ExcessHet: '3.3099',
       FS: '0.000',
       InbreedingCoeff: '-0.0698',
       MLEAC: '43',
       MLEAF: '0.935',
       MQ: '60.00',
       MQRankSum: '0.00',
       QD: '24.34',
       ReadPosRankSum: '1.01',
       SOR: '0.856',
       Allele: 'C',
       GT: '0/1',
       AD: '95,79',
       GQ: '99',
       PL: '1611,0,2060' },
     { CHROM: 'chr1',
       POS: '150860186',
       ID: '20170224_02_Cancer',
       REF: 'G',
       ALT: 'A',
       QUAL: '1004.23',
       FILTER: 'PASS',
       AC: '11',
       AF: '0.423',
       AN: '26',
       BaseQRankSum: '-3.850e-01',
       ClippingRankSum: '0.00',
       DP: '6',
       ExcessHet: '0.3308',
       FS: '0.000',
       InbreedingCoeff: '0.2990',
       MLEAC: '13',
       MLEAF: '0.500',
       MQ: '60.00',
       MQRankSum: '0.00',
       QD: '26.43',
       ReadPosRankSum: '1.15',
       SOR: '2.833',
       Allele: 'A',
       GT: '0/1',
       AD: '3,3',
       GQ: '91',
       PL: '91,0,96' },
     { CHROM: 'chr1',
       POS: '150860471',
       ID: '20170224_02_Cancer',
       REF: 'C',
       ALT: 'T',
       QUAL: '38368.51',
       FILTER: 'PASS',
       AC: '31',
       AF: '0.674',
       AN: '46',
       BaseQRankSum: '-6.020e-01',
       ClippingRankSum: '0.00',
       DP: '181',
       ExcessHet: '1.4238',
       FS: '0.559',
       InbreedingCoeff: '0.1097',
       MLEAC: '31',
       MLEAF: '0.674',
       MQ: '60.00',
       MQRankSum: '0.00',
       QD: '16.33',
       ReadPosRankSum: '2.14',
       SOR: '0.780',
       Allele: 'T',
       GT: '0/1',
       AD: '93,88',
       GQ: '99',
       PL: '1920,0,2213' },
     { CHROM: 'chr1',
       POS: '150860545',
       ID: '20170224_02_Cancer',
       REF: 'T',
       ALT: 'TA',
       QUAL: '12479.60',
       FILTER: 'PASS',
       AC: '14',
       AF: '0.304',
       AN: '46',
       BaseQRankSum: '0.897',
       ClippingRankSum: '0.00',
       DP: '78',
       ExcessHet: '0.9164',
       FS: '0.560',
       InbreedingCoeff: '0.1612',
       MLEAC: '14',
       MLEAF: '0.304',
       MQ: '60.01',
       MQRankSum: '0.00',
       QD: '16.98',
       ReadPosRankSum: '0.314',
       SOR: '0.719',
       Allele: 'A',
       GT: '0/1',
       AD: '42,36',
       GQ: '99',
       PL: '808,0,858' },
     { CHROM: 'chr1',
       POS: '150860693',
       ID: '20170224_02_Cancer',
       REF: 'TTA',
       ALT: 'T',
       QUAL: '1242.91',
       FILTER: 'PASS',
       AC: '10',
       AF: '0.313',
       AN: '32',
       BaseQRankSum: '-1.531e+00',
       ClippingRankSum: '0.00',
       DP: '16',
       ExcessHet: '4.7965',
       FS: '0.000',
       InbreedingCoeff: '-0.2521',
       MLEAC: '10',
       MLEAF: '0.313',
       MQ: '59.56',
       MQRankSum: '0.00',
       QD: '7.06',
       ReadPosRankSum: '-1.020e-01',
       SOR: '0.379',
       Allele: '-',
       GT: '0/1',
       AD: '9,7',
       GQ: '99',
       PL: '227,0,341' },
     { CHROM: 'chr1',
       POS: '150860695',
       ID: '20170224_02_Cancer',
       REF: 'ATT',
       ALT: 'AT,*',
       QUAL: '616.43',
       FILTER: 'PASS',
       AC: '6,4',
       AF: '0.214,0.143',
       AN: '28',
       BaseQRankSum: '0.543',
       ClippingRankSum: '0.00',
       DP: '16',
       ExcessHet: '14.0833',
       FS: '0.000',
       InbreedingCoeff: '-0.5067',
       MLEAC: '3,4',
       MLEAF: '0.107,0.143',
       MQ: '61.19',
       MQRankSum: '0.00',
       QD: '4.53',
       ReadPosRankSum: '-2.740e-01',
       SOR: '0.137',
       Allele: 'T',
       GT: '0/2',
       AD: '9,0,7',
       GQ: '99',
       PL: '227,254,616,0,362,341' },
     { CHROM: 'chr1',
       POS: '161284297',
       ID: '20170224_02_Cancer',
       REF: 'T',
       ALT: 'C',
       QUAL: '9994.41',
       FILTER: 'PASS',
       AC: '8',
       AF: '0.174',
       AN: '46',
       BaseQRankSum: '1.78',
       ClippingRankSum: '0.00',
       DP: '154',
       ExcessHet: '1.6021',
       FS: '2.513',
       InbreedingCoeff: '0.0921',
       MLEAC: '8',
       MLEAF: '0.174',
       MQ: '60.00',
       MQRankSum: '0.00',
       QD: '13.29',
       ReadPosRankSum: '-2.090e-01',
       SOR: '0.907',
       Allele: 'C',
       GT: '0/1',
       AD: '81,73',
       GQ: '99',
       PL: '1757,0,1853' },
     { CHROM: 'chr1',
       POS: '161310019',
       ID: '20170224_02_Cancer',
       REF: 'G',
       ALT: 'C',
       QUAL: '897.22',
       FILTER: 'PASS',
       AC: '11',
       AF: '0.423',
       AN: '26',
       BaseQRankSum: '0.313',
       ClippingRankSum: '0.00',
       DP: '5',
       ExcessHet: '0.1491',
       FS: '0.000',
       InbreedingCoeff: '0.3620',
       MLEAC: '11',
       MLEAF: '0.423',
       MQ: '60.00',
       MQRankSum: '0.00',
       QD: '25.63',
       ReadPosRankSum: '-6.740e-01',
       SOR: '2.368',
       Allele: 'C',
       GT: '1/1',
       AD: '0,5',
       GQ: '15',
       PL: '197,15,0' },
     { CHROM: 'chr1',
       POS: '161310261',
       ID: '20170224_02_Cancer',
       REF: 'CA',
       ALT: 'C,CAA',
       QUAL: '4544.98',
       FILTER: 'FILTER',
       AC: '19,3',
       AF: '0.413,0.065',
       AN: '46',
       BaseQRankSum: '-1.310e-01',
       ClippingRankSum: '0.00',
       DP: '148',
       ExcessHet: '52.1374',
       FS: '0.000',
       InbreedingCoeff: '-0.8995',
       MLEAC: '19,3',
       MLEAF: '0.413,0.065',
       MQ: '61.00',
       MQRankSum: '0.00',
       QD: '1.80',
       ReadPosRankSum: '0.358',
       SOR: '0.652',
       Allele: '-',
       GT: '0/1',
       AD: '94,18,19',
       GQ: '84',
       PL: '155,0,2272,84,1582,2229' },
     { CHROM: 'chr1',
       POS: '161326293',
       ID: '20170224_02_Cancer',
       REF: 'T',
       ALT: 'C',
       QUAL: '7282.63',
       FILTER: 'PASS',
       AC: '14',
       AF: '0.304',
       AN: '46',
       BaseQRankSum: '4.06',
       ClippingRankSum: '0.00',
       DP: '57',
       ExcessHet: '1.0471',
       FS: '0.000',
       InbreedingCoeff: '0.1111',
       MLEAC: '15',
       MLEAF: '0.326',
       MQ: '60.00',
       MQRankSum: '0.00',
       QD: '21.42',
       ReadPosRankSum: '1.28',
       SOR: '0.901',
       Allele: 'C',
       GT: '0/1',
       AD: '26,31',
       GQ: '99',
       PL: '1015,0,779' },
     { CHROM: 'chr1',
       POS: '161326331',
       ID: '20170224_02_Cancer',
       REF: 'G',
       ALT: 'T',
       QUAL: '2635.10',
       FILTER: 'PASS',
       AC: '4',
       AF: '0.087',
       AN: '46',
       BaseQRankSum: '-8.520e-01',
       ClippingRankSum: '0.00',
       DP: '127',
       ExcessHet: '3.6240',
       FS: '1.454',
       InbreedingCoeff: '-0.0943',
       MLEAC: '4',
       MLEAF: '0.087',
       MQ: '60.00',
       MQRankSum: '0.00',
       QD: '15.14',
       ReadPosRankSum: '0.448',
       SOR: '0.561',
       Allele: 'T',
       GT: '0/1',
       AD: '53,72',
       GQ: '99',
       PL: '2031,0,1538' },
     { CHROM: 'chr1',
       POS: '161326722',
       ID: '20170224_02_Cancer',
       REF: 'CT',
       ALT: 'C,CTT',
       QUAL: '1518.85',
       FILTER: 'FILTER',
       AC: '11,7',
       AF: '0.239,0.152',
       AN: '46',
       BaseQRankSum: '0.00',
       ClippingRankSum: '0.00',
       DP: '76',
       ExcessHet: '28.0561',
       FS: '0.000',
       InbreedingCoeff: '-0.6236',
       MLEAC: '11,7',
       MLEAF: '0.239,0.152',
       MQ: '60.24',
       MQRankSum: '0.00',
       QD: '1.67',
       ReadPosRankSum: '-1.230e-01',
       SOR: '0.681',
       Allele: '-',
       GT: '0/1',
       AD: '58,11,5',
       GQ: '64',
       PL: '64,0,1408,170,1206,1505' },
     { CHROM: 'chr1',
       POS: '161332091',
       ID: '20170224_02_Cancer',
       REF: 'CTT',
       ALT: 'C,CT',
       QUAL: '22072.73',
       FILTER: 'PASS',
       AC: '3,20',
       AF: '0.065,0.435',
       AN: '46',
       BaseQRankSum: '0.856',
       ClippingRankSum: '0.00',
       DP: '230',
       ExcessHet: '62.9292',
       FS: '0.000',
       InbreedingCoeff: '-0.9867',
       MLEAC: '2,20',
       MLEAF: '0.043,0.435',
       MQ: '60.03',
       MQRankSum: '0.00',
       QD: '5.89',
       ReadPosRankSum: '0.016',
       SOR: '0.710',
       Allele: '-',
       GT: '0/2',
       AD: '120,26,54',
       GQ: '99',
       PL: '934,494,4897,0,2619,2692' },
     { CHROM: 'chr1',
       POS: '193094375',
       ID: '20170224_02_Cancer',
       REF: 'T',
       ALT: 'C',
       QUAL: '35612.80',
       FILTER: 'PASS',
       AC: '39',
       AF: '0.848',
       AN: '46',
       BaseQRankSum: '-3.060e-01',
       ClippingRankSum: '0.00',
       DP: '120',
       ExcessHet: '1.1502',
       FS: '0.000',
       InbreedingCoeff: '0.1437',
       MLEAC: '39',
       MLEAF: '0.848',
       MQ: '60.00',
       MQRankSum: '0.00',
       QD: '21.81',
       ReadPosRankSum: '-1.480e-01',
       SOR: '0.691',
       Allele: 'C',
       GT: '1/1',
       AD: '0,120',
       GQ: '99',
       PL: '3158,359,0' },
     { CHROM: 'chr1',
       POS: '193098964',
       ID: '20170224_02_Cancer',
       REF: 'A',
       ALT: 'G',
       QUAL: '8295.05',
       FILTER: 'PASS',
       AC: '27',
       AF: '0.844',
       AN: '32',
       BaseQRankSum: '-3.719e+00',
       ClippingRankSum: '0.00',
       DP: '23',
       ExcessHet: '0.7639',
       FS: '0.000',
       InbreedingCoeff: '0.2137',
       MLEAC: '27',
       MLEAF: '0.844',
       MQ: '59.79',
       MQRankSum: '0.00',
       QD: '28.70',
       ReadPosRankSum: '-1.540e-01',
       SOR: '3.430',
       Allele: 'G',
       GT: '1/1',
       AD: '1,22',
       GQ: '30',
       PL: '736,30,0' },
     { CHROM: 'chr1',
       POS: '193099024',
       ID: '20170224_02_Cancer',
       REF: 'T',
       ALT: 'G',
       QUAL: '674.04',
       FILTER: 'PASS',
       AC: '1',
       AF: '0.025',
       AN: '40',
       BaseQRankSum: '4.80',
       ClippingRankSum: '0.00',
       DP: '36',
       ExcessHet: '3.0103',
       FS: '0.000',
       InbreedingCoeff: '-0.0508',
       MLEAC: '1',
       MLEAF: '0.025',
       MQ: '60.00',
       MQRankSum: '0.00',
       QD: '18.72',
       ReadPosRankSum: '-6.090e-01',
       SOR: '0.927',
       Allele: 'G',
       GT: '0/1',
       AD: '16,20',
       GQ: '99',
       PL: '710,0,485' },
     { CHROM: 'chr1',
       POS: '193104827',
       ID: '20170224_02_Cancer',
       REF: 'G',
       ALT: 'A',
       QUAL: '37233.98',
       FILTER: 'PASS',
       AC: '38',
       AF: '0.864',
       AN: '44',
       BaseQRankSum: '-7.626e+00',
       ClippingRankSum: '0.00',
       DP: '88',
       ExcessHet: '0.8318',
       FS: '1.565',
       InbreedingCoeff: '0.1962',
       MLEAC: '38',
       MLEAF: '0.864',
       MQ: '59.98',
       MQRankSum: '0.00',
       QD: '28.10',
       ReadPosRankSum: '-5.940e-01',
       SOR: '0.537',
       Allele: 'A',
       GT: '1/1',
       AD: '0,88',
       GQ: '99',
       PL: '3166,264,0' },
     { CHROM: 'chr1',
       POS: '193111228',
       ID: '20170224_02_Cancer',
       REF: 'TGAGA',
       ALT: 'T,TGA',
       QUAL: '6259.65',
       FILTER: 'PASS',
       AC: '3,15',
       AF: '0.065,0.326',
       AN: '46',
       BaseQRankSum: '-1.940e-01',
       ClippingRankSum: '0.00',
       DP: '50',
       ExcessHet: '28.0561',
       FS: '3.395',
       InbreedingCoeff: '-0.6444',
       MLEAC: '2,15',
       MLEAF: '0.043,0.326',
       MQ: '60.06',
       MQRankSum: '0.00',
       QD: '8.74',
       ReadPosRankSum: '-5.000e-03',
       SOR: '0.496',
       Allele: '-',
       GT: '0/2',
       AD: '36,4,8',
       GQ: '99',
       PL: '183,149,2264,0,1123,1110' },
     { CHROM: 'chr1',
       POS: '193172363',
       ID: '20170224_02_Cancer',
       REF: 'G',
       ALT: 'A',
       QUAL: '121.51',
       FILTER: 'PASS',
       AC: '4',
       AF: '0.667',
       AN: '6',
       BaseQRankSum: '-',
       ClippingRankSum: '-',
       DP: '2',
       ExcessHet: '3.0103',
       FS: '0.000',
       InbreedingCoeff: '-',
       MLEAC: '5',
       MLEAF: '0.833',
       MQ: '40.00',
       MQRankSum: '-',
       QD: '30.38',
       ReadPosRankSum: '-',
       SOR: '3.258',
       Allele: 'A',
       GT: '1/1',
       AD: '0,2',
       GQ: '6',
       PL: '72,6,0' },
     { CHROM: 'chr1',
       POS: '193202001',
       ID: '20170224_02_Cancer',
       REF: 'C',
       ALT: 'G',
       QUAL: '36439.39',
       FILTER: 'PASS',
       AC: '39',
       AF: '0.848',
       AN: '46',
       BaseQRankSum: '1.92',
       ClippingRankSum: '0.00',
       DP: '97',
       ExcessHet: '1.1502',
       FS: '0.000',
       InbreedingCoeff: '0.1531',
       MLEAC: '39',
       MLEAF: '0.848',
       MQ: '60.00',
       MQRankSum: '0.00',
       QD: '32.05',
       ReadPosRankSum: '0.786',
       SOR: '3.268',
       Allele: 'G',
       GT: '1/1',
       AD: '0,97',
       GQ: '99',
       PL: '3898,292,0' },
     { CHROM: 'chr1',
       POS: '193205272',
       ID: '20170224_02_Cancer',
       REF: 'T',
       ALT: 'A',
       QUAL: '50714.34',
       FILTER: 'PASS',
       AC: '40',
       AF: '0.833',
       AN: '48',
       BaseQRankSum: '-6.840e-01',
       ClippingRankSum: '0.00',
       DP: '184',
       ExcessHet: '1.5218',
       FS: '0.719',
       InbreedingCoeff: '0.0507',
       MLEAC: '41',
       MLEAF: '0.854',
       MQ: '60.00',
       MQRankSum: '0.00',
       QD: '22.02',
       ReadPosRankSum: '-1.132e+00',
       SOR: '0.605',
       Allele: 'A',
       GT: '1/1',
       AD: '0,184',
       GQ: '99',
       PL: '5284,552,0' },
     { CHROM: 'chr1',
       POS: '200007379',
       ID: '20170224_02_Cancer',
       REF: 'C',
       ALT: 'A',
       QUAL: '3594.41',
       FILTER: 'PASS',
       AC: '4',
       AF: '0.087',
       AN: '46',
       BaseQRankSum: '0.412',
       ClippingRankSum: '0.00',
       DP: '87',
       ExcessHet: '0.2996',
       FS: '1.749',
       InbreedingCoeff: '0.4522',
       MLEAC: '4',
       MLEAF: '0.087',
       MQ: '60.00',
       MQRankSum: '0.00',
       QD: '16.34',
       ReadPosRankSum: '1.79',
       SOR: '0.859',
       Allele: 'A',
       GT: '0/1',
       AD: '39,48',
       GQ: '99',
       PL: '1145,0,892' },
     { CHROM: 'chr1',
       POS: '222045181',
       ID: '20170224_02_Cancer',
       REF: 'T',
       ALT: 'C',
       QUAL: '342.76',
       FILTER: 'PASS',
       AC: '6',
       AF: '0.250',
       AN: '24',
       BaseQRankSum: '0.967',
       ClippingRankSum: '0.00',
       DP: '2',
       ExcessHet: '0.2035',
       FS: '0.000',
       InbreedingCoeff: '0.2047',
       MLEAC: '7',
       MLEAF: '0.292',
       MQ: '56.36',
       MQRankSum: '0.00',
       QD: '22.85',
       ReadPosRankSum: '0.842',
       SOR: '1.911',
       Allele: 'C',
       GT: '1/1',
       AD: '0,2',
       GQ: '6',
       PL: '78,6,0' },
     { CHROM: 'chr1',
       POS: '228997835',
       ID: '20170224_02_Cancer',
       REF: 'T',
       ALT: 'G',
       QUAL: '8717.73',
       FILTER: 'PASS',
       AC: '12',
       AF: '0.261',
       AN: '46',
       BaseQRankSum: '-7.530e-01',
       ClippingRankSum: '0.00',
       DP: '182',
       ExcessHet: '4.7104',
       FS: '0.000',
       InbreedingCoeff: '-0.1273',
       MLEAC: '12',
       MLEAF: '0.261',
       MQ: '60.00',
       MQRankSum: '0.00',
       QD: '7.68',
       ReadPosRankSum: '1.35',
       SOR: '0.672',
       Allele: 'G',
       GT: '0/1',
       AD: '108,74',
       GQ: '99',
       PL: '1352,0,2271' },
     { CHROM: 'chr1',
       POS: '241663902',
       ID: '20170224_02_Cancer',
       REF: 'TGA',
       ALT: 'TGAGA,TGAGAGA,TGAGAGAGAGA,T',
       QUAL: '7797.90',
       FILTER: 'PASS',
       AC: '12,9,4,3',
       AF: '0.261,0.196,0.087,0.065',
       AN: '46',
       BaseQRankSum: '-7.290e-01',
       ClippingRankSum: '0.00',
       DP: '60',
       ExcessHet: '4.2471',
       FS: '0.611',
       InbreedingCoeff: '-0.0516',
       MLEAC: '12,8,3,2',
       MLEAF: '0.261,0.174,0.065,0.043',
       MQ: '60.31',
       MQRankSum: '0.00',
       QD: '11.78',
       ReadPosRankSum: '0.746',
       SOR: '0.829',
       Allele: 'GAGA',
       GT: '1/4',
       AD: '18,15,2,0,17',
       GQ: '10',
       PL: '436,114,717,432,761,1362,589,824,1413,1817,10,0,404,812,691' },
     { CHROM: 'chr1',
       POS: '241669256',
       ID: '20170224_02_Cancer',
       REF: 'C',
       ALT: 'T',
       QUAL: '2595.47',
       FILTER: 'PASS',
       AC: '3',
       AF: '0.065',
       AN: '46',
       BaseQRankSum: '-9.080e-01',
       ClippingRankSum: '0.00',
       DP: '153',
       ExcessHet: '3.5964',
       FS: '0.000',
       InbreedingCoeff: '-0.0824',
       MLEAC: '3',
       MLEAF: '0.065',
       MQ: '60.00',
       MQRankSum: '0.00',
       QD: '9.98',
       ReadPosRankSum: '0.096',
       SOR: '0.724',
       Allele: 'T',
       GT: '0/1',
       AD: '81,72',
       GQ: '99',
       PL: '1753,0,2011' },
     { CHROM: 'chr1',
       POS: '241676838',
       ID: '20170224_02_Cancer',
       REF: 'A',
       ALT: 'C',
       QUAL: '1409.89',
       FILTER: 'PASS',
       AC: '1',
       AF: '0.022',
       AN: '46',
       BaseQRankSum: '2.73',
       ClippingRankSum: '0.00',
       DP: '138',
       ExcessHet: '3.0103',
       FS: '5.256',
       InbreedingCoeff: '-0.0222',
       MLEAC: '1',
       MLEAF: '0.022',
       MQ: '60.00',
       MQRankSum: '0.00',
       QD: '10.22',
       ReadPosRankSum: '1.55',
       SOR: '0.384',
       Allele: 'C',
       GT: '0/1',
       AD: '79,59',
       GQ: '99',
       PL: '1447,0,1851' },
     { CHROM: 'chr2',
       POS: '8178735',
       ID: '20170224_02_Cancer',
       REF: 'A',
       ALT: 'G',
       QUAL: '45311.49',
       FILTER: 'PASS',
       AC: '36',
       AF: '0.783',
       AN: '46',
       BaseQRankSum: '0.036',
       ClippingRankSum: '0.00',
       DP: '181',
       ExcessHet: '2.8539',
       FS: '0.000',
       InbreedingCoeff: '-0.0222',
       MLEAC: '36',
       MLEAF: '0.783',
       MQ: '60.00',
       MQRankSum: '0.00',
       QD: '18.10',
       ReadPosRankSum: '1.11',
       SOR: '0.653',
       Allele: 'G',
       GT: '0/1',
       AD: '88,93',
       GQ: '99',
       PL: '1940,0,1749' },
     { CHROM: 'chr2',
       POS: '8178798',
       ID: '20170224_02_Cancer',
       REF: 'C',
       ALT: 'T',
       QUAL: '11674.89',
       FILTER: 'PASS',
       AC: '30',
       AF: '0.652',
       AN: '46',
       BaseQRankSum: '0.212',
       ClippingRankSum: '0.00',
       DP: '62',
       ExcessHet: '5.3560',
       FS: '0.540',
       InbreedingCoeff: '-0.1501',
       MLEAC: '30',
       MLEAF: '0.652',
       MQ: '60.00',
       MQRankSum: '0.00',
       QD: '14.93',
       ReadPosRankSum: '-1.500e-01',
       SOR: '0.643',
       Allele: 'T',
       GT: '0/1',
       AD: '24,38',
       GQ: '99',
       PL: '833,0,439' },
     { CHROM: 'chr2',
       POS: '15729583',
       ID: '20170224_02_Cancer',
       REF: 'G',
       ALT: 'A',
       QUAL: '529.32',
       FILTER: 'PASS',
       AC: '6',
       AF: '0.250',
       AN: '24',
       BaseQRankSum: '0.00',
       ClippingRankSum: '0.00',
       DP: '2',
       ExcessHet: '0.3064',
       FS: '0.000',
       InbreedingCoeff: '0.1894',
       MLEAC: '7',
       MLEAF: '0.292',
       MQ: '58.48',
       MQRankSum: '0.00',
       QD: '27.86',
       ReadPosRankSum: '-6.740e-01',
       SOR: '2.948',
       Allele: 'A',
       GT: '1/1',
       AD: '0,2',
       GQ: '6',
       PL: '78,6,0' },
     { CHROM: 'chr2',
       POS: '29416572',
       ID: '20170224_02_Cancer',
       REF: 'T',
       ALT: 'C',
       QUAL: '56869.69',
       FILTER: 'PASS',
       AC: '46',
       AF: '1.00',
       AN: '46',
       BaseQRankSum: '-',
       ClippingRankSum: '-',
       DP: '143',
       ExcessHet: '3.0103',
       FS: '0.000',
       InbreedingCoeff: '-0.0000',
       MLEAC: '46',
       MLEAF: '1.00',
       MQ: '60.00',
       MQRankSum: '-',
       QD: '29.73',
       ReadPosRankSum: '-',
       SOR: '1.128',
       Allele: 'C',
       GT: '1/1',
       AD: '0,143',
       GQ: '99',
       PL: '4535,427,0' },
     { CHROM: 'chr2',
       POS: '29419413',
       ID: '20170224_02_Cancer',
       REF: 'T',
       ALT: 'C',
       QUAL: '9205.71',
       FILTER: 'PASS',
       AC: '34',
       AF: '1.00',
       AN: '34',
       BaseQRankSum: '-',
       ClippingRankSum: '-',
       DP: '18',
       ExcessHet: '3.0103',
       FS: '0.000',
       InbreedingCoeff: '-0.0173',
       MLEAC: '34',
       MLEAF: '1.00',
       MQ: '59.61',
       MQRankSum: '-',
       QD: '30.63',
       ReadPosRankSum: '-',
       SOR: '10.885',
       Allele: 'C',
       GT: '1/1',
       AD: '0,18',
       GQ: '54',
       PL: '695,54,0' },
     { CHROM: 'chr2',
       POS: '29419591',
       ID: '20170224_02_Cancer',
       REF: 'G',
       ALT: 'T',
       QUAL: '61276.09',
       FILTER: 'PASS',
       AC: '28',
       AF: '0.609',
       AN: '46',
       BaseQRankSum: '0.143',
       ClippingRankSum: '0.00',
       DP: '204',
       ExcessHet: '0.4471',
       FS: '0.683',
       InbreedingCoeff: '0.2698',
       MLEAC: '28',
       MLEAF: '0.609',
       MQ: '60.00',
       MQRankSum: '0.00',
       QD: '22.49',
       ReadPosRankSum: '1.95',
       SOR: '0.814',
       Allele: 'T',
       GT: '1/1',
       AD: '0,204',
       GQ: '99',
       PL: '5979,612,0' },
     { CHROM: 'chr2',
       POS: '29429888',
       ID: '20170224_02_Cancer',
       REF: 'G',
       ALT: 'A',
       QUAL: '10262.77',
       FILTER: 'PASS',
       AC: '36',
       AF: '0.783',
       AN: '46',
       BaseQRankSum: '0.00',
       ClippingRankSum: '0.00',
       DP: '32',
       ExcessHet: '0.6699',
       FS: '4.079',
       InbreedingCoeff: '0.1845',
       MLEAC: '37',
       MLEAF: '0.804',
       MQ: '60.00',
       MQRankSum: '0.00',
       QD: '23.87',
       ReadPosRankSum: '0.185',
       SOR: '0.410',
       Allele: 'A',
       GT: '0/1',
       AD: '14,18',
       GQ: '99',
       PL: '410,0,354' },
     { CHROM: 'chr2',
       POS: '29432408',
       ID: '20170224_02_Cancer',
       REF: 'CAAAA',
       ALT: 'C,CAAA',
       QUAL: '1407.32',
       FILTER: 'PASS',
       AC: '4,12',
       AF: '0.105,0.316',
       AN: '38',
       BaseQRankSum: '-3.190e-01',
       ClippingRankSum: '0.00',
       DP: '13',
       ExcessHet: '20.9216',
       FS: '6.402',
       InbreedingCoeff: '-0.4368',
       MLEAC: '2,7',
       MLEAF: '0.053,0.184',
       MQ: '60.16',
       MQRankSum: '0.00',
       QD: '15.30',
       ReadPosRankSum: '0.00',
       SOR: '1.644',
       Allele: '-',
       GT: '0/2',
       AD: '4,1,3',
       GQ: '5',
       PL: '45,5,463,0,70,81' },
     { CHROM: 'chr2',
       POS: '29436633',
       ID: '20170224_02_Cancer',
       REF: 'G',
       ALT: 'T',
       QUAL: '12070.87',
       FILTER: 'PASS',
       AC: '18',
       AF: '0.409',
       AN: '44',
       BaseQRankSum: '-8.690e-01',
       ClippingRankSum: '0.00',
       DP: '66',
       ExcessHet: '0.5575',
       FS: '0.625',
       InbreedingCoeff: '0.2358',
       MLEAC: '18',
       MLEAF: '0.409',
       MQ: '60.00',
       MQRankSum: '0.00',
       QD: '19.56',
       ReadPosRankSum: '0.800',
       SOR: '0.600',
       Allele: 'T',
       GT: '0/1',
       AD: '32,34',
       GQ: '99',
       PL: '779,0,828' },
     { CHROM: 'chr2',
       POS: '29446202',
       ID: '20170224_02_Cancer',
       REF: 'G',
       ALT: 'A',
       QUAL: '29297.61',
       FILTER: 'PASS',
       AC: '16',
       AF: '0.348',
       AN: '46',
       BaseQRankSum: '-1.125e+00',
       ClippingRankSum: '0.00',
       DP: '227',
       ExcessHet: '0.1062',
       FS: '0.000',
       InbreedingCoeff: '0.4250',
       MLEAC: '16',
       MLEAF: '0.348',
       MQ: '60.00',
       MQRankSum: '0.00',
       QD: '18.22',
       ReadPosRankSum: '-6.500e-02',
       SOR: '0.739',
       Allele: 'A',
       GT: '0/1',
       AD: '109,118',
       GQ: '99',
       PL: '2387,0,2274' },
     { CHROM: 'chr2',
       POS: '29449526',
       ID: '20170224_02_Cancer',
       REF: 'C',
       ALT: 'T',
       QUAL: '245.97',
       FILTER: 'PASS',
       AC: '3',
       AF: '0.125',
       AN: '24',
       BaseQRankSum: '-2.166e+00',
       ClippingRankSum: '0.00',
       DP: '11',
       ExcessHet: '3.6798',
       FS: '0.000',
       InbreedingCoeff: '-0.2014',
       MLEAC: '3',
       MLEAF: '0.125',
       MQ: '60.00',
       MQRankSum: '0.00',
       QD: '10.69',
       ReadPosRankSum: '-4.310e-01',
       SOR: '0.481',
       Allele: 'T',
       GT: '0/1',
       AD: '7,4',
       GQ: '99',
       PL: '111,0,249' },
     { CHROM: 'chr2',
       POS: '29454901',
       ID: '20170224_02_Cancer',
       REF: 'G',
       ALT: 'GCAAGTTGGTAAAACC',
       QUAL: '6781.84',
       FILTER: 'PASS',
       AC: '22',
       AF: '0.846',
       AN: '26',
       BaseQRankSum: '-1.920e-01',
       ClippingRankSum: '0.00',
       DP: '21',
       ExcessHet: '4.1725',
       FS: '0.000',
       InbreedingCoeff: '-0.1839',
       MLEAC: '22',
       MLEAF: '0.846',
       MQ: '58.69',
       MQRankSum: '0.00',
       QD: '32.93',
       ReadPosRankSum: '0.176',
       SOR: '2.380',
       Allele: 'CAAGTTGGTAAAACC',
       GT: '0/1',
       AD: '10,11',
       GQ: '99',
       PL: '516,0,1578' },
     { CHROM: 'chr2',
       POS: '29455016',
       ID: '20170224_02_Cancer',
       REF: 'C',
       ALT: 'T',
       QUAL: '46519.43',
       FILTER: 'PASS',
       AC: '38',
       AF: '0.826',
       AN: '46',
       BaseQRankSum: '0.00',
       ClippingRankSum: '0.00',
       DP: '154',
       ExcessHet: '6.1884',
       FS: '0.705',
       InbreedingCoeff: '-0.2105',
       MLEAC: '38',
       MLEAF: '0.826',
       MQ: '60.00',
       MQRankSum: '0.00',
       QD: '21.59',
       ReadPosRankSum: '-4.100e-01',
       SOR: '0.747',
       Allele: 'T',
       GT: '0/1',
       AD: '68,86',
       GQ: '99',
       PL: '1915,0,1384' },
     { CHROM: 'chr2',
       POS: '29455267',
       ID: '20170224_02_Cancer',
       REF: 'A',
       ALT: 'G',
       QUAL: '48347.29',
       FILTER: 'PASS',
       AC: '40',
       AF: '0.833',
       AN: '48',
       BaseQRankSum: '-1.010e-01',
       ClippingRankSum: '0.00',
       DP: '127',
       ExcessHet: '6.0297',
       FS: '0.000',
       InbreedingCoeff: '-0.2061',
       MLEAC: '40',
       MLEAF: '0.833',
       MQ: '60.00',
       MQRankSum: '0.00',
       QD: '21.75',
       ReadPosRankSum: '-5.270e-01',
       SOR: '0.691',
       Allele: 'G',
       GT: '0/1',
       AD: '53,74',
       GQ: '99',
       PL: '1681,0,1053' },
     { CHROM: 'chr2',
       POS: '29473838',
       ID: '20170224_02_Cancer',
       REF: 'C',
       ALT: 'A',
       QUAL: '1582.89',
       FILTER: 'PASS',
       AC: '1',
       AF: '0.022',
       AN: '46',
       BaseQRankSum: '-9.190e-01',
       ClippingRankSum: '0.00',
       DP: '163',
       ExcessHet: '3.0103',
       FS: '1.941',
       InbreedingCoeff: '-0.0222',
       MLEAC: '1',
       MLEAF: '0.022',
       MQ: '60.00',
       MQRankSum: '0.00',
       QD: '9.71',
       ReadPosRankSum: '-2.430e-01',
       SOR: '0.684',
       Allele: 'A',
       GT: '0/1',
       AD: '82,81',
       GQ: '99',
       PL: '1620,0,1680' },
     { CHROM: 'chr2',
       POS: '29497967',
       ID: '20170224_02_Cancer',
       REF: 'G',
       ALT: 'A',
       QUAL: '3388.80',
       FILTER: 'PASS',
       AC: '1',
       AF: '0.021',
       AN: '48',
       BaseQRankSum: '-2.763e+00',
       ClippingRankSum: '0.00',
       DP: '390',
       ExcessHet: '3.0103',
       FS: '2.669',
       InbreedingCoeff: '-0.0256',
       MLEAC: '1',
       MLEAF: '0.021',
       MQ: '60.00',
       MQRankSum: '0.00',
       QD: '8.69',
       ReadPosRankSum: '-2.455e+00',
       SOR: '0.566',
       Allele: 'A',
       GT: '0/1',
       AD: '211,179',
       GQ: '99',
       PL: '3426,0,4711' },
     { CHROM: 'chr2',
       POS: '29498210',
       ID: '20170224_02_Cancer',
       REF: 'A',
       ALT: 'G',
       QUAL: '20419.33',
       FILTER: 'PASS',
       AC: '44',
       AF: '0.957',
       AN: '46',
       BaseQRankSum: '0.103',
       ClippingRankSum: '0.00',
       DP: '53',
       ExcessHet: '0.0485',
       FS: '0.000',
       InbreedingCoeff: '0.8498',
       MLEAC: '45',
       MLEAF: '0.978',
       MQ: '60.00',
       MQRankSum: '0.00',
       QD: '30.21',
       ReadPosRankSum: '1.46',
       SOR: '0.472',
       Allele: 'G',
       GT: '1/1',
       AD: '0,53',
       GQ: '99',
       PL: '1505,159,0' },
     { CHROM: 'chr2',
       POS: '29519622',
       ID: '20170224_02_Cancer',
       REF: 'C',
       ALT: 'T',
       QUAL: '28776.11',
       FILTER: 'PASS',
       AC: '43',
       AF: '0.935',
       AN: '46',
       BaseQRankSum: '-5.660e-01',
       ClippingRankSum: '0.00',
       DP: '92',
       ExcessHet: '3.3099',
       FS: '1.284',
       InbreedingCoeff: '-0.0603',
       MLEAC: '44',
       MLEAF: '0.957',
       MQ: '60.03',
       MQRankSum: '-1.012e+00',
       QD: '25.15',
       ReadPosRankSum: '1.20',
       SOR: '0.465',
       Allele: 'T',
       GT: '1/1',
       AD: '0,92',
       GQ: '99',
       PL: '2429,275,0' },
     { CHROM: 'chr2',
       POS: '29520085',
       ID: '20170224_02_Cancer',
       REF: 'G',
       ALT: 'A',
       QUAL: '2177.77',
       FILTER: 'PASS',
       AC: '22',
       AF: '1.00',
       AN: '22',
       BaseQRankSum: '-',
       ClippingRankSum: '-',
       DP: '4',
       ExcessHet: '3.0103',
       FS: '0.000',
       InbreedingCoeff: '-0.0264',
       MLEAC: '22',
       MLEAF: '1.00',
       MQ: '58.55',
       MQRankSum: '-',
       QD: '30.83',
       ReadPosRankSum: '-',
       SOR: '8.222',
       Allele: 'A',
       GT: '1/1',
       AD: '0,4',
       GQ: '12',
       PL: '150,12,0' },
     { CHROM: 'chr2',
       POS: '29541104',
       ID: '20170224_02_Cancer',
       REF: 'C',
       ALT: 'T',
       QUAL: '11359.89',
       FILTER: 'PASS',
       AC: '31',
       AF: '0.738',
       AN: '42',
       BaseQRankSum: '-4.210e-01',
       ClippingRankSum: '0.00',
       DP: '45',
       ExcessHet: '10.7378',
       FS: '0.000',
       InbreedingCoeff: '-0.3610',
       MLEAC: '31',
       MLEAF: '0.738',
       MQ: '60.00',
       MQRankSum: '0.00',
       QD: '17.58',
       ReadPosRankSum: '0.436',
       SOR: '0.690',
       Allele: 'T',
       GT: '1/1',
       AD: '0,45',
       GQ: '99',
       PL: '1201,134,0' },
     { CHROM: 'chr2',
       POS: '29543663',
       ID: '20170224_02_Cancer',
       REF: 'T',
       ALT: 'C',
       QUAL: '23768.60',
       FILTER: 'PASS',
       AC: '40',
       AF: '0.909',
       AN: '44',
       BaseQRankSum: '0.968',
       ClippingRankSum: '0.00',
       DP: '64',
       ExcessHet: '3.6544',
       FS: '2.053',
       InbreedingCoeff: '-0.1000',
       MLEAC: '40',
       MLEAF: '0.909',
       MQ: '60.00',
       MQRankSum: '0.00',
       QD: '25.29',
       ReadPosRankSum: '0.239',
       SOR: '0.471',
       Allele: 'C',
       GT: '1/1',
       AD: '0,64',
       GQ: '99',
       PL: '1865,192,0' },
     { CHROM: 'chr2',
       POS: '29551161',
       ID: '20170224_02_Cancer',
       REF: 'G',
       ALT: 'A',
       QUAL: '11381.79',
       FILTER: 'PASS',
       AC: '14',
       AF: '0.304',
       AN: '46',
       BaseQRankSum: '0.219',
       ClippingRankSum: '0.00',
       DP: '112',
       ExcessHet: '0.9164',
       FS: '1.115',
       InbreedingCoeff: '0.1786',
       MLEAC: '14',
       MLEAF: '0.304',
       MQ: '60.00',
       MQRankSum: '0.00',
       QD: '12.65',
       ReadPosRankSum: '-2.340e-01',
       SOR: '0.798',
       Allele: 'A',
       GT: '0/1',
       AD: '63,49',
       GQ: '99',
       PL: '951,0,1252' },
     { CHROM: 'chr2',
       POS: '29754378',
       ID: '20170224_02_Cancer',
       REF: 'A',
       ALT: 'G',
       QUAL: '1041.65',
       FILTER: 'PASS',
       AC: '11',
       AF: '0.611',
       AN: '18',
       BaseQRankSum: '1.38',
       ClippingRankSum: '0.00',
       DP: '4',
       ExcessHet: '0.0693',
       FS: '0.000',
       InbreedingCoeff: '-',
       MLEAC: '13',
       MLEAF: '0.722',
       MQ: '57.21',
       MQRankSum: '0.00',
       QD: '34.72',
       ReadPosRankSum: '0.00',
       SOR: '4.548',
       Allele: 'G',
       GT: '0/1',
       AD: '2,2',
       GQ: '60',
       PL: '69,0,60' },
     { CHROM: 'chr2',
       POS: '29754433',
       ID: '20170224_02_Cancer',
       REF: 'T',
       ALT: 'C',
       QUAL: '95.15',
       FILTER: 'PASS',
       AC: '2',
       AF: '0.091',
       AN: '22',
       BaseQRankSum: '1.65',
       ClippingRankSum: '0.00',
       DP: '3',
       ExcessHet: '3.2451',
       FS: '0.000',
       InbreedingCoeff: '-0.1656',
       MLEAC: '2',
       MLEAF: '0.091',
       MQ: '53.67',
       MQRankSum: '0.00',
       QD: '11.89',
       ReadPosRankSum: '1.04',
       SOR: '0.693',
       Allele: 'C',
       GT: '0/1',
       AD: '1,2',
       GQ: '28',
       PL: '70,0,28' },
     { CHROM: 'chr2',
       POS: '29754721',
       ID: '20170224_02_Cancer',
       REF: 'T',
       ALT: 'C',
       QUAL: '21848.43',
       FILTER: 'PASS',
       AC: '8',
       AF: '0.174',
       AN: '46',
       BaseQRankSum: '0.213',
       ClippingRankSum: '0.00',
       DP: '331',
       ExcessHet: '6.1884',
       FS: '0.000',
       InbreedingCoeff: '-0.2105',
       MLEAC: '8',
       MLEAF: '0.174',
       MQ: '60.00',
       MQRankSum: '0.00',
       QD: '9.63',
       ReadPosRankSum: '1.36',
       SOR: '0.662',
       Allele: 'C',
       GT: '0/1',
       AD: '166,165',
       GQ: '99',
       PL: '3382,0,3435' },
     { CHROM: 'chr2',
       POS: '29917940',
       ID: '20170224_02_Cancer',
       REF: 'C',
       ALT: 'G',
       QUAL: '48952.87',
       FILTER: 'PASS',
       AC: '30',
       AF: '0.652',
       AN: '46',
       BaseQRankSum: '0.220',
       ClippingRankSum: '0.00',
       DP: '159',
       ExcessHet: '11.1367',
       FS: '0.000',
       InbreedingCoeff: '-0.3417',
       MLEAC: '30',
       MLEAF: '0.652',
       MQ: '59.99',
       MQRankSum: '0.00',
       QD: '15.96',
       ReadPosRankSum: '0.780',
       SOR: '0.714',
       Allele: 'G',
       GT: '1/1',
       AD: '0,159',
       GQ: '99',
       PL: '4291,476,0' },
     { CHROM: 'chr2',
       POS: '29940529',
       ID: '20170224_02_Cancer',
       REF: 'A',
       ALT: 'T',
       QUAL: '36246.22',
       FILTER: 'PASS',
       AC: '29',
       AF: '0.630',
       AN: '46',
       BaseQRankSum: '0.00',
       ClippingRankSum: '0.00',
       DP: '181',
       ExcessHet: '6.9563',
       FS: '0.000',
       InbreedingCoeff: '-0.2130',
       MLEAC: '29',
       MLEAF: '0.630',
       MQ: '60.00',
       MQRankSum: '0.00',
       QD: '13.71',
       ReadPosRankSum: '-3.310e-01',
       SOR: '0.672',
       Allele: 'T',
       GT: '1/1',
       AD: '4,177',
       GQ: '99',
       PL: '4549,443,0' },
     { CHROM: 'chr2',
       POS: '29940820',
       ID: '20170224_02_Cancer',
       REF: 'C',
       ALT: 'T',
       QUAL: '135.03',
       FILTER: 'FILTER',
       AC: '5',
       AF: '0.357',
       AN: '14',
       BaseQRankSum: '-1.383e+00',
       ClippingRankSum: '0.00',
       DP: '2',
       ExcessHet: '0.3421',
       FS: '0.000',
       InbreedingCoeff: '-',
       MLEAC: '6',
       MLEAF: '0.429',
       MQ: '56.12',
       MQRankSum: '0.00',
       QD: '22.50',
       ReadPosRankSum: '0.00',
       SOR: '1.609',
       Allele: 'T',
       GT: '1/1',
       AD: '0,2',
       GQ: '6',
       PL: '71,6,0' },
     { CHROM: 'chr2',
       POS: '30143499',
       ID: '20170224_02_Cancer',
       REF: 'G',
       ALT: 'C',
       QUAL: '62588.86',
       FILTER: 'PASS',
       AC: '40',
       AF: '0.870',
       AN: '46',
       BaseQRankSum: '0.00',
       ClippingRankSum: '0.00',
       DP: '153',
       ExcessHet: '4.6235',
       FS: '0.000',
       InbreedingCoeff: '-0.1500',
       MLEAC: '40',
       MLEAF: '0.870',
       MQ: '60.00',
       MQRankSum: '0.00',
       QD: '26.01',
       ReadPosRankSum: '0.700',
       SOR: '0.612',
       Allele: 'C',
       GT: '1/1',
       AD: '0,153',
       GQ: '99',
       PL: '4831,457,0' },
     { CHROM: 'chr2',
       POS: '43553949',
       ID: '20170224_02_Cancer',
       REF: 'T',
       ALT: 'C',
       QUAL: '59591.47',
       FILTER: 'PASS',
       AC: '36',
       AF: '0.783',
       AN: '46',
       BaseQRankSum: '-3.930e-01',
       ClippingRankSum: '0.00',
       DP: '203',
       ExcessHet: '0.6699',
       FS: '0.000',
       InbreedingCoeff: '0.2333',
       MLEAC: '36',
       MLEAF: '0.783',
       MQ: '60.00',
       MQRankSum: '0.00',
       QD: '19.98',
       ReadPosRankSum: '-1.361e+00',
       SOR: '0.718',
       Allele: 'C',
       GT: '1/1',
       AD: '0,203',
       GQ: '99',
       PL: '5612,608,0' },
     { CHROM: 'chr2',
       POS: '46537604',
       ID: '20170224_02_Cancer',
       REF: 'A',
       ALT: 'G',
       QUAL: '34462.67',
       FILTER: 'PASS',
       AC: '30',
       AF: '0.652',
       AN: '46',
       BaseQRankSum: '0.412',
       ClippingRankSum: '0.00',
       DP: '121',
       ExcessHet: '5.3560',
       FS: '0.000',
       InbreedingCoeff: '-0.1500',
       MLEAC: '30',
       MLEAF: '0.652',
       MQ: '60.00',
       MQRankSum: '0.00',
       QD: '14.92',
       ReadPosRankSum: '-5.600e-01',
       SOR: '0.696',
       Allele: 'G',
       GT: '1/1',
       AD: '0,121',
       GQ: '99',
       PL: '3293,362,0' },
     { CHROM: 'chr2',
       POS: '47601106',
       ID: '20170224_02_Cancer',
       REF: 'T',
       ALT: 'C',
       QUAL: '5544.34',
       FILTER: 'PASS',
       AC: '17',
       AF: '0.405',
       AN: '42',
       BaseQRankSum: '-3.850e-01',
       ClippingRankSum: '0.00',
       DP: '31',
       ExcessHet: '8.6450',
       FS: '2.792',
       InbreedingCoeff: '-0.3042',
       MLEAC: '17',
       MLEAF: '0.405',
       MQ: '59.92',
       MQRankSum: '0.00',
       QD: '14.63',
       ReadPosRankSum: '0.168',
       SOR: '0.551',
       Allele: 'C',
       GT: '0/1',
       AD: '15,16',
       GQ: '99',
       PL: '398,0,455' },
     { CHROM: 'chr2',
       POS: '47602178',
       ID: '20170224_02_Cancer',
       REF: 'A',
       ALT: 'T',
       QUAL: '393.15',
       FILTER: 'PASS',
       AC: '3',
       AF: '0.094',
       AN: '32',
       BaseQRankSum: '1.65',
       ClippingRankSum: '0.00',
       DP: '10',
       ExcessHet: '3.4523',
       FS: '0.000',
       InbreedingCoeff: '-0.1374',
       MLEAC: '3',
       MLEAF: '0.094',
       MQ: '60.00',
       MQRankSum: '0.00',
       QD: '15.73',
       ReadPosRankSum: '0.253',
       SOR: '0.770',
       Allele: 'T',
       GT: '0/1',
       AD: '6,4',
       GQ: '99',
       PL: '132,0,172' },
     { CHROM: 'chr2',
       POS: '47606774',
       ID: '20170224_02_Cancer',
       REF: 'A',
       ALT: 'G',
       QUAL: '12664.49',
       FILTER: 'PASS',
       AC: '18',
       AF: '0.391',
       AN: '46',
       BaseQRankSum: '2.34',
       ClippingRankSum: '0.00',
       DP: '91',
       ExcessHet: '4.8518',
       FS: '1.236',
       InbreedingCoeff: '-0.1304',
       MLEAC: '19',
       MLEAF: '0.413',
       MQ: '60.00',
       MQRankSum: '0.00',
       QD: '15.65',
       ReadPosRankSum: '-5.080e-01',
       SOR: '0.805',
       Allele: 'G',
       GT: '0/1',
       AD: '52,39',
       GQ: '99',
       PL: '1090,0,1150' },
     { CHROM: 'chr2',
       POS: '47612224',
       ID: '20170224_02_Cancer',
       REF: 'C',
       ALT: 'T',
       QUAL: '9389.33',
       FILTER: 'PASS',
       AC: '14',
       AF: '0.304',
       AN: '46',
       BaseQRankSum: '-4.600e-02',
       ClippingRankSum: '0.00',
       DP: '84',
       ExcessHet: '3.0082',
       FS: '1.165',
       InbreedingCoeff: '-0.0435',
       MLEAC: '14',
       MLEAF: '0.304',
       MQ: '60.00',
       MQRankSum: '0.00',
       QD: '14.31',
       ReadPosRankSum: '-3.100e-01',
       SOR: '0.824',
       Allele: 'T',
       GT: '0/1',
       AD: '49,35',
       GQ: '99',
       PL: '883,0,1230' },
     { CHROM: 'chr2',
       POS: '47613870',
       ID: '20170224_02_Cancer',
       REF: 'T',
       ALT: 'C',
       QUAL: '680.19',
       FILTER: 'PASS',
       AC: '5',
       AF: '0.132',
       AN: '38',
       BaseQRankSum: '1.44',
       ClippingRankSum: '0.00',
       DP: '16',
       ExcessHet: '4.3103',
       FS: '0.000',
       InbreedingCoeff: '-0.1940',
       MLEAC: '5',
       MLEAF: '0.132',
       MQ: '60.00',
       MQRankSum: '0.00',
       QD: '10.80',
       ReadPosRankSum: '0.105',
       SOR: '0.559',
       Allele: 'C',
       GT: '0/1',
       AD: '10,6',
       GQ: '99',
       PL: '168,0,270' },
     { CHROM: 'chr2',
       POS: '47630213',
       ID: '20170224_02_Cancer',
       REF: 'T',
       ALT: 'C',
       QUAL: '1468.19',
       FILTER: 'PASS',
       AC: '6',
       AF: '0.136',
       AN: '44',
       BaseQRankSum: '3.20',
       ClippingRankSum: '0.00',
       DP: '39',
       ExcessHet: '4.7078',
       FS: '8.604',
       InbreedingCoeff: '-0.1594',
       MLEAC: '6',
       MLEAF: '0.136',
       MQ: '60.00',
       MQRankSum: '0.00',
       QD: '11.75',
       ReadPosRankSum: '0.936',
       SOR: '1.742',
       Allele: 'C',
       GT: '0/1',
       AD: '21,18',
       GQ: '99',
       PL: '531,0,585' },
     { CHROM: 'chr2',
       POS: '47630550',
       ID: '20170224_02_Cancer',
       REF: 'C',
       ALT: 'G',
       QUAL: '3790.33',
       FILTER: 'PASS',
       AC: '17',
       AF: '0.386',
       AN: '44',
       BaseQRankSum: '1.40',
       ClippingRankSum: '0.00',
       DP: '29',
       ExcessHet: '3.4736',
       FS: '0.482',
       InbreedingCoeff: '-0.1307',
       MLEAC: '18',
       MLEAF: '0.409',
       MQ: '60.00',
       MQRankSum: '0.00',
       QD: '14.36',
       ReadPosRankSum: '-1.070e-01',
       SOR: '0.759',
       Allele: 'G',
       GT: '0/1',
       AD: '19,10',
       GQ: '99',
       PL: '249,0,389' },
     { CHROM: 'chr2',
       POS: '47630639',
       ID: '20170224_02_Cancer',
       REF: 'T',
       ALT: 'C',
       QUAL: '754.03',
       FILTER: 'PASS',
       AC: '10',
       AF: '0.455',
       AN: '22',
       BaseQRankSum: '-7.320e-01',
       ClippingRankSum: '0.00',
       DP: '8',
       ExcessHet: '0.8963',
       FS: '3.928',
       InbreedingCoeff: '0.0629',
       MLEAC: '11',
       MLEAF: '0.500',
       MQ: '54.67',
       MQRankSum: '0.00',
       QD: '17.14',
       ReadPosRankSum: '0.489',
       SOR: '2.472',
       Allele: 'C',
       GT: '0/1',
       AD: '5,3',
       GQ: '84',
       PL: '84,0,137' },
     { CHROM: 'chr2',
       POS: '47635523',
       ID: '20170224_02_Cancer',
       REF: 'CT',
       ALT: 'C,CTT',
       QUAL: '5085.78',
       FILTER: 'PASS',
       AC: '12,11',
       AF: '0.261,0.239',
       AN: '46',
       BaseQRankSum: '-1.600e-01',
       ClippingRankSum: '0.00',
       DP: '134',
       ExcessHet: '62.9292',
       FS: '1.176',
       InbreedingCoeff: '-0.9713',
       MLEAC: '12,10',
       MLEAF: '0.261,0.217',
       MQ: '60.01',
       MQRankSum: '0.00',
       QD: '2.14',
       ReadPosRankSum: '0.584',
       SOR: '0.610',
       Allele: '-',
       GT: '0/1',
       AD: '79,29,14',
       GQ: '99',
       PL: '367,0,1939,327,1346,2211' },
     { CHROM: 'chr2',
       POS: '47637065',
       ID: '20170224_02_Cancer',
       REF: 'C',
       ALT: 'T',
       QUAL: '544.56',
       FILTER: 'PASS',
       AC: '3',
       AF: '0.075',
       AN: '40',
       BaseQRankSum: '-2.351e+00',
       ClippingRankSum: '0.00',
       DP: '17',
       ExcessHet: '3.3579',
       FS: '0.000',
       InbreedingCoeff: '-0.1276',
       MLEAC: '3',
       MLEAF: '0.075',
       MQ: '59.31',
       MQRankSum: '0.00',
       QD: '12.66',
       ReadPosRankSum: '0.330',
       SOR: '0.569',
       Allele: 'T',
       GT: '0/1',
       AD: '7,10',
       GQ: '99',
       PL: '318,0,227' },
     { CHROM: 'chr2',
       POS: '47639329',
       ID: '20170224_02_Cancer',
       REF: 'A',
       ALT: 'G',
       QUAL: '533.67',
       FILTER: 'PASS',
       AC: '3',
       AF: '0.079',
       AN: '38',
       BaseQRankSum: '2.17',
       ClippingRankSum: '0.00',
       DP: '13',
       ExcessHet: '3.3775',
       FS: '0.000',
       InbreedingCoeff: '-0.1436',
       MLEAC: '3',
       MLEAF: '0.079',
       MQ: '59.28',
       MQRankSum: '0.00',
       QD: '13.02',
       ReadPosRankSum: '0.396',
       SOR: '0.563',
       Allele: 'G',
       GT: '0/1',
       AD: '9,4',
       GQ: '99',
       PL: '120,0,291' },
     { CHROM: 'chr2',
       POS: '47643191',
       ID: '20170224_02_Cancer',
       REF: 'C',
       ALT: 'G',
       QUAL: '4427.14',
       FILTER: 'PASS',
       AC: '13',
       AF: '0.406',
       AN: '32',
       BaseQRankSum: '1.13',
       ClippingRankSum: '0.00',
       DP: '14',
       ExcessHet: '1.7191',
       FS: '0.000',
       InbreedingCoeff: '-0.0235',
       MLEAC: '14',
       MLEAF: '0.438',
       MQ: '59.64',
       MQRankSum: '0.00',
       QD: '26.67',
       ReadPosRankSum: '0.023',
       SOR: '2.084',
       Allele: 'G',
       GT: '0/1',
       AD: '7,7',
       GQ: '99',
       PL: '232,0,237' },
     { CHROM: 'chr2',
       POS: '47656801',
       ID: '20170224_02_Cancer',
       REF: 'G',
       ALT: 'A',
       QUAL: '30139.14',
       FILTER: 'PASS',
       AC: '18',
       AF: '0.391',
       AN: '46',
       BaseQRankSum: '-1.825e+00',
       ClippingRankSum: '0.00',
       DP: '162',
       ExcessHet: '4.2471',
       FS: '0.000',
       InbreedingCoeff: '-0.0949',
       MLEAC: '18',
       MLEAF: '0.391',
       MQ: '60.00',
       MQRankSum: '0.00',
       QD: '20.59',
       ReadPosRankSum: '1.00',
       SOR: '0.666',
       Allele: 'A',
       GT: '0/1',
       AD: '80,82',
       GQ: '99',
       PL: '2222,0,2379' },
     { CHROM: 'chr2',
       POS: '47657196',
       ID: '20170224_02_Cancer',
       REF: 'CTT',
       ALT: 'CT,C',
       QUAL: '392.11',
       FILTER: 'PASS',
       AC: '4,3',
       AF: '0.167,0.125',
       AN: '24',
       BaseQRankSum: '0.674',
       ClippingRankSum: '0.00',
       DP: '3',
       ExcessHet: '0.7145',
       FS: '0.000',
       InbreedingCoeff: '0.2984',
       MLEAC: '3,3',
       MLEAF: '0.125,0.125',
       MQ: '62.52',
       MQRankSum: '0.00',
       QD: '17.82',
       ReadPosRankSum: '0.00',
       SOR: '0.914',
       Allele: 'T',
       GT: '0/1',
       AD: '2,1,0',
       GQ: '14',
       PL: '14,0,40,20,43,63' },
     { CHROM: 'chr2',
       POS: '47672475',
       ID: '20170224_02_Cancer',
       REF: 'T',
       ALT: 'A',
       QUAL: '3562.37',
       FILTER: 'PASS',
       AC: '10',
       AF: '0.238',
       AN: '42',
       BaseQRankSum: '-1.813e+00',
       ClippingRankSum: '0.00',
       DP: '29',
       ExcessHet: '0.8113',
       FS: '0.000',
       InbreedingCoeff: '0.0946',
       MLEAC: '10',
       MLEAF: '0.238',
       MQ: '59.68',
       MQRankSum: '0.00',
       QD: '18.95',
       ReadPosRankSum: '-1.300e-01',
       SOR: '1.061',
       Allele: 'A',
       GT: '0/1',
       AD: '13,16',
       GQ: '99',
       PL: '524,0,421' },
     { CHROM: 'chr2',
       POS: '47672569',
       ID: '20170224_02_Cancer',
       REF: 'G',
       ALT: 'A',
       QUAL: '38722.51',
       FILTER: 'PASS',
       AC: '23',
       AF: '0.500',
       AN: '46',
       BaseQRankSum: '-1.943e+00',
       ClippingRankSum: '0.00',
       DP: '147',
       ExcessHet: '9.8317',
       FS: '0.000',
       InbreedingCoeff: '-0.3043',
       MLEAC: '23',
       MLEAF: '0.500',
       MQ: '59.99',
       MQRankSum: '0.00',
       QD: '17.71',
       ReadPosRankSum: '-5.070e-01',
       SOR: '0.656',
       Allele: 'A',
       GT: '0/1',
       AD: '74,73',
       GQ: '99',
       PL: '2051,0,2221' },
     { CHROM: 'chr2',
       POS: '47690404',
       ID: '20170224_02_Cancer',
       REF: 'T',
       ALT: 'C',
       QUAL: '2351.24',
       FILTER: 'PASS',
       AC: '8',
       AF: '0.267',
       AN: '30',
       BaseQRankSum: '2.19',
       ClippingRankSum: '0.00',
       DP: '20',
       ExcessHet: '3.5286',
       FS: '0.000',
       InbreedingCoeff: '-0.1358',
       MLEAC: '9',
       MLEAF: '0.300',
       MQ: '59.68',
       MQRankSum: '0.00',
       QD: '25.56',
       ReadPosRankSum: '0.084',
       SOR: '1.346',
       Allele: 'C',
       GT: '0/1',
       AD: '11,9',
       GQ: '99',
       PL: '345,0,1011' },
     { CHROM: 'chr2',
       POS: '47690408',
       ID: '20170224_02_Cancer',
       REF: 'A',
       ALT: 'G',
       QUAL: '1974.02',
       FILTER: 'PASS',
       AC: '7',
       AF: '0.233',
       AN: '30',
       BaseQRankSum: '1.98',
       ClippingRankSum: '0.00',
       DP: '20',
       ExcessHet: '2.5425',
       FS: '0.000',
       InbreedingCoeff: '-0.0476',
       MLEAC: '8',
       MLEAF: '0.267',
       MQ: '60.00',
       MQRankSum: '0.00',
       QD: '27.80',
       ReadPosRankSum: '0.084',
       SOR: '1.745',
       Allele: 'G',
       GT: '0/1',
       AD: '11,9',
       GQ: '99',
       PL: '345,0,1011' },
     { CHROM: 'chr2',
       POS: '47690411',
       ID: '20170224_02_Cancer',
       REF: 'T',
       ALT: 'C',
       QUAL: '2349.69',
       FILTER: 'PASS',
       AC: '8',
       AF: '0.286',
       AN: '28',
       BaseQRankSum: '2.10',
       ClippingRankSum: '0.00',
       DP: '15',
       ExcessHet: '3.8786',
       FS: '0.000',
       InbreedingCoeff: '-0.1410',
       MLEAC: '9',
       MLEAF: '0.321',
       MQ: '60.00',
       MQRankSum: '0.00',
       QD: '30.12',
       ReadPosRankSum: '0.431',
       SOR: '1.329',
       Allele: 'C',
       GT: '0/1',
       AD: '9,6',
       GQ: '99',
       PL: '342,0,1044' },
     { CHROM: 'chr2',
       POS: '47693706',
       ID: '20170224_02_Cancer',
       REF: 'G',
       ALT: 'T',
       QUAL: '9681.66',
       FILTER: 'PASS',
       AC: '14',
       AF: '0.304',
       AN: '46',
       BaseQRankSum: '-1.938e+00',
       ClippingRankSum: '0.00',
       DP: '93',
       ExcessHet: '3.0082',
       FS: '6.103',
       InbreedingCoeff: '-0.0467',
       MLEAC: '14',
       MLEAF: '0.304',
       MQ: '59.95',
       MQRankSum: '0.00',
       QD: '15.08',
       ReadPosRankSum: '1.01',
       SOR: '0.378',
       Allele: 'T',
       GT: '0/1',
       AD: '45,48',
       GQ: '99',
       PL: '1288,0,1278' },
     { CHROM: 'chr2',
       POS: '47693788',
       ID: '20170224_02_Cancer',
       REF: 'A',
       ALT: 'T',
       QUAL: '8395.41',
       FILTER: 'PASS',
       AC: '9',
       AF: '0.188',
       AN: '48',
       BaseQRankSum: '0.632',
       ClippingRankSum: '0.00',
       DP: '175',
       ExcessHet: '0.3736',
       FS: '1.769',
       InbreedingCoeff: '0.2763',
       MLEAC: '8',
       MLEAF: '0.167',
       MQ: '60.00',
       MQRankSum: '0.00',
       QD: '13.33',
       ReadPosRankSum: '-7.420e-01',
       SOR: '0.568',
       Allele: 'T',
       GT: '0/1',
       AD: '76,99',
       GQ: '99',
       PL: '2217,0,1707' },
     { CHROM: 'chr2',
       POS: '47693959',
       ID: '20170224_02_Cancer',
       REF: 'G',
       ALT: 'A',
       QUAL: '17997.82',
       FILTER: 'PASS',
       AC: '14',
       AF: '0.304',
       AN: '46',
       BaseQRankSum: '-4.510e-01',
       ClippingRankSum: '0.00',
       DP: '204',
       ExcessHet: '3.0082',
       FS: '0.000',
       InbreedingCoeff: '-0.0269',
       MLEAC: '14',
       MLEAF: '0.304',
       MQ: '60.00',
       MQRankSum: '0.00',
       QD: '13.60',
       ReadPosRankSum: '-9.300e-02',
       SOR: '0.684',
       Allele: 'A',
       GT: '0/1',
       AD: '97,107',
       GQ: '99',
       PL: '2441,0,2359' },
     { CHROM: 'chr2',
       POS: '47698308',
       ID: '20170224_02_Cancer',
       REF: 'A',
       ALT: 'G',
       QUAL: '7918.62',
       FILTER: 'PASS',
       AC: '11',
       AF: '0.262',
       AN: '42',
       BaseQRankSum: '2.65',
       ClippingRankSum: '0.00',
       DP: '47',
       ExcessHet: '1.5579',
       FS: '0.000',
       InbreedingCoeff: '0.0294',
       MLEAC: '12',
       MLEAF: '0.286',
       MQ: '60.00',
       MQRankSum: '0.00',
       QD: '19.75',
       ReadPosRankSum: '0.035',
       SOR: '1.071',
       Allele: 'G',
       GT: '0/1',
       AD: '23,24',
       GQ: '99',
       PL: '785,0,704' },
     { CHROM: 'chr2',
       POS: '47698384',
       ID: '20170224_02_Cancer',
       REF: 'G',
       ALT: 'A',
       QUAL: '1079.79',
       FILTER: 'PASS',
       AC: '8',
       AF: '0.286',
       AN: '28',
       BaseQRankSum: '-2.189e+00',
       ClippingRankSum: '0.00',
       DP: '7',
       ExcessHet: '3.8786',
       FS: '0.000',
       InbreedingCoeff: '-0.1427',
       MLEAC: '9',
       MLEAF: '0.321',
       MQ: '60.00',
       MQRankSum: '0.00',
       QD: '15.00',
       ReadPosRankSum: '0.091',
       SOR: '0.693',
       Allele: 'A',
       GT: '0/1',
       AD: '3,4',
       GQ: '99',
       PL: '127,0,101' },
     { CHROM: 'chr2',
       POS: '47702451',
       ID: '20170224_02_Cancer',
       REF: 'GTT',
       ALT: 'GT,GTTT,G',
       QUAL: '1852.97',
       FILTER: 'PASS',
       AC: '11,5,6',
       AF: '0.250,0.114,0.136',
       AN: '44',
       BaseQRankSum: '0.319',
       ClippingRankSum: '0.00',
       DP: '18',
       ExcessHet: '13.7477',
       FS: '0.943',
       InbreedingCoeff: '-0.3827',
       MLEAC: '11,3,6',
       MLEAF: '0.250,0.068,0.136',
       MQ: '61.04',
       MQRankSum: '0.00',
       QD: '8.20',
       ReadPosRankSum: '0.423',
       SOR: '0.620',
       Allele: 'T',
       GT: '0/1',
       AD: '4,9,0,3',
       GQ: '16',
       PL: '189,0,48,233,72,392,85,16,191,209' },
     { CHROM: 'chr2',
       POS: '47703379',
       ID: '20170224_02_Cancer',
       REF: 'C',
       ALT: 'T',
       QUAL: '5566.61',
       FILTER: 'PASS',
       AC: '26',
       AF: '1.00',
       AN: '26',
       BaseQRankSum: '-',
       ClippingRankSum: '-',
       DP: '8',
       ExcessHet: '3.0103',
       FS: '0.000',
       InbreedingCoeff: '-0.0104',
       MLEAC: '26',
       MLEAF: '1.00',
       MQ: '59.17',
       MQRankSum: '-',
       QD: '32.42',
       ReadPosRankSum: '-',
       SOR: '9.926',
       Allele: 'T',
       GT: '1/1',
       AD: '0,8',
       GQ: '24',
       PL: '323,24,0' },
     { CHROM: 'chr2',
       POS: '48018081',
       ID: '20170224_02_Cancer',
       REF: 'A',
       ALT: 'G',
       QUAL: '40490.69',
       FILTER: 'PASS',
       AC: '12',
       AF: '0.261',
       AN: '46',
       BaseQRankSum: '-9.300e-01',
       ClippingRankSum: '0.00',
       DP: '378',
       ExcessHet: '1.5299',
       FS: '1.106',
       InbreedingCoeff: '0.0980',
       MLEAC: '12',
       MLEAF: '0.261',
       MQ: '59.98',
       MQRankSum: '0.00',
       QD: '14.15',
       ReadPosRankSum: '0.264',
       SOR: '0.603',
       Allele: 'G',
       GT: '0/1',
       AD: '196,182',
       GQ: '99',
       PL: '4536,0,4814' },
     { CHROM: 'chr2',
       POS: '48018314',
       ID: '20170224_02_Cancer',
       REF: 'T',
       ALT: 'A',
       QUAL: '1988.83',
       FILTER: 'PASS',
       AC: '10',
       AF: '0.278',
       AN: '36',
       BaseQRankSum: '0.464',
       ClippingRankSum: '0.00',
       DP: '12',
       ExcessHet: '4.0161',
       FS: '7.283',
       InbreedingCoeff: '-0.1642',
       MLEAC: '10',
       MLEAF: '0.278',
       MQ: '59.41',
       MQRankSum: '0.00',
       QD: '19.31',
       ReadPosRankSum: '-2.620e-01',
       SOR: '0.195',
       Allele: 'A',
       GT: '0/1',
       AD: '6,6',
       GQ: '99',
       PL: '187,0,295' },
     { CHROM: 'chr2',
       POS: '48022900',
       ID: '20170224_02_Cancer',
       REF: 'A',
       ALT: 'G',
       QUAL: '4711.83',
       FILTER: 'PASS',
       AC: '21',
       AF: '0.700',
       AN: '30',
       BaseQRankSum: '-2.478e+00',
       ClippingRankSum: '0.00',
       DP: '14',
       ExcessHet: '0.3357',
       FS: '0.000',
       InbreedingCoeff: '0.2787',
       MLEAC: '24',
       MLEAF: '0.800',
       MQ: '59.80',
       MQRankSum: '0.00',
       QD: '31.00',
       ReadPosRankSum: '0.436',
       SOR: '4.615',
       Allele: 'G',
       GT: '1/1',
       AD: '0,14',
       GQ: '42',
       PL: '477,42,0' },
     { CHROM: 'chr2',
       POS: '48023115',
       ID: '20170224_02_Cancer',
       REF: 'T',
       ALT: 'C',
       QUAL: '43132.27',
       FILTER: 'PASS',
       AC: '18',
       AF: '0.391',
       AN: '46',
       BaseQRankSum: '-1.113e+00',
       ClippingRankSum: '0.00',
       DP: '304',
       ExcessHet: '0.4471',
       FS: '0.000',
       InbreedingCoeff: '0.2698',
       MLEAC: '18',
       MLEAF: '0.391',
       MQ: '60.00',
       MQRankSum: '0.00',
       QD: '17.01',
       ReadPosRankSum: '-5.230e-01',
       SOR: '0.654',
       Allele: 'C',
       GT: '0/1',
       AD: '133,171',
       GQ: '99',
       PL: '3695,0,2808' },
     { CHROM: 'chr2',
       POS: '48030458',
       ID: '20170224_02_Cancer',
       REF: 'G',
       ALT: 'C',
       QUAL: '4401.98',
       FILTER: 'PASS',
       AC: '25',
       AF: '0.735',
       AN: '34',
       BaseQRankSum: '-1.806e+00',
       ClippingRankSum: '0.00',
       DP: '14',
       ExcessHet: '0.7754',
       FS: '8.851',
       InbreedingCoeff: '0.1470',
       MLEAC: '26',
       MLEAF: '0.765',
       MQ: '59.62',
       MQRankSum: '0.00',
       QD: '28.04',
       ReadPosRankSum: '-4.640e-01',
       SOR: '0.152',
       Allele: 'C',
       GT: '0/1',
       AD: '10,4',
       GQ: '99',
       PL: '117,0,342' },
     ... 1192 more items ],
  idPaz: 'MN-188/11' }
