Connected correctly to server
14096821
undefined
14804745
undefined
14804770
undefined
17355387
undefined
17359676
undefined
17380195
undefined
17380497
undefined
17722363
undefined
17722427
undefined
17722431
undefined
45796269
undefined
45798555
undefined
45806053
undefined
121280485
undefined
121280613
undefined
150860471
undefined
150860545
undefined
150860686
undefined
150860693
undefined
150860695
undefined
161310261
undefined
161326722
undefined
161332091
undefined
161332307
undefined
193094375
undefined
193098964
undefined
193104827
undefined
193107436
undefined
193202001
undefined
193202032
undefined
193205272
undefined
228997896
undefined
241663902
undefined
241665510
undefined
241667233
undefined
241667244
undefined
241675119
undefined
241676758
undefined
8178735
undefined
8178798
undefined
29416025
undefined
29416366
undefined
29416481
undefined
29416572
undefined
29416946
undefined
29419413
undefined
29419591
undefined
29420315
undefined
29429888
undefined
29432408
undefined
29432982
undefined
29436633
undefined
29443373
undefined
29445157
undefined
29445458
undefined
29446184
undefined
29448410
undefined
29449819
undefined
29454901
undefined
29455016
undefined
29455267
undefined
29498210
undefined
29519622
undefined
29520085
undefined
29541104
undefined
29543663
undefined
29754721
undefined
29917524
undefined
29917940
undefined
29940529
undefined
30143499
undefined
43553949
undefined
46537604
undefined
47601106
undefined
47605839
undefined
47606774
undefined
47607186
undefined
47612224
undefined
47630550
undefined
47635523
undefined
47641559
undefined
47643191
undefined
47656801
undefined
47656871
undefined
47657196
undefined
47672475
undefined
47672569
undefined
47690404
undefined
47690408
undefined
47690411
undefined
47693706
undefined
47693959
undefined
47698308
undefined
47698384
undefined
47702451
undefined
47703379
undefined
47703500
undefined
47709704
undefined
47710314
undefined
48022900
undefined
48030458
undefined
48030838
undefined
48032312
undefined
48032613
undefined
48032740
undefined
48032874
undefined
48032937
undefined
48033551
undefined
48033890
undefined
58390218
undefined
58453843
undefined
61066666
undefined
85794297
undefined
85794415
undefined
111797305
undefined
111797395
undefined
111797531
undefined
128015367
undefined
128028792
undefined
128029065
undefined
128044121
undefined
128046548
undefined
128050134
undefined
177042633
undefined
177042779
undefined
190656341
undefined
213296863
undefined
215635916
undefined
215672347
undefined
215672461
undefined
215672546
undefined
218310340
undefined
223845836
undefined
232888856
undefined
232952143
undefined
232995569
undefined
233028070
undefined
233194446
undefined
238387228
undefined
238387332
undefined
238443226
undefined
238443407
undefined
242370844
undefined
10070385
undefined
10076008
undefined
10077770
undefined
10083526
undefined
10085035
undefined
10088223
undefined
10088239
undefined
10088242
undefined
10088266
undefined
10088299
undefined
10088308
undefined
10088343
undefined
10088404
undefined
10088407
undefined
10088409
undefined
10088422
undefined
10088443
undefined
10088444
undefined
10088461
undefined
10088514
undefined
10088522
undefined
10088532
undefined
10088582
undefined
10088589
undefined
10088598
undefined
10089549
undefined
10089723
undefined
10089738
undefined
10089749
undefined
10089772
undefined
10089773
undefined
10089775
undefined
10089815
undefined
10089818
undefined
10091035
undefined
10091252
undefined
10091261
undefined
10094206
undefined
10103931
undefined
10105661
undefined
10105665
undefined
10106144
undefined
10119615
undefined
10127418
undefined
10128965
undefined
10132127
undefined
10183241
undefined
10183274
undefined
10183337
undefined
14187345
undefined
14187449
undefined
14187699
undefined
14188700
undefined
14188762
undefined
14189147
undefined
14189340
undefined
14190237
undefined
14190268
undefined
14197987
undefined
14199887
undefined
14208511
undefined
14220095
undefined
37034946
undefined
37042295
undefined
37048633
undefined
37053568
undefined
37055674
undefined
37055712
undefined
37062040
undefined
37067050
undefined
37067095
undefined
37067099
undefined
37070106
undefined
37083740
undefined
37089840
undefined
37090274
undefined
37627112
undefined
41925260
undefined
41925301
undefined
41925398
undefined
41925423
undefined
87110521
undefined
87110674
undefined
87110766
undefined
87173324
undefined
128038373
undefined
128199662
undefined
128200534
undefined
128201013
undefined
128204356
undefined
128205860
undefined
141102833
undefined
151899704
undefined
151899724
undefined
151899861
undefined
169082633
undefined
169492016
undefined
169492101
undefined
189356261
undefined
189383430
undefined
189646015
undefined
194858374
undefined
1734239
undefined
1734281
undefined
41748511
undefined
41749265
undefined
41749668
undefined
55523938
undefined
55524304
undefined
55564184
undefined
55569660
undefined
55572970
undefined
55575274
undefined
55598211
undefined
55599436
undefined
95514609
undefined
95562877
undefined
100239112
undefined
100239319
undefined
100341643
undefined
1286516
undefined
1288547
undefined
1315660
undefined
1321873
undefined
1322087
undefined
1342714
undefined
1895829
undefined
1896007
undefined
39394851
undefined
39394989
undefined
40792153
undefined
44365452
undefined
44365545
undefined
44365633
undefined
56031884
undefined
58407771
undefined
58407778
undefined
88416255
undefined
88416354
undefined
112101793
undefined
112111070
undefined
112111309
undefined
112116773
undefined
112154530
undefined
112154544
undefined
112162854
undefined
112164238
undefined
112164561
undefined
112175770
undefined
112176325
undefined
112176559
undefined
112176756
undefined
112177171
undefined
131995843
undefined
131995964
undefined
141681788
undefined
148904092
undefined
148904283
undefined
176630984
undefined
176636529
undefined
176636882
undefined
176637149
undefined
176637240
undefined
176637576
undefined
176639217
undefined
176639304
undefined
176684229
undefined
176694954
undefined
176700885
undefined
176720766
undefined
176721198
undefined
176722542
undefined
410826
undefined
29611612
undefined
35420628
undefined
35423489
undefined
35423662
undefined
35424188
undefined
35424268
undefined
35425416
undefined
36622874
undefined
40802261
undefined
40802262
undefined
79424143
undefined
79424556
undefined
127600630
undefined
149608874
undefined
151948173
undefined
151948366
undefined
153344531
undefined
153344786
undefined
160581374
undefined
160581502
undefined
160581543
undefined
160833468
undefined
6017523
undefined
6022629
undefined
6026775
undefined
6026988
undefined
6029690
undefined
6029748
undefined
6036847
undefined
6036980
undefined
6037057
undefined
6038620
undefined
6038722
undefined
6041818
undefined
6041836
undefined
6043112
undefined
6043964
undefined
6045385
undefined
6045627
undefined
6048556
undefined
6048973
undefined
50466276
undefined
50466304
undefined
50470378
undefined
50470604
undefined
55086755
undefined
55086780
undefined
55214348
undefined
55214443
undefined
55218903
undefined
55219159
undefined
55220177
undefined
55221447
undefined
55223176
undefined
55223790
undefined
55228053
undefined
55228173
undefined
55232726
undefined
55241755
undefined
55248787
undefined
55249063
undefined
55266417
undefined
55268916
undefined
55272826
undefined
66459145
undefined
66459256
undefined
66459553
undefined
66460011
undefined
86983715
undefined
97816327
undefined
116340531
undefined
116340582
undefined
116381121
undefined
116395257
undefined
116397572
undefined
116409675
undefined
116421967
undefined
148504716
undefined
148504854
undefined
148506064
undefined
148508833
undefined
148543525
undefined
148543693
undefined
148543753
undefined
18272881
undefined
18272901
undefined
18273018
undefined
30916085
undefined
30922346
undefined
30933816
undefined
30942984
undefined
30958353
undefined
30968949
undefined
30969355
undefined
30977490
undefined
30978057
undefined
30981971
undefined
30989690
undefined
30998880
undefined
30999122
undefined
31005017
undefined
31024443
undefined
31024638
undefined
32432369
undefined
32432399
undefined
71012811
undefined
90947409
undefined
90982477
undefined
90983252
undefined
117630559
undefined
118811806
undefined
118819578
undefined
118819943
undefined
118825354
undefined
118830820
undefined
118847782
undefined
128093297
undefined
128093472
undefined
128093478
undefined
128093541
undefined
128103937
undefined
128103969
undefined
128103979
undefined
128104055
undefined
128192817
undefined
128192972
undefined
128192981
undefined
128320138
undefined
128355358
undefined
128355551
undefined
128355618
undefined
128387852
undefined
128388025
undefined
128407190
undefined
128407443
undefined
128413147
undefined
128413305
undefined
128424728
undefined
128424792
undefined
128424883
undefined
128424899
undefined
128424933
undefined
128485038
undefined
128517573
undefined
128518554
undefined
128518733
undefined
128539148
undefined
128539183
undefined
128539228
undefined
128539231
undefined
128539360
undefined
128539461
undefined
128718068
undefined
128718102
undefined
143761931
undefined
143762135
undefined
145737040
undefined
145737286
undefined
145737514
undefined
145737636
undefined
145737816
undefined
145738767
undefined
145739924
undefined
145741044
undefined
145741130
undefined
145741702
undefined
145741765
undefined
145742514
undefined
145742716
undefined
145742879
undefined
845447
undefined
845564
undefined
845667
undefined
863582
undefined
863635
undefined
863864
undefined
5070831
undefined
5071049
undefined
16914835
undefined
16914846
undefined
16914895
undefined
16914967
undefined
16915021
undefined
16915028
undefined
16915105
undefined
21968199
undefined
22033362
undefined
22033366
undefined
22033393
undefined
22043819
undefined
22044059
undefined
22044122
undefined
22068652
undefined
22068731
undefined
35074917
undefined
35077441
undefined
35079361
undefined
97869692
undefined
97873957
undefined
97879465
undefined
97933252
undefined
98009494
undefined
98009579
undefined
98009613
undefined
98009786
undefined
98215631
undefined
98218474
undefined
98221861
undefined
98224360
undefined
98229297
undefined
98229389
undefined
98230907
undefined
98230924
undefined
98231008
undefined
98238358
undefined
98238379
undefined
98239730
undefined
98240120
undefined
98242925
undefined
98242984
undefined
98247790
undefined
98268938
undefined
98278644
undefined
98279370
undefined
100459578
undefined
110888260
undefined
110888478
undefined
110888677
undefined
135773000
undefined
135776034
undefined
135778867
undefined
135785688
undefined
136149098
undefined
136149229
undefined
136149399
undefined
8700934
undefined
43572507
undefined
43572950
undefined
43572951
undefined
43595781
undefined
43595836
undefined
43595968
undefined
43601749
undefined
43604390
undefined
43606687
undefined
43607756
undefined
43607759
undefined
43612226
undefined
43613843
undefined
43622217
undefined
43622368
undefined
51524889
undefined
51524971
undefined
51549314
undefined
51549496
undefined
51549545
undefined
63723336
undefined
63723440
undefined
63723577
undefined
64251977
undefined
64278634
undefined
64278682
undefined
64278874
undefined
64580430
undefined
72357599
undefined
72357635
undefined
72360038
undefined
72360059
undefined
80840946
undefined
80841148
undefined
88635779
undefined
88649763
undefined
88676749
undefined
88678748
undefined
88679200
undefined
88679356
undefined
88683122
undefined
89720633
undefined
89721094
undefined
89725293
undefined
96058298
undefined
96058433
undefined
96066341
undefined
96070375
undefined
104263675
undefined
104264280
undefined
104268800
undefined
104268877
undefined
104356822
undefined
104374815
undefined
104375258
undefined
104389932
undefined
120278944
undefined
123032783
undefined
123337117
undefined
123337182
undefined
123337335
undefined
123346116
undefined
123352136
undefined
123352317
undefined
129200964
undefined
129201188
undefined
534242
undefined
534403
undefined
534409
undefined
535098
undefined
1909006
undefined
2233451
undefined
2233485
undefined
2233495
undefined
2233522
undefined
2233549
undefined
2233574
undefined
2233603
undefined
2233609
undefined
2233617
undefined
2233630
undefined
2233635
undefined
2906196
undefined
8251921
undefined
8252853
undefined
8253049
undefined
44117898
undefined
44146257
undefined
44146570
undefined
44151457
undefined
44151480
undefined
44151577
undefined
44228148
undefined
44255614
undefined
44256149
undefined
44257802
undefined
47236294
undefined
47236298
undefined
47236405
undefined
47238522
undefined
47238665
undefined
47259668
undefined
56175671
undefined
56175922
undefined
61197460
undefined
61205434
undefined
61205676
undefined
64572018
undefined
64572403
undefined
64572557
undefined
64572602
undefined
64574185
undefined
64574200
undefined
67257037
undefined
67257359
undefined
67257823
undefined
67258391
undefined
68994497
undefined
68994667
undefined
74345550
undefined
83620579
undefined
83620872
undefined
83620900
undefined
83620940
undefined
83620972
undefined
89011046
undefined
108098459
undefined
108100105
undefined
108106782
undefined
108114506
undefined
108114661
undefined
108115360
undefined
108117335
undefined
108119366
undefined
108119615
undefined
108121410
undefined
108123189
undefined
108124299
undefined
108127288
undefined
108129657
undefined
108137775
undefined
108141701
undefined
108141955
undefined
108143182
undefined
108143456
undefined
108150664
undefined
108151707
undefined
108155397
undefined
108158134
undefined
108159356
undefined
108163733
undefined
108165406
undefined
108165407
undefined
108170271
undefined
108183167
undefined
108187829
undefined
108187830
undefined
108188266
undefined
108195976
undefined
108196509
undefined
108196712
undefined
108200142
undefined
108203769
undefined
108204881
undefined
108204945
undefined
108205329
undefined
108205383
undefined
108205565
undefined
108206868
undefined
108218196
undefined
108224697
undefined
108224797
undefined
108225483
undefined
108225661
undefined
111957665
undefined
111959562
undefined
111959625
undefined
111959859
undefined
111965290
undefined
111965497
undefined
118477226
undefined
118477367
undefined
14653867
undefined
49676010
undefined
51155498
undefined
51155663
undefined
53273745
undefined
53273773
undefined
53273779
undefined
53273904
undefined
53273962
undefined
58142491
undefined
58145156
undefined
88890521
undefined
88890671
undefined
88953326
undefined
88953399
undefined
88953561
undefined
88953659
undefined
88953959
undefined
88954295
undefined
112168050
undefined
112521448
undefined
112645231
undefined
112817847
undefined
121416622
undefined
121416650
undefined
121416988
undefined
121426478
undefined
121426545
undefined
121426594
undefined
121431225
undefined
121431272
undefined
121431300
undefined
121432302
undefined
121433844
undefined
121434630
undefined
121435342
undefined
121435427
undefined
121435475
undefined
121435587
undefined
121437221
undefined
121437382
undefined
121438709
undefined
121438844
undefined
125320715
undefined
125320828
undefined
125320850
undefined
24127160
undefined
24127179
undefined
24127210
undefined
24127240
undefined
24127544
undefined
24293670
undefined
24293859
undefined
32899468
undefined
32903685
undefined
32905265
undefined
32907535
undefined
32910328
undefined
32912299
undefined
32913055
undefined
32915005
undefined
32918941
undefined
32920618
undefined
32920844
undefined
32929387
undefined
32936646
undefined
32945537
undefined
32950658
undefined
32953388
undefined
32954561
undefined
32968591
undefined
32968607
undefined
32969248
undefined
32973012
undefined
48878271
undefined
48878292
undefined
48881154
undefined
48919358
undefined
48921884
undefined
48933995
undefined
48934575
undefined
48938897
undefined
48947469
undefined
48950824
undefined
48953655
undefined
48954021
undefined
48954093
undefined
48954159
undefined
48954175
undefined
48954282
undefined
48955201
undefined
48955676
undefined
49026852
undefined
49033747
undefined
49034022
undefined
49051012
undefined
49051848
undefined
73908846
undefined
73909020
undefined
73916628
undefined
100041738
undefined
103498375
undefined
103504185
undefined
103504517
undefined
103504989
undefined
103506362
undefined
103506509
undefined
103508647
undefined
103510896
undefined
103510997
undefined
103513578
undefined
103514091
undefined
103518769
undefined
103520764
undefined
103524762
undefined
103527849
undefined
103527930
undefined
103528002
undefined
103528337
undefined
36649246
undefined
36738361
undefined
36738373
undefined
45610117
undefined
45623601
undefined
45628283
undefined
45628775
undefined
45635980
undefined
45654143
undefined
45665542
undefined
54410919
undefined
54411057
undefined
65543102
undefined
65568197
undefined
65568215
undefined
65568563
undefined
95556508
undefined
95556747
undefined
95566101
undefined
95566103
undefined
95566105
undefined
95566107
undefined
95566108
undefined
95569500
undefined
95574594
undefined
95593159
undefined
95593186
undefined
95598665
undefined
95600006
undefined
96102839
undefined
96103031
undefined
96103099
undefined
96103184
undefined
96103269
undefined
32994625
undefined
32994756
undefined
32994777
undefined
32994843
undefined
40339494
undefined
40453307
undefined
40453497
undefined
40457129
undefined
40477831
undefined
40488851
undefined
40491952
undefined
40492321
undefined
40494498
undefined
40494952
undefined
40494960
undefined
40495067
undefined
40500591
undefined
40500986
undefined
40505429
undefined
40509600
undefined
47873605
undefined
47873773
undefined
70018990
undefined
78806023
undefined
78894339
undefined
78908081
undefined
89790711
undefined
89803950
undefined
89811882
undefined
89816541
undefined
89816542
undefined
89816742
undefined
89817689
undefined
89838236
undefined
89843805
undefined
89846879
undefined
89856047
undefined
89857711
undefined
89858067
undefined
89858080
undefined
91295410
undefined
91295447
undefined
91303325
undefined
91346630
undefined
91347302
undefined
91347755
undefined
2105335
undefined
2105400
undefined
2110571
undefined
2115413
undefined
2115481
undefined
2120230
undefined
2132731
undefined
2136624
undefined
2138218
undefined
2138398
undefined
2138422
undefined
3639139
undefined
3656253
undefined
14013666
undefined
14013993
undefined
14014240
undefined
14014278
undefined
14016109
undefined
14024407
undefined
14025772
undefined
14026007
undefined
14031520
undefined
14038545
undefined
14038552
undefined
14041958
undefined
23615042
undefined
23625463
undefined
23634521
undefined
23649060
undefined
50785890
undefined
50817932
undefined
50820433
undefined
50820672
undefined
50827601
undefined
50828530
undefined
52586341
undefined
52586477
undefined
52599188
undefined
52635000
undefined
52635164
undefined
68771372
undefined
68771418
undefined
68771547
undefined
68771905
undefined
68857160
undefined
68863752
undefined
68863863
undefined
89755903
undefined
89804855
undefined
89805261
undefined
89805977
undefined
89806347
undefined
89811073
undefined
89811196
undefined
89812762
undefined
89815217
undefined
89815781
undefined
89815799
undefined
89818310
undefined
89818340
undefined
89818491
undefined
89824753
undefined
89833774
undefined
89836323
undefined
89836507
undefined
89836781
undefined
89836865
undefined
89836872
undefined
89838078
undefined
89842029
undefined
89845110
undefined
89845194
undefined
89846195
undefined
89849480
undefined
89849583
undefined
89849629
undefined
89849735
undefined
89849740
undefined
89851033
undefined
89857700
undefined
89857964
undefined
89858024
undefined
89858184
undefined
89858505
undefined
89858525
undefined
89858657
undefined
89859008
undefined
89859015
undefined
89866043
undefined
89866160
undefined
89869761
undefined
89874477
undefined
89874486
undefined
89874487
undefined
89874494
undefined
89874496
undefined
89874497
undefined
89874559
undefined
89874628
undefined
89875033
undefined
89880537
undefined
89882807
undefined
89882826
undefined
89883148
undefined
89883208
undefined
89883224
undefined
90066936
undefined
7577407
undefined
7577427
undefined
7578115
undefined
7578210
undefined
7578645
undefined
7578711
undefined
7578837
undefined
7579472
undefined
7579643
undefined
7579801
undefined
17118209
undefined
17118442
undefined
17118689
undefined
17120344
undefined
17120668
undefined
17120812
undefined
17122286
undefined
17122327
undefined
17124625
undefined
17126926
undefined
17127471
undefined
17129431
undefined
17131018
undefined
20851985
undefined
25541278
undefined
29482701
undefined
29482878
undefined
29486152
undefined
29496819
undefined
29508775
undefined
29508819
undefined
29509791
undefined
29509801
undefined
29527156
undefined
29541339
undefined
29541437
undefined
29545987
undefined
29546175
undefined
29548524
undefined
29553485
undefined
29558082
undefined
29559061
undefined
29559588
undefined
29559932
undefined
29563076
undefined
29563085
undefined
29575849
undefined
29652531
undefined
29653293
undefined
29653416
undefined
29654876
undefined
29654974
undefined
29663172
undefined
29663624
undefined
29663625
undefined
29670190
undefined
29675878
undefined
29675971
undefined
29679246
undefined
29684553
undefined
36097775
undefined
36098040
undefined
36101156
undefined
41199913
undefined
41203325
undefined
41215825
undefined
41219560
undefined
41219780
undefined
41219804
undefined
41223094
undefined
41226601
undefined
41226675
undefined
41226736
undefined
41234470
undefined
41243190
undefined
41244000
undefined
41244435
undefined
41244936
undefined
41245237
undefined
41245466
undefined
41245968
undefined
41247122
undefined
41248164
undefined
41249094
undefined
41249363
undefined
41251646
undefined
41256074
undefined
41256089
undefined
41257134
undefined
41267518
undefined
41276247
undefined
41276348
undefined
46805590
undefined
47436812
undefined
56798207
undefined
59760499
undefined
59760996
undefined
59763347
undefined
59763465
undefined
59820170
undefined
59857275
undefined
59857809
undefined
59870617
undefined
59876352
undefined
59876784
undefined
59878416
undefined
59878522
undefined
59926837
undefined
66518780
undefined
66519857
undefined
66522186
undefined
66523640
undefined
66524987
undefined
66526027
undefined
66526316
undefined
74475409
undefined
74476135
undefined
74476137
undefined
43309911
undefined
43317249
undefined
46453406
undefined
46453463
undefined
48573268
undefined
48575373
undefined
48584855
undefined
48593133
undefined
1207238
undefined
1207280
undefined
1218523
undefined
1219274
undefined
1219443
undefined
1219553
undefined
1220321
undefined
17389648
undefined
17389704
undefined
45854919
undefined
45855524
undefined
45856468
undefined
45857867
undefined
45859072
undefined
45865002
undefined
45867259
undefined
45868006
undefined
45868038
undefined
45868309
undefined
45868478
undefined
45872036
undefined
45873942
undefined
45874123
undefined
51364623
undefined
6403919
undefined
6403930
undefined
6404117
undefined
6404281
undefined
6404351
undefined
6404364
undefined
6404442
undefined
33171645
undefined
60920887
undefined
60921044
undefined
62309839
undefined
62318220
undefined
36165041
undefined
36206932
undefined
36265323
undefined
36357861
undefined
42746081
undefined
42746156
undefined
24129005
undefined
24129242
undefined
24129553
undefined
24142977
undefined
24142978
undefined
24145395
undefined
24145675
undefined
24145727
undefined
24176074
undefined
29083646
undefined
29083665
undefined
29083808
undefined
29083837
undefined
29089846
undefined
29090890
undefined
29091037
undefined
29092639
undefined
29092726
undefined
29093239
undefined
29095634
undefined
29107646
undefined
29108229
undefined
29129910
undefined
29130012
undefined
29130347
undefined
29130813
undefined
29131129
undefined
30034994
undefined
30038152
undefined
30051705
undefined
30054024
undefined
30056945
undefined
30061225
undefined
30068066
undefined
30077361
undefined
30337586
undefined
33229685
undefined
33229830
undefined
39332623
undefined
48929422
undefined
48929569
undefined
48929583
undefined
48929699
undefined
9751474
undefined
14861404
undefined
14862279
undefined
14862289
undefined
14868806
undefined
14877404
undefined
14882553
undefined
14883948
undefined
51210057
undefined
51229683
undefined
51241672
undefined
67021550
undefined
67021627
undefined
132670054
undefined
132888207
undefined
133086710
undefined
VARIANTE GIA' PRESENTE, AGGIORNATA CON SUCCESSO
VARIANTE GIA' PRESENTE, AGGIORNATA CON SUCCESSO
VARIANTE GIA' PRESENTE, AGGIORNATA CON SUCCESSO
VARIANTE GIA' PRESENTE, AGGIORNATA CON SUCCESSO
VARIANTE GIA' PRESENTE, AGGIORNATA CON SUCCESSO
VARIANTE GIA' PRESENTE, AGGIORNATA CON SUCCESSO
VARIANTE GIA' PRESENTE, AGGIORNATA CON SUCCESSO
VARIANTE GIA' PRESENTE, AGGIORNATA CON SUCCESSO
VARIANTE GIA' PRESENTE, AGGIORNATA CON SUCCESSO
VARIANTE GIA' PRESENTE, AGGIORNATA CON SUCCESSO
VARIANTE GIA' PRESENTE, AGGIORNATA CON SUCCESSO
VARIANTE GIA' PRESENTE, AGGIORNATA CON SUCCESSO
VARIANTE GIA' PRESENTE, AGGIORNATA CON SUCCESSO
VARIANTE GIA' PRESENTE, AGGIORNATA CON SUCCESSO
VARIANTE GIA' PRESENTE, AGGIORNATA CON SUCCESSO
VARIANTE GIA' PRESENTE, AGGIORNATA CON SUCCESSO
VARIANTE GIA' PRESENTE, AGGIORNATA CON SUCCESSO
VARIANTE GIA' PRESENTE, AGGIORNATA CON SUCCESSO
VARIANTE GIA' PRESENTE, AGGIORNATA CON SUCCESSO
VARIANTE GIA' PRESENTE, AGGIORNATA CON SUCCESSO
VARIANTE GIA' PRESENTE, AGGIORNATA CON SUCCESSO
VARIANTE GIA' PRESENTE, AGGIORNATA CON SUCCESSO
VARIANTE GIA' PRESENTE, AGGIORNATA CON SUCCESSO
VARIANTE GIA' PRESENTE, AGGIORNATA CON SUCCESSO
VARIANTE GIA' PRESENTE, AGGIORNATA CON SUCCESSO
VARIANTE GIA' PRESENTE, AGGIORNATA CON SUCCESSO
VARIANTE GIA' PRESENTE, AGGIORNATA CON SUCCESSO
VARIANTE GIA' PRESENTE, AGGIORNATA CON SUCCESSO
VARIANTE GIA' PRESENTE, AGGIORNATA CON SUCCESSO
VARIANTE GIA' PRESENTE, AGGIORNATA CON SUCCESSO
VARIANTE GIA' PRESENTE, AGGIORNATA CON SUCCESSO
VARIANTE GIA' PRESENTE, AGGIORNATA CON SUCCESSO
VARIANTE GIA' PRESENTE, AGGIORNATA CON SUCCESSO
VARIANTE GIA' PRESENTE, AGGIORNATA CON SUCCESSO
VARIANTE GIA' PRESENTE, AGGIORNATA CON SUCCESSO
VARIANTE GIA' PRESENTE, AGGIORNATA CON SUCCESSO
VARIANTE GIA' PRESENTE, AGGIORNATA CON SUCCESSO
VARIANTE GIA' PRESENTE, AGGIORNATA CON SUCCESSO
VARIANTE GIA' PRESENTE, AGGIORNATA CON SUCCESSO
VARIANTE GIA' PRESENTE, AGGIORNATA CON SUCCESSO
VARIANTE GIA' PRESENTE, AGGIORNATA CON SUCCESSO
VARIANTE GIA' PRESENTE, AGGIORNATA CON SUCCESSO
VARIANTE GIA' PRESENTE, AGGIORNATA CON SUCCESSO
VARIANTE GIA' PRESENTE, AGGIORNATA CON SUCCESSO
VARIANTE GIA' PRESENTE, AGGIORNATA CON SUCCESSO
VARIANTE GIA' PRESENTE, AGGIORNATA CON SUCCESSO
VARIANTE GIA' PRESENTE, AGGIORNATA CON SUCCESSO
VARIANTE GIA' PRESENTE, AGGIORNATA CON SUCCESSO
VARIANTE GIA' PRESENTE, AGGIORNATA CON SUCCESSO
VARIANTE GIA' PRESENTE, AGGIORNATA CON SUCCESSO
VARIANTE GIA' PRESENTE, AGGIORNATA CON SUCCESSO
VARIANTE GIA' PRESENTE, AGGIORNATA CON SUCCESSO
VARIANTE GIA' PRESENTE, AGGIORNATA CON SUCCESSO
VARIANTE GIA' PRESENTE, AGGIORNATA CON SUCCESSO
VARIANTE GIA' PRESENTE, AGGIORNATA CON SUCCESSO
VARIANTE GIA' PRESENTE, AGGIORNATA CON SUCCESSO
VARIANTE GIA' PRESENTE, AGGIORNATA CON SUCCESSO
VARIANTE GIA' PRESENTE, AGGIORNATA CON SUCCESSO
VARIANTE GIA' PRESENTE, AGGIORNATA CON SUCCESSO
VARIANTE GIA' PRESENTE, AGGIORNATA CON SUCCESSO
VARIANTE GIA' PRESENTE, AGGIORNATA CON SUCCESSO
VARIANTE GIA' PRESENTE, AGGIORNATA CON SUCCESSO
VARIANTE GIA' PRESENTE, AGGIORNATA CON SUCCESSO
VARIANTE GIA' PRESENTE, AGGIORNATA CON SUCCESSO
VARIANTE GIA' PRESENTE, AGGIORNATA CON SUCCESSO
VARIANTE GIA' PRESENTE, AGGIORNATA CON SUCCESSO
VARIANTE GIA' PRESENTE, AGGIORNATA CON SUCCESSO
VARIANTE GIA' PRESENTE, AGGIORNATA CON SUCCESSO
VARIANTE GIA' PRESENTE, AGGIORNATA CON SUCCESSO
VARIANTE GIA' PRESENTE, AGGIORNATA CON SUCCESSO
VARIANTE GIA' PRESENTE, AGGIORNATA CON SUCCESSO
VARIANTE GIA' PRESENTE, AGGIORNATA CON SUCCESSO
VARIANTE GIA' PRESENTE, AGGIORNATA CON SUCCESSO
VARIANTE GIA' PRESENTE, AGGIORNATA CON SUCCESSO
VARIANTE GIA' PRESENTE, AGGIORNATA CON SUCCESSO
VARIANTE GIA' PRESENTE, AGGIORNATA CON SUCCESSO
VARIANTE GIA' PRESENTE, AGGIORNATA CON SUCCESSO
VARIANTE GIA' PRESENTE, AGGIORNATA CON SUCCESSO
VARIANTE GIA' PRESENTE, AGGIORNATA CON SUCCESSO
VARIANTE GIA' PRESENTE, AGGIORNATA CON SUCCESSO
VARIANTE GIA' PRESENTE, AGGIORNATA CON SUCCESSO
VARIANTE GIA' PRESENTE, AGGIORNATA CON SUCCESSO
VARIANTE GIA' PRESENTE, AGGIORNATA CON SUCCESSO
VARIANTE GIA' PRESENTE, AGGIORNATA CON SUCCESSO
VARIANTE GIA' PRESENTE, AGGIORNATA CON SUCCESSO
VARIANTE GIA' PRESENTE, AGGIORNATA CON SUCCESSO
VARIANTE GIA' PRESENTE, AGGIORNATA CON SUCCESSO
VARIANTE GIA' PRESENTE, AGGIORNATA CON SUCCESSO
VARIANTE GIA' PRESENTE, AGGIORNATA CON SUCCESSO
VARIANTE GIA' PRESENTE, AGGIORNATA CON SUCCESSO
VARIANTE GIA' PRESENTE, AGGIORNATA CON SUCCESSO
VARIANTE GIA' PRESENTE, AGGIORNATA CON SUCCESSO
VARIANTE GIA' PRESENTE, AGGIORNATA CON SUCCESSO
VARIANTE GIA' PRESENTE, AGGIORNATA CON SUCCESSO
VARIANTE GIA' PRESENTE, AGGIORNATA CON SUCCESSO
VARIANTE GIA' PRESENTE, AGGIORNATA CON SUCCESSO
VARIANTE GIA' PRESENTE, AGGIORNATA CON SUCCESSO
VARIANTE GIA' PRESENTE, AGGIORNATA CON SUCCESSO
VARIANTE GIA' PRESENTE, AGGIORNATA CON SUCCESSO
VARIANTE GIA' PRESENTE, AGGIORNATA CON SUCCESSO
VARIANTE GIA' PRESENTE, AGGIORNATA CON SUCCESSO
VARIANTE GIA' PRESENTE, AGGIORNATA CON SUCCESSO
VARIANTE GIA' PRESENTE, AGGIORNATA CON SUCCESSO
VARIANTE GIA' PRESENTE, AGGIORNATA CON SUCCESSO
VARIANTE GIA' PRESENTE, AGGIORNATA CON SUCCESSO
VARIANTE GIA' PRESENTE, AGGIORNATA CON SUCCESSO
VARIANTE GIA' PRESENTE, AGGIORNATA CON SUCCESSO
VARIANTE GIA' PRESENTE, AGGIORNATA CON SUCCESSO
VARIANTE GIA' PRESENTE, AGGIORNATA CON SUCCESSO
VARIANTE GIA' PRESENTE, AGGIORNATA CON SUCCESSO
VARIANTE GIA' PRESENTE, AGGIORNATA CON SUCCESSO
VARIANTE GIA' PRESENTE, AGGIORNATA CON SUCCESSO
VARIANTE GIA' PRESENTE, AGGIORNATA CON SUCCESSO
VARIANTE GIA' PRESENTE, AGGIORNATA CON SUCCESSO
VARIANTE GIA' PRESENTE, AGGIORNATA CON SUCCESSO
VARIANTE GIA' PRESENTE, AGGIORNATA CON SUCCESSO
VARIANTE GIA' PRESENTE, AGGIORNATA CON SUCCESSO
VARIANTE GIA' PRESENTE, AGGIORNATA CON SUCCESSO
VARIANTE GIA' PRESENTE, AGGIORNATA CON SUCCESSO
VARIANTE GIA' PRESENTE, AGGIORNATA CON SUCCESSO
VARIANTE GIA' PRESENTE, AGGIORNATA CON SUCCESSO
VARIANTE GIA' PRESENTE, AGGIORNATA CON SUCCESSO
VARIANTE GIA' PRESENTE, AGGIORNATA CON SUCCESSO
VARIANTE GIA' PRESENTE, AGGIORNATA CON SUCCESSO
VARIANTE GIA' PRESENTE, AGGIORNATA CON SUCCESSO
VARIANTE GIA' PRESENTE, AGGIORNATA CON SUCCESSO
VARIANTE GIA' PRESENTE, AGGIORNATA CON SUCCESSO
VARIANTE GIA' PRESENTE, AGGIORNATA CON SUCCESSO
VARIANTE GIA' PRESENTE, AGGIORNATA CON SUCCESSO
VARIANTE GIA' PRESENTE, AGGIORNATA CON SUCCESSO
VARIANTE GIA' PRESENTE, AGGIORNATA CON SUCCESSO
VARIANTE GIA' PRESENTE, AGGIORNATA CON SUCCESSO
VARIANTE GIA' PRESENTE, AGGIORNATA CON SUCCESSO
VARIANTE GIA' PRESENTE, AGGIORNATA CON SUCCESSO
VARIANTE GIA' PRESENTE, AGGIORNATA CON SUCCESSO
VARIANTE GIA' PRESENTE, AGGIORNATA CON SUCCESSO
VARIANTE GIA' PRESENTE, AGGIORNATA CON SUCCESSO
VARIANTE GIA' PRESENTE, AGGIORNATA CON SUCCESSO
VARIANTE GIA' PRESENTE, AGGIORNATA CON SUCCESSO
VARIANTE GIA' PRESENTE, AGGIORNATA CON SUCCESSO
VARIANTE GIA' PRESENTE, AGGIORNATA CON SUCCESSO
VARIANTE GIA' PRESENTE, AGGIORNATA CON SUCCESSO
VARIANTE GIA' PRESENTE, AGGIORNATA CON SUCCESSO
VARIANTE GIA' PRESENTE, AGGIORNATA CON SUCCESSO
VARIANTE GIA' PRESENTE, AGGIORNATA CON SUCCESSO
VARIANTE GIA' PRESENTE, AGGIORNATA CON SUCCESSO
VARIANTE GIA' PRESENTE, AGGIORNATA CON SUCCESSO
VARIANTE GIA' PRESENTE, AGGIORNATA CON SUCCESSO
VARIANTE GIA' PRESENTE, AGGIORNATA CON SUCCESSO
VARIANTE GIA' PRESENTE, AGGIORNATA CON SUCCESSO
VARIANTE GIA' PRESENTE, AGGIORNATA CON SUCCESSO
VARIANTE GIA' PRESENTE, AGGIORNATA CON SUCCESSO
VARIANTE GIA' PRESENTE, AGGIORNATA CON SUCCESSO
VARIANTE GIA' PRESENTE, AGGIORNATA CON SUCCESSO
VARIANTE GIA' PRESENTE, AGGIORNATA CON SUCCESSO
VARIANTE GIA' PRESENTE, AGGIORNATA CON SUCCESSO
VARIANTE GIA' PRESENTE, AGGIORNATA CON SUCCESSO
VARIANTE GIA' PRESENTE, AGGIORNATA CON SUCCESSO
VARIANTE GIA' PRESENTE, AGGIORNATA CON SUCCESSO
VARIANTE GIA' PRESENTE, AGGIORNATA CON SUCCESSO
VARIANTE GIA' PRESENTE, AGGIORNATA CON SUCCESSO
VARIANTE GIA' PRESENTE, AGGIORNATA CON SUCCESSO
VARIANTE GIA' PRESENTE, AGGIORNATA CON SUCCESSO
VARIANTE GIA' PRESENTE, AGGIORNATA CON SUCCESSO
VARIANTE GIA' PRESENTE, AGGIORNATA CON SUCCESSO
VARIANTE GIA' PRESENTE, AGGIORNATA CON SUCCESSO
VARIANTE GIA' PRESENTE, AGGIORNATA CON SUCCESSO
VARIANTE GIA' PRESENTE, AGGIORNATA CON SUCCESSO
VARIANTE GIA' PRESENTE, AGGIORNATA CON SUCCESSO
VARIANTE GIA' PRESENTE, AGGIORNATA CON SUCCESSO
VARIANTE GIA' PRESENTE, AGGIORNATA CON SUCCESSO
VARIANTE GIA' PRESENTE, AGGIORNATA CON SUCCESSO
VARIANTE GIA' PRESENTE, AGGIORNATA CON SUCCESSO
VARIANTE GIA' PRESENTE, AGGIORNATA CON SUCCESSO
VARIANTE GIA' PRESENTE, AGGIORNATA CON SUCCESSO
VARIANTE GIA' PRESENTE, AGGIORNATA CON SUCCESSO
VARIANTE GIA' PRESENTE, AGGIORNATA CON SUCCESSO
VARIANTE GIA' PRESENTE, AGGIORNATA CON SUCCESSO
VARIANTE GIA' PRESENTE, AGGIORNATA CON SUCCESSO
VARIANTE GIA' PRESENTE, AGGIORNATA CON SUCCESSO
VARIANTE GIA' PRESENTE, AGGIORNATA CON SUCCESSO
VARIANTE GIA' PRESENTE, AGGIORNATA CON SUCCESSO
VARIANTE GIA' PRESENTE, AGGIORNATA CON SUCCESSO
VARIANTE GIA' PRESENTE, AGGIORNATA CON SUCCESSO
VARIANTE GIA' PRESENTE, AGGIORNATA CON SUCCESSO
VARIANTE GIA' PRESENTE, AGGIORNATA CON SUCCESSO
VARIANTE GIA' PRESENTE, AGGIORNATA CON SUCCESSO
VARIANTE GIA' PRESENTE, AGGIORNATA CON SUCCESSO
VARIANTE GIA' PRESENTE, AGGIORNATA CON SUCCESSO
VARIANTE GIA' PRESENTE, AGGIORNATA CON SUCCESSO
VARIANTE GIA' PRESENTE, AGGIORNATA CON SUCCESSO
VARIANTE GIA' PRESENTE, AGGIORNATA CON SUCCESSO
VARIANTE GIA' PRESENTE, AGGIORNATA CON SUCCESSO
VARIANTE GIA' PRESENTE, AGGIORNATA CON SUCCESSO
VARIANTE GIA' PRESENTE, AGGIORNATA CON SUCCESSO
VARIANTE GIA' PRESENTE, AGGIORNATA CON SUCCESSO
VARIANTE GIA' PRESENTE, AGGIORNATA CON SUCCESSO
VARIANTE GIA' PRESENTE, AGGIORNATA CON SUCCESSO
VARIANTE GIA' PRESENTE, AGGIORNATA CON SUCCESSO
VARIANTE GIA' PRESENTE, AGGIORNATA CON SUCCESSO
VARIANTE GIA' PRESENTE, AGGIORNATA CON SUCCESSO
VARIANTE GIA' PRESENTE, AGGIORNATA CON SUCCESSO
VARIANTE GIA' PRESENTE, AGGIORNATA CON SUCCESSO
VARIANTE GIA' PRESENTE, AGGIORNATA CON SUCCESSO
VARIANTE GIA' PRESENTE, AGGIORNATA CON SUCCESSO
VARIANTE GIA' PRESENTE, AGGIORNATA CON SUCCESSO
VARIANTE GIA' PRESENTE, AGGIORNATA CON SUCCESSO
VARIANTE GIA' PRESENTE, AGGIORNATA CON SUCCESSO
VARIANTE GIA' PRESENTE, AGGIORNATA CON SUCCESSO
VARIANTE GIA' PRESENTE, AGGIORNATA CON SUCCESSO
VARIANTE GIA' PRESENTE, AGGIORNATA CON SUCCESSO
VARIANTE GIA' PRESENTE, AGGIORNATA CON SUCCESSO
VARIANTE GIA' PRESENTE, AGGIORNATA CON SUCCESSO
VARIANTE GIA' PRESENTE, AGGIORNATA CON SUCCESSO
VARIANTE GIA' PRESENTE, AGGIORNATA CON SUCCESSO
VARIANTE GIA' PRESENTE, AGGIORNATA CON SUCCESSO
VARIANTE GIA' PRESENTE, AGGIORNATA CON SUCCESSO
VARIANTE GIA' PRESENTE, AGGIORNATA CON SUCCESSO
VARIANTE GIA' PRESENTE, AGGIORNATA CON SUCCESSO
VARIANTE GIA' PRESENTE, AGGIORNATA CON SUCCESSO
VARIANTE GIA' PRESENTE, AGGIORNATA CON SUCCESSO
VARIANTE GIA' PRESENTE, AGGIORNATA CON SUCCESSO
VARIANTE GIA' PRESENTE, AGGIORNATA CON SUCCESSO
VARIANTE GIA' PRESENTE, AGGIORNATA CON SUCCESSO
VARIANTE GIA' PRESENTE, AGGIORNATA CON SUCCESSO
VARIANTE GIA' PRESENTE, AGGIORNATA CON SUCCESSO
VARIANTE GIA' PRESENTE, AGGIORNATA CON SUCCESSO
VARIANTE GIA' PRESENTE, AGGIORNATA CON SUCCESSO
VARIANTE GIA' PRESENTE, AGGIORNATA CON SUCCESSO
VARIANTE GIA' PRESENTE, AGGIORNATA CON SUCCESSO
VARIANTE GIA' PRESENTE, AGGIORNATA CON SUCCESSO
VARIANTE GIA' PRESENTE, AGGIORNATA CON SUCCESSO
VARIANTE GIA' PRESENTE, AGGIORNATA CON SUCCESSO
VARIANTE GIA' PRESENTE, AGGIORNATA CON SUCCESSO
VARIANTE GIA' PRESENTE, AGGIORNATA CON SUCCESSO
VARIANTE GIA' PRESENTE, AGGIORNATA CON SUCCESSO
VARIANTE GIA' PRESENTE, AGGIORNATA CON SUCCESSO
VARIANTE GIA' PRESENTE, AGGIORNATA CON SUCCESSO
VARIANTE GIA' PRESENTE, AGGIORNATA CON SUCCESSO
VARIANTE GIA' PRESENTE, AGGIORNATA CON SUCCESSO
VARIANTE GIA' PRESENTE, AGGIORNATA CON SUCCESSO
VARIANTE GIA' PRESENTE, AGGIORNATA CON SUCCESSO
VARIANTE GIA' PRESENTE, AGGIORNATA CON SUCCESSO
VARIANTE GIA' PRESENTE, AGGIORNATA CON SUCCESSO
VARIANTE GIA' PRESENTE, AGGIORNATA CON SUCCESSO
VARIANTE GIA' PRESENTE, AGGIORNATA CON SUCCESSO
VARIANTE GIA' PRESENTE, AGGIORNATA CON SUCCESSO
VARIANTE GIA' PRESENTE, AGGIORNATA CON SUCCESSO
VARIANTE GIA' PRESENTE, AGGIORNATA CON SUCCESSO
VARIANTE GIA' PRESENTE, AGGIORNATA CON SUCCESSO
VARIANTE GIA' PRESENTE, AGGIORNATA CON SUCCESSO
VARIANTE GIA' PRESENTE, AGGIORNATA CON SUCCESSO
VARIANTE GIA' PRESENTE, AGGIORNATA CON SUCCESSO
VARIANTE GIA' PRESENTE, AGGIORNATA CON SUCCESSO
VARIANTE GIA' PRESENTE, AGGIORNATA CON SUCCESSO
VARIANTE GIA' PRESENTE, AGGIORNATA CON SUCCESSO
VARIANTE GIA' PRESENTE, AGGIORNATA CON SUCCESSO
VARIANTE GIA' PRESENTE, AGGIORNATA CON SUCCESSO
VARIANTE GIA' PRESENTE, AGGIORNATA CON SUCCESSO
VARIANTE GIA' PRESENTE, AGGIORNATA CON SUCCESSO
VARIANTE GIA' PRESENTE, AGGIORNATA CON SUCCESSO
VARIANTE GIA' PRESENTE, AGGIORNATA CON SUCCESSO
VARIANTE GIA' PRESENTE, AGGIORNATA CON SUCCESSO
VARIANTE GIA' PRESENTE, AGGIORNATA CON SUCCESSO
VARIANTE GIA' PRESENTE, AGGIORNATA CON SUCCESSO
VARIANTE GIA' PRESENTE, AGGIORNATA CON SUCCESSO
VARIANTE GIA' PRESENTE, AGGIORNATA CON SUCCESSO
VARIANTE GIA' PRESENTE, AGGIORNATA CON SUCCESSO
VARIANTE GIA' PRESENTE, AGGIORNATA CON SUCCESSO
VARIANTE GIA' PRESENTE, AGGIORNATA CON SUCCESSO
VARIANTE GIA' PRESENTE, AGGIORNATA CON SUCCESSO
VARIANTE GIA' PRESENTE, AGGIORNATA CON SUCCESSO
VARIANTE GIA' PRESENTE, AGGIORNATA CON SUCCESSO
VARIANTE GIA' PRESENTE, AGGIORNATA CON SUCCESSO
VARIANTE GIA' PRESENTE, AGGIORNATA CON SUCCESSO
VARIANTE GIA' PRESENTE, AGGIORNATA CON SUCCESSO
VARIANTE GIA' PRESENTE, AGGIORNATA CON SUCCESSO
VARIANTE GIA' PRESENTE, AGGIORNATA CON SUCCESSO
VARIANTE GIA' PRESENTE, AGGIORNATA CON SUCCESSO
VARIANTE GIA' PRESENTE, AGGIORNATA CON SUCCESSO
VARIANTE GIA' PRESENTE, AGGIORNATA CON SUCCESSO
VARIANTE GIA' PRESENTE, AGGIORNATA CON SUCCESSO
VARIANTE GIA' PRESENTE, AGGIORNATA CON SUCCESSO
VARIANTE GIA' PRESENTE, AGGIORNATA CON SUCCESSO
VARIANTE GIA' PRESENTE, AGGIORNATA CON SUCCESSO
VARIANTE GIA' PRESENTE, AGGIORNATA CON SUCCESSO
VARIANTE GIA' PRESENTE, AGGIORNATA CON SUCCESSO
VARIANTE GIA' PRESENTE, AGGIORNATA CON SUCCESSO
VARIANTE GIA' PRESENTE, AGGIORNATA CON SUCCESSO
VARIANTE GIA' PRESENTE, AGGIORNATA CON SUCCESSO
VARIANTE GIA' PRESENTE, AGGIORNATA CON SUCCESSO
VARIANTE GIA' PRESENTE, AGGIORNATA CON SUCCESSO
VARIANTE GIA' PRESENTE, AGGIORNATA CON SUCCESSO
VARIANTE GIA' PRESENTE, AGGIORNATA CON SUCCESSO
VARIANTE GIA' PRESENTE, AGGIORNATA CON SUCCESSO
VARIANTE GIA' PRESENTE, AGGIORNATA CON SUCCESSO
VARIANTE GIA' PRESENTE, AGGIORNATA CON SUCCESSO
VARIANTE GIA' PRESENTE, AGGIORNATA CON SUCCESSO
VARIANTE GIA' PRESENTE, AGGIORNATA CON SUCCESSO
VARIANTE GIA' PRESENTE, AGGIORNATA CON SUCCESSO
VARIANTE GIA' PRESENTE, AGGIORNATA CON SUCCESSO
VARIANTE GIA' PRESENTE, AGGIORNATA CON SUCCESSO
VARIANTE GIA' PRESENTE, AGGIORNATA CON SUCCESSO
VARIANTE GIA' PRESENTE, AGGIORNATA CON SUCCESSO
VARIANTE GIA' PRESENTE, AGGIORNATA CON SUCCESSO
VARIANTE GIA' PRESENTE, AGGIORNATA CON SUCCESSO
VARIANTE GIA' PRESENTE, AGGIORNATA CON SUCCESSO
VARIANTE GIA' PRESENTE, AGGIORNATA CON SUCCESSO
VARIANTE GIA' PRESENTE, AGGIORNATA CON SUCCESSO
VARIANTE GIA' PRESENTE, AGGIORNATA CON SUCCESSO
VARIANTE GIA' PRESENTE, AGGIORNATA CON SUCCESSO
VARIANTE GIA' PRESENTE, AGGIORNATA CON SUCCESSO
VARIANTE GIA' PRESENTE, AGGIORNATA CON SUCCESSO
VARIANTE GIA' PRESENTE, AGGIORNATA CON SUCCESSO
VARIANTE GIA' PRESENTE, AGGIORNATA CON SUCCESSO
VARIANTE GIA' PRESENTE, AGGIORNATA CON SUCCESSO
VARIANTE GIA' PRESENTE, AGGIORNATA CON SUCCESSO
VARIANTE GIA' PRESENTE, AGGIORNATA CON SUCCESSO
VARIANTE GIA' PRESENTE, AGGIORNATA CON SUCCESSO
VARIANTE GIA' PRESENTE, AGGIORNATA CON SUCCESSO
VARIANTE GIA' PRESENTE, AGGIORNATA CON SUCCESSO
VARIANTE GIA' PRESENTE, AGGIORNATA CON SUCCESSO
VARIANTE GIA' PRESENTE, AGGIORNATA CON SUCCESSO
VARIANTE GIA' PRESENTE, AGGIORNATA CON SUCCESSO
VARIANTE GIA' PRESENTE, AGGIORNATA CON SUCCESSO
VARIANTE GIA' PRESENTE, AGGIORNATA CON SUCCESSO
VARIANTE GIA' PRESENTE, AGGIORNATA CON SUCCESSO
VARIANTE GIA' PRESENTE, AGGIORNATA CON SUCCESSO
VARIANTE GIA' PRESENTE, AGGIORNATA CON SUCCESSO
VARIANTE GIA' PRESENTE, AGGIORNATA CON SUCCESSO
VARIANTE GIA' PRESENTE, AGGIORNATA CON SUCCESSO
VARIANTE GIA' PRESENTE, AGGIORNATA CON SUCCESSO
VARIANTE GIA' PRESENTE, AGGIORNATA CON SUCCESSO
VARIANTE GIA' PRESENTE, AGGIORNATA CON SUCCESSO
VARIANTE GIA' PRESENTE, AGGIORNATA CON SUCCESSO
VARIANTE GIA' PRESENTE, AGGIORNATA CON SUCCESSO
VARIANTE GIA' PRESENTE, AGGIORNATA CON SUCCESSO
VARIANTE GIA' PRESENTE, AGGIORNATA CON SUCCESSO
VARIANTE GIA' PRESENTE, AGGIORNATA CON SUCCESSO
VARIANTE GIA' PRESENTE, AGGIORNATA CON SUCCESSO
VARIANTE GIA' PRESENTE, AGGIORNATA CON SUCCESSO
VARIANTE GIA' PRESENTE, AGGIORNATA CON SUCCESSO
VARIANTE GIA' PRESENTE, AGGIORNATA CON SUCCESSO
VARIANTE GIA' PRESENTE, AGGIORNATA CON SUCCESSO
VARIANTE GIA' PRESENTE, AGGIORNATA CON SUCCESSO
VARIANTE GIA' PRESENTE, AGGIORNATA CON SUCCESSO
VARIANTE GIA' PRESENTE, AGGIORNATA CON SUCCESSO
VARIANTE GIA' PRESENTE, AGGIORNATA CON SUCCESSO
VARIANTE GIA' PRESENTE, AGGIORNATA CON SUCCESSO
VARIANTE GIA' PRESENTE, AGGIORNATA CON SUCCESSO
VARIANTE GIA' PRESENTE, AGGIORNATA CON SUCCESSO
VARIANTE GIA' PRESENTE, AGGIORNATA CON SUCCESSO
VARIANTE GIA' PRESENTE, AGGIORNATA CON SUCCESSO
VARIANTE GIA' PRESENTE, AGGIORNATA CON SUCCESSO
VARIANTE GIA' PRESENTE, AGGIORNATA CON SUCCESSO
VARIANTE GIA' PRESENTE, AGGIORNATA CON SUCCESSO
VARIANTE GIA' PRESENTE, AGGIORNATA CON SUCCESSO
VARIANTE GIA' PRESENTE, AGGIORNATA CON SUCCESSO
VARIANTE GIA' PRESENTE, AGGIORNATA CON SUCCESSO
VARIANTE GIA' PRESENTE, AGGIORNATA CON SUCCESSO
VARIANTE GIA' PRESENTE, AGGIORNATA CON SUCCESSO
VARIANTE GIA' PRESENTE, AGGIORNATA CON SUCCESSO
VARIANTE GIA' PRESENTE, AGGIORNATA CON SUCCESSO
VARIANTE GIA' PRESENTE, AGGIORNATA CON SUCCESSO
VARIANTE GIA' PRESENTE, AGGIORNATA CON SUCCESSO
VARIANTE GIA' PRESENTE, AGGIORNATA CON SUCCESSO
VARIANTE GIA' PRESENTE, AGGIORNATA CON SUCCESSO
VARIANTE GIA' PRESENTE, AGGIORNATA CON SUCCESSO
VARIANTE GIA' PRESENTE, AGGIORNATA CON SUCCESSO
VARIANTE GIA' PRESENTE, AGGIORNATA CON SUCCESSO
VARIANTE GIA' PRESENTE, AGGIORNATA CON SUCCESSO
VARIANTE GIA' PRESENTE, AGGIORNATA CON SUCCESSO
VARIANTE GIA' PRESENTE, AGGIORNATA CON SUCCESSO
VARIANTE GIA' PRESENTE, AGGIORNATA CON SUCCESSO
VARIANTE GIA' PRESENTE, AGGIORNATA CON SUCCESSO
VARIANTE GIA' PRESENTE, AGGIORNATA CON SUCCESSO
VARIANTE GIA' PRESENTE, AGGIORNATA CON SUCCESSO
VARIANTE GIA' PRESENTE, AGGIORNATA CON SUCCESSO
VARIANTE GIA' PRESENTE, AGGIORNATA CON SUCCESSO
VARIANTE GIA' PRESENTE, AGGIORNATA CON SUCCESSO
VARIANTE GIA' PRESENTE, AGGIORNATA CON SUCCESSO
VARIANTE GIA' PRESENTE, AGGIORNATA CON SUCCESSO
VARIANTE GIA' PRESENTE, AGGIORNATA CON SUCCESSO
VARIANTE GIA' PRESENTE, AGGIORNATA CON SUCCESSO
VARIANTE GIA' PRESENTE, AGGIORNATA CON SUCCESSO
VARIANTE GIA' PRESENTE, AGGIORNATA CON SUCCESSO
VARIANTE GIA' PRESENTE, AGGIORNATA CON SUCCESSO
VARIANTE GIA' PRESENTE, AGGIORNATA CON SUCCESSO
VARIANTE GIA' PRESENTE, AGGIORNATA CON SUCCESSO
VARIANTE GIA' PRESENTE, AGGIORNATA CON SUCCESSO
VARIANTE GIA' PRESENTE, AGGIORNATA CON SUCCESSO
VARIANTE GIA' PRESENTE, AGGIORNATA CON SUCCESSO
VARIANTE GIA' PRESENTE, AGGIORNATA CON SUCCESSO
VARIANTE GIA' PRESENTE, AGGIORNATA CON SUCCESSO
VARIANTE GIA' PRESENTE, AGGIORNATA CON SUCCESSO
VARIANTE GIA' PRESENTE, AGGIORNATA CON SUCCESSO
VARIANTE GIA' PRESENTE, AGGIORNATA CON SUCCESSO
VARIANTE GIA' PRESENTE, AGGIORNATA CON SUCCESSO
VARIANTE GIA' PRESENTE, AGGIORNATA CON SUCCESSO
VARIANTE GIA' PRESENTE, AGGIORNATA CON SUCCESSO
VARIANTE GIA' PRESENTE, AGGIORNATA CON SUCCESSO
VARIANTE GIA' PRESENTE, AGGIORNATA CON SUCCESSO
VARIANTE GIA' PRESENTE, AGGIORNATA CON SUCCESSO
VARIANTE GIA' PRESENTE, AGGIORNATA CON SUCCESSO
VARIANTE GIA' PRESENTE, AGGIORNATA CON SUCCESSO
VARIANTE GIA' PRESENTE, AGGIORNATA CON SUCCESSO
VARIANTE GIA' PRESENTE, AGGIORNATA CON SUCCESSO
VARIANTE GIA' PRESENTE, AGGIORNATA CON SUCCESSO
VARIANTE GIA' PRESENTE, AGGIORNATA CON SUCCESSO
VARIANTE GIA' PRESENTE, AGGIORNATA CON SUCCESSO
VARIANTE GIA' PRESENTE, AGGIORNATA CON SUCCESSO
VARIANTE GIA' PRESENTE, AGGIORNATA CON SUCCESSO
VARIANTE GIA' PRESENTE, AGGIORNATA CON SUCCESSO
VARIANTE GIA' PRESENTE, AGGIORNATA CON SUCCESSO
VARIANTE GIA' PRESENTE, AGGIORNATA CON SUCCESSO
VARIANTE GIA' PRESENTE, AGGIORNATA CON SUCCESSO
VARIANTE GIA' PRESENTE, AGGIORNATA CON SUCCESSO
VARIANTE GIA' PRESENTE, AGGIORNATA CON SUCCESSO
VARIANTE GIA' PRESENTE, AGGIORNATA CON SUCCESSO
VARIANTE GIA' PRESENTE, AGGIORNATA CON SUCCESSO
VARIANTE GIA' PRESENTE, AGGIORNATA CON SUCCESSO
VARIANTE GIA' PRESENTE, AGGIORNATA CON SUCCESSO
VARIANTE GIA' PRESENTE, AGGIORNATA CON SUCCESSO
VARIANTE GIA' PRESENTE, AGGIORNATA CON SUCCESSO
VARIANTE GIA' PRESENTE, AGGIORNATA CON SUCCESSO
VARIANTE GIA' PRESENTE, AGGIORNATA CON SUCCESSO
VARIANTE GIA' PRESENTE, AGGIORNATA CON SUCCESSO
VARIANTE GIA' PRESENTE, AGGIORNATA CON SUCCESSO
VARIANTE GIA' PRESENTE, AGGIORNATA CON SUCCESSO
VARIANTE GIA' PRESENTE, AGGIORNATA CON SUCCESSO
VARIANTE GIA' PRESENTE, AGGIORNATA CON SUCCESSO
VARIANTE GIA' PRESENTE, AGGIORNATA CON SUCCESSO
VARIANTE GIA' PRESENTE, AGGIORNATA CON SUCCESSO
VARIANTE GIA' PRESENTE, AGGIORNATA CON SUCCESSO
VARIANTE GIA' PRESENTE, AGGIORNATA CON SUCCESSO
VARIANTE GIA' PRESENTE, AGGIORNATA CON SUCCESSO
VARIANTE GIA' PRESENTE, AGGIORNATA CON SUCCESSO
VARIANTE GIA' PRESENTE, AGGIORNATA CON SUCCESSO
VARIANTE GIA' PRESENTE, AGGIORNATA CON SUCCESSO
VARIANTE GIA' PRESENTE, AGGIORNATA CON SUCCESSO
VARIANTE GIA' PRESENTE, AGGIORNATA CON SUCCESSO
VARIANTE GIA' PRESENTE, AGGIORNATA CON SUCCESSO
VARIANTE GIA' PRESENTE, AGGIORNATA CON SUCCESSO
VARIANTE GIA' PRESENTE, AGGIORNATA CON SUCCESSO
VARIANTE GIA' PRESENTE, AGGIORNATA CON SUCCESSO
VARIANTE GIA' PRESENTE, AGGIORNATA CON SUCCESSO
VARIANTE GIA' PRESENTE, AGGIORNATA CON SUCCESSO
VARIANTE GIA' PRESENTE, AGGIORNATA CON SUCCESSO
VARIANTE GIA' PRESENTE, AGGIORNATA CON SUCCESSO
VARIANTE GIA' PRESENTE, AGGIORNATA CON SUCCESSO
VARIANTE GIA' PRESENTE, AGGIORNATA CON SUCCESSO
VARIANTE GIA' PRESENTE, AGGIORNATA CON SUCCESSO
VARIANTE GIA' PRESENTE, AGGIORNATA CON SUCCESSO
VARIANTE GIA' PRESENTE, AGGIORNATA CON SUCCESSO
VARIANTE GIA' PRESENTE, AGGIORNATA CON SUCCESSO
VARIANTE GIA' PRESENTE, AGGIORNATA CON SUCCESSO
VARIANTE GIA' PRESENTE, AGGIORNATA CON SUCCESSO
VARIANTE GIA' PRESENTE, AGGIORNATA CON SUCCESSO
VARIANTE GIA' PRESENTE, AGGIORNATA CON SUCCESSO
VARIANTE GIA' PRESENTE, AGGIORNATA CON SUCCESSO
VARIANTE GIA' PRESENTE, AGGIORNATA CON SUCCESSO
VARIANTE GIA' PRESENTE, AGGIORNATA CON SUCCESSO
VARIANTE GIA' PRESENTE, AGGIORNATA CON SUCCESSO
VARIANTE GIA' PRESENTE, AGGIORNATA CON SUCCESSO
VARIANTE GIA' PRESENTE, AGGIORNATA CON SUCCESSO
VARIANTE GIA' PRESENTE, AGGIORNATA CON SUCCESSO
VARIANTE GIA' PRESENTE, AGGIORNATA CON SUCCESSO
VARIANTE GIA' PRESENTE, AGGIORNATA CON SUCCESSO
VARIANTE GIA' PRESENTE, AGGIORNATA CON SUCCESSO
VARIANTE GIA' PRESENTE, AGGIORNATA CON SUCCESSO
VARIANTE GIA' PRESENTE, AGGIORNATA CON SUCCESSO
VARIANTE GIA' PRESENTE, AGGIORNATA CON SUCCESSO
VARIANTE GIA' PRESENTE, AGGIORNATA CON SUCCESSO
VARIANTE GIA' PRESENTE, AGGIORNATA CON SUCCESSO
VARIANTE GIA' PRESENTE, AGGIORNATA CON SUCCESSO
VARIANTE GIA' PRESENTE, AGGIORNATA CON SUCCESSO
VARIANTE GIA' PRESENTE, AGGIORNATA CON SUCCESSO
VARIANTE GIA' PRESENTE, AGGIORNATA CON SUCCESSO
VARIANTE GIA' PRESENTE, AGGIORNATA CON SUCCESSO
VARIANTE GIA' PRESENTE, AGGIORNATA CON SUCCESSO
VARIANTE GIA' PRESENTE, AGGIORNATA CON SUCCESSO
VARIANTE GIA' PRESENTE, AGGIORNATA CON SUCCESSO
VARIANTE GIA' PRESENTE, AGGIORNATA CON SUCCESSO
VARIANTE GIA' PRESENTE, AGGIORNATA CON SUCCESSO
VARIANTE GIA' PRESENTE, AGGIORNATA CON SUCCESSO
VARIANTE GIA' PRESENTE, AGGIORNATA CON SUCCESSO
VARIANTE GIA' PRESENTE, AGGIORNATA CON SUCCESSO
VARIANTE GIA' PRESENTE, AGGIORNATA CON SUCCESSO
VARIANTE GIA' PRESENTE, AGGIORNATA CON SUCCESSO
VARIANTE GIA' PRESENTE, AGGIORNATA CON SUCCESSO
VARIANTE GIA' PRESENTE, AGGIORNATA CON SUCCESSO
VARIANTE GIA' PRESENTE, AGGIORNATA CON SUCCESSO
VARIANTE GIA' PRESENTE, AGGIORNATA CON SUCCESSO
VARIANTE GIA' PRESENTE, AGGIORNATA CON SUCCESSO
VARIANTE GIA' PRESENTE, AGGIORNATA CON SUCCESSO
VARIANTE GIA' PRESENTE, AGGIORNATA CON SUCCESSO
VARIANTE GIA' PRESENTE, AGGIORNATA CON SUCCESSO
VARIANTE GIA' PRESENTE, AGGIORNATA CON SUCCESSO
VARIANTE GIA' PRESENTE, AGGIORNATA CON SUCCESSO
VARIANTE GIA' PRESENTE, AGGIORNATA CON SUCCESSO
VARIANTE GIA' PRESENTE, AGGIORNATA CON SUCCESSO
VARIANTE GIA' PRESENTE, AGGIORNATA CON SUCCESSO
VARIANTE GIA' PRESENTE, AGGIORNATA CON SUCCESSO
VARIANTE GIA' PRESENTE, AGGIORNATA CON SUCCESSO
VARIANTE GIA' PRESENTE, AGGIORNATA CON SUCCESSO
VARIANTE GIA' PRESENTE, AGGIORNATA CON SUCCESSO
VARIANTE GIA' PRESENTE, AGGIORNATA CON SUCCESSO
VARIANTE GIA' PRESENTE, AGGIORNATA CON SUCCESSO
VARIANTE GIA' PRESENTE, AGGIORNATA CON SUCCESSO
VARIANTE GIA' PRESENTE, AGGIORNATA CON SUCCESSO
VARIANTE GIA' PRESENTE, AGGIORNATA CON SUCCESSO
VARIANTE GIA' PRESENTE, AGGIORNATA CON SUCCESSO
VARIANTE GIA' PRESENTE, AGGIORNATA CON SUCCESSO
VARIANTE GIA' PRESENTE, AGGIORNATA CON SUCCESSO
VARIANTE GIA' PRESENTE, AGGIORNATA CON SUCCESSO
VARIANTE GIA' PRESENTE, AGGIORNATA CON SUCCESSO
VARIANTE GIA' PRESENTE, AGGIORNATA CON SUCCESSO
VARIANTE GIA' PRESENTE, AGGIORNATA CON SUCCESSO
VARIANTE GIA' PRESENTE, AGGIORNATA CON SUCCESSO
VARIANTE GIA' PRESENTE, AGGIORNATA CON SUCCESSO
VARIANTE GIA' PRESENTE, AGGIORNATA CON SUCCESSO
VARIANTE GIA' PRESENTE, AGGIORNATA CON SUCCESSO
VARIANTE GIA' PRESENTE, AGGIORNATA CON SUCCESSO
VARIANTE GIA' PRESENTE, AGGIORNATA CON SUCCESSO
VARIANTE GIA' PRESENTE, AGGIORNATA CON SUCCESSO
VARIANTE GIA' PRESENTE, AGGIORNATA CON SUCCESSO
VARIANTE GIA' PRESENTE, AGGIORNATA CON SUCCESSO
VARIANTE GIA' PRESENTE, AGGIORNATA CON SUCCESSO
VARIANTE GIA' PRESENTE, AGGIORNATA CON SUCCESSO
VARIANTE GIA' PRESENTE, AGGIORNATA CON SUCCESSO
VARIANTE GIA' PRESENTE, AGGIORNATA CON SUCCESSO
VARIANTE GIA' PRESENTE, AGGIORNATA CON SUCCESSO
VARIANTE GIA' PRESENTE, AGGIORNATA CON SUCCESSO
VARIANTE GIA' PRESENTE, AGGIORNATA CON SUCCESSO
VARIANTE GIA' PRESENTE, AGGIORNATA CON SUCCESSO
VARIANTE GIA' PRESENTE, AGGIORNATA CON SUCCESSO
VARIANTE GIA' PRESENTE, AGGIORNATA CON SUCCESSO
VARIANTE GIA' PRESENTE, AGGIORNATA CON SUCCESSO
VARIANTE GIA' PRESENTE, AGGIORNATA CON SUCCESSO
VARIANTE GIA' PRESENTE, AGGIORNATA CON SUCCESSO
VARIANTE GIA' PRESENTE, AGGIORNATA CON SUCCESSO
VARIANTE GIA' PRESENTE, AGGIORNATA CON SUCCESSO
VARIANTE GIA' PRESENTE, AGGIORNATA CON SUCCESSO
VARIANTE GIA' PRESENTE, AGGIORNATA CON SUCCESSO
VARIANTE GIA' PRESENTE, AGGIORNATA CON SUCCESSO
VARIANTE GIA' PRESENTE, AGGIORNATA CON SUCCESSO
VARIANTE GIA' PRESENTE, AGGIORNATA CON SUCCESSO
VARIANTE GIA' PRESENTE, AGGIORNATA CON SUCCESSO
VARIANTE GIA' PRESENTE, AGGIORNATA CON SUCCESSO
VARIANTE GIA' PRESENTE, AGGIORNATA CON SUCCESSO
VARIANTE GIA' PRESENTE, AGGIORNATA CON SUCCESSO
VARIANTE GIA' PRESENTE, AGGIORNATA CON SUCCESSO
VARIANTE GIA' PRESENTE, AGGIORNATA CON SUCCESSO
VARIANTE GIA' PRESENTE, AGGIORNATA CON SUCCESSO
VARIANTE GIA' PRESENTE, AGGIORNATA CON SUCCESSO
VARIANTE GIA' PRESENTE, AGGIORNATA CON SUCCESSO
VARIANTE GIA' PRESENTE, AGGIORNATA CON SUCCESSO
VARIANTE GIA' PRESENTE, AGGIORNATA CON SUCCESSO
VARIANTE GIA' PRESENTE, AGGIORNATA CON SUCCESSO
VARIANTE GIA' PRESENTE, AGGIORNATA CON SUCCESSO
VARIANTE GIA' PRESENTE, AGGIORNATA CON SUCCESSO
VARIANTE GIA' PRESENTE, AGGIORNATA CON SUCCESSO
VARIANTE GIA' PRESENTE, AGGIORNATA CON SUCCESSO
VARIANTE GIA' PRESENTE, AGGIORNATA CON SUCCESSO
VARIANTE GIA' PRESENTE, AGGIORNATA CON SUCCESSO
VARIANTE GIA' PRESENTE, AGGIORNATA CON SUCCESSO
VARIANTE GIA' PRESENTE, AGGIORNATA CON SUCCESSO
VARIANTE GIA' PRESENTE, AGGIORNATA CON SUCCESSO
VARIANTE GIA' PRESENTE, AGGIORNATA CON SUCCESSO
VARIANTE GIA' PRESENTE, AGGIORNATA CON SUCCESSO
VARIANTE GIA' PRESENTE, AGGIORNATA CON SUCCESSO
VARIANTE GIA' PRESENTE, AGGIORNATA CON SUCCESSO
VARIANTE GIA' PRESENTE, AGGIORNATA CON SUCCESSO
VARIANTE GIA' PRESENTE, AGGIORNATA CON SUCCESSO
VARIANTE GIA' PRESENTE, AGGIORNATA CON SUCCESSO
VARIANTE GIA' PRESENTE, AGGIORNATA CON SUCCESSO
VARIANTE GIA' PRESENTE, AGGIORNATA CON SUCCESSO
VARIANTE GIA' PRESENTE, AGGIORNATA CON SUCCESSO
VARIANTE GIA' PRESENTE, AGGIORNATA CON SUCCESSO
VARIANTE GIA' PRESENTE, AGGIORNATA CON SUCCESSO
VARIANTE GIA' PRESENTE, AGGIORNATA CON SUCCESSO
VARIANTE GIA' PRESENTE, AGGIORNATA CON SUCCESSO
VARIANTE GIA' PRESENTE, AGGIORNATA CON SUCCESSO
VARIANTE GIA' PRESENTE, AGGIORNATA CON SUCCESSO
VARIANTE GIA' PRESENTE, AGGIORNATA CON SUCCESSO
VARIANTE GIA' PRESENTE, AGGIORNATA CON SUCCESSO
VARIANTE GIA' PRESENTE, AGGIORNATA CON SUCCESSO
VARIANTE GIA' PRESENTE, AGGIORNATA CON SUCCESSO
VARIANTE GIA' PRESENTE, AGGIORNATA CON SUCCESSO
VARIANTE GIA' PRESENTE, AGGIORNATA CON SUCCESSO
VARIANTE GIA' PRESENTE, AGGIORNATA CON SUCCESSO
VARIANTE GIA' PRESENTE, AGGIORNATA CON SUCCESSO
VARIANTE GIA' PRESENTE, AGGIORNATA CON SUCCESSO
VARIANTE GIA' PRESENTE, AGGIORNATA CON SUCCESSO
VARIANTE GIA' PRESENTE, AGGIORNATA CON SUCCESSO
VARIANTE GIA' PRESENTE, AGGIORNATA CON SUCCESSO
VARIANTE GIA' PRESENTE, AGGIORNATA CON SUCCESSO
VARIANTE GIA' PRESENTE, AGGIORNATA CON SUCCESSO
VARIANTE GIA' PRESENTE, AGGIORNATA CON SUCCESSO
VARIANTE GIA' PRESENTE, AGGIORNATA CON SUCCESSO
VARIANTE GIA' PRESENTE, AGGIORNATA CON SUCCESSO
VARIANTE GIA' PRESENTE, AGGIORNATA CON SUCCESSO
VARIANTE GIA' PRESENTE, AGGIORNATA CON SUCCESSO
VARIANTE GIA' PRESENTE, AGGIORNATA CON SUCCESSO
VARIANTE GIA' PRESENTE, AGGIORNATA CON SUCCESSO
VARIANTE GIA' PRESENTE, AGGIORNATA CON SUCCESSO
VARIANTE GIA' PRESENTE, AGGIORNATA CON SUCCESSO
VARIANTE GIA' PRESENTE, AGGIORNATA CON SUCCESSO
VARIANTE GIA' PRESENTE, AGGIORNATA CON SUCCESSO
VARIANTE GIA' PRESENTE, AGGIORNATA CON SUCCESSO
VARIANTE GIA' PRESENTE, AGGIORNATA CON SUCCESSO
VARIANTE GIA' PRESENTE, AGGIORNATA CON SUCCESSO
VARIANTE GIA' PRESENTE, AGGIORNATA CON SUCCESSO
VARIANTE GIA' PRESENTE, AGGIORNATA CON SUCCESSO
VARIANTE GIA' PRESENTE, AGGIORNATA CON SUCCESSO
VARIANTE GIA' PRESENTE, AGGIORNATA CON SUCCESSO
VARIANTE GIA' PRESENTE, AGGIORNATA CON SUCCESSO
VARIANTE GIA' PRESENTE, AGGIORNATA CON SUCCESSO
VARIANTE GIA' PRESENTE, AGGIORNATA CON SUCCESSO
VARIANTE GIA' PRESENTE, AGGIORNATA CON SUCCESSO
VARIANTE GIA' PRESENTE, AGGIORNATA CON SUCCESSO
VARIANTE GIA' PRESENTE, AGGIORNATA CON SUCCESSO
VARIANTE GIA' PRESENTE, AGGIORNATA CON SUCCESSO
VARIANTE GIA' PRESENTE, AGGIORNATA CON SUCCESSO
VARIANTE GIA' PRESENTE, AGGIORNATA CON SUCCESSO
VARIANTE GIA' PRESENTE, AGGIORNATA CON SUCCESSO
VARIANTE GIA' PRESENTE, AGGIORNATA CON SUCCESSO
VARIANTE GIA' PRESENTE, AGGIORNATA CON SUCCESSO
VARIANTE GIA' PRESENTE, AGGIORNATA CON SUCCESSO
VARIANTE GIA' PRESENTE, AGGIORNATA CON SUCCESSO
VARIANTE GIA' PRESENTE, AGGIORNATA CON SUCCESSO
VARIANTE GIA' PRESENTE, AGGIORNATA CON SUCCESSO
VARIANTE GIA' PRESENTE, AGGIORNATA CON SUCCESSO
VARIANTE GIA' PRESENTE, AGGIORNATA CON SUCCESSO
VARIANTE GIA' PRESENTE, AGGIORNATA CON SUCCESSO
VARIANTE GIA' PRESENTE, AGGIORNATA CON SUCCESSO
VARIANTE GIA' PRESENTE, AGGIORNATA CON SUCCESSO
VARIANTE GIA' PRESENTE, AGGIORNATA CON SUCCESSO
VARIANTE GIA' PRESENTE, AGGIORNATA CON SUCCESSO
VARIANTE GIA' PRESENTE, AGGIORNATA CON SUCCESSO
VARIANTE GIA' PRESENTE, AGGIORNATA CON SUCCESSO
VARIANTE GIA' PRESENTE, AGGIORNATA CON SUCCESSO
VARIANTE GIA' PRESENTE, AGGIORNATA CON SUCCESSO
VARIANTE GIA' PRESENTE, AGGIORNATA CON SUCCESSO
VARIANTE GIA' PRESENTE, AGGIORNATA CON SUCCESSO
VARIANTE GIA' PRESENTE, AGGIORNATA CON SUCCESSO
VARIANTE GIA' PRESENTE, AGGIORNATA CON SUCCESSO
VARIANTE GIA' PRESENTE, AGGIORNATA CON SUCCESSO
VARIANTE GIA' PRESENTE, AGGIORNATA CON SUCCESSO
VARIANTE GIA' PRESENTE, AGGIORNATA CON SUCCESSO
VARIANTE GIA' PRESENTE, AGGIORNATA CON SUCCESSO
VARIANTE GIA' PRESENTE, AGGIORNATA CON SUCCESSO
VARIANTE GIA' PRESENTE, AGGIORNATA CON SUCCESSO
VARIANTE GIA' PRESENTE, AGGIORNATA CON SUCCESSO
VARIANTE GIA' PRESENTE, AGGIORNATA CON SUCCESSO
VARIANTE GIA' PRESENTE, AGGIORNATA CON SUCCESSO
VARIANTE GIA' PRESENTE, AGGIORNATA CON SUCCESSO
VARIANTE GIA' PRESENTE, AGGIORNATA CON SUCCESSO
VARIANTE GIA' PRESENTE, AGGIORNATA CON SUCCESSO
VARIANTE GIA' PRESENTE, AGGIORNATA CON SUCCESSO
VARIANTE GIA' PRESENTE, AGGIORNATA CON SUCCESSO
VARIANTE GIA' PRESENTE, AGGIORNATA CON SUCCESSO
VARIANTE GIA' PRESENTE, AGGIORNATA CON SUCCESSO
VARIANTE GIA' PRESENTE, AGGIORNATA CON SUCCESSO
VARIANTE GIA' PRESENTE, AGGIORNATA CON SUCCESSO
VARIANTE GIA' PRESENTE, AGGIORNATA CON SUCCESSO
VARIANTE GIA' PRESENTE, AGGIORNATA CON SUCCESSO
VARIANTE GIA' PRESENTE, AGGIORNATA CON SUCCESSO
VARIANTE GIA' PRESENTE, AGGIORNATA CON SUCCESSO
VARIANTE GIA' PRESENTE, AGGIORNATA CON SUCCESSO
VARIANTE GIA' PRESENTE, AGGIORNATA CON SUCCESSO
VARIANTE GIA' PRESENTE, AGGIORNATA CON SUCCESSO
VARIANTE GIA' PRESENTE, AGGIORNATA CON SUCCESSO
VARIANTE GIA' PRESENTE, AGGIORNATA CON SUCCESSO
VARIANTE GIA' PRESENTE, AGGIORNATA CON SUCCESSO
VARIANTE GIA' PRESENTE, AGGIORNATA CON SUCCESSO
VARIANTE GIA' PRESENTE, AGGIORNATA CON SUCCESSO
VARIANTE GIA' PRESENTE, AGGIORNATA CON SUCCESSO
VARIANTE GIA' PRESENTE, AGGIORNATA CON SUCCESSO
VARIANTE GIA' PRESENTE, AGGIORNATA CON SUCCESSO
VARIANTE GIA' PRESENTE, AGGIORNATA CON SUCCESSO
VARIANTE GIA' PRESENTE, AGGIORNATA CON SUCCESSO
VARIANTE GIA' PRESENTE, AGGIORNATA CON SUCCESSO
VARIANTE GIA' PRESENTE, AGGIORNATA CON SUCCESSO
VARIANTE GIA' PRESENTE, AGGIORNATA CON SUCCESSO
VARIANTE GIA' PRESENTE, AGGIORNATA CON SUCCESSO
VARIANTE GIA' PRESENTE, AGGIORNATA CON SUCCESSO
VARIANTE GIA' PRESENTE, AGGIORNATA CON SUCCESSO
VARIANTE GIA' PRESENTE, AGGIORNATA CON SUCCESSO
VARIANTE GIA' PRESENTE, AGGIORNATA CON SUCCESSO
VARIANTE GIA' PRESENTE, AGGIORNATA CON SUCCESSO
VARIANTE GIA' PRESENTE, AGGIORNATA CON SUCCESSO
VARIANTE GIA' PRESENTE, AGGIORNATA CON SUCCESSO
VARIANTE GIA' PRESENTE, AGGIORNATA CON SUCCESSO
VARIANTE GIA' PRESENTE, AGGIORNATA CON SUCCESSO
VARIANTE GIA' PRESENTE, AGGIORNATA CON SUCCESSO
VARIANTE GIA' PRESENTE, AGGIORNATA CON SUCCESSO
VARIANTE GIA' PRESENTE, AGGIORNATA CON SUCCESSO
VARIANTE GIA' PRESENTE, AGGIORNATA CON SUCCESSO
VARIANTE GIA' PRESENTE, AGGIORNATA CON SUCCESSO
VARIANTE GIA' PRESENTE, AGGIORNATA CON SUCCESSO
VARIANTE GIA' PRESENTE, AGGIORNATA CON SUCCESSO
VARIANTE GIA' PRESENTE, AGGIORNATA CON SUCCESSO
VARIANTE GIA' PRESENTE, AGGIORNATA CON SUCCESSO
VARIANTE GIA' PRESENTE, AGGIORNATA CON SUCCESSO
VARIANTE GIA' PRESENTE, AGGIORNATA CON SUCCESSO
VARIANTE GIA' PRESENTE, AGGIORNATA CON SUCCESSO
VARIANTE GIA' PRESENTE, AGGIORNATA CON SUCCESSO
VARIANTE GIA' PRESENTE, AGGIORNATA CON SUCCESSO
VARIANTE GIA' PRESENTE, AGGIORNATA CON SUCCESSO
VARIANTE GIA' PRESENTE, AGGIORNATA CON SUCCESSO
VARIANTE GIA' PRESENTE, AGGIORNATA CON SUCCESSO
VARIANTE GIA' PRESENTE, AGGIORNATA CON SUCCESSO
VARIANTE GIA' PRESENTE, AGGIORNATA CON SUCCESSO
VARIANTE GIA' PRESENTE, AGGIORNATA CON SUCCESSO
VARIANTE GIA' PRESENTE, AGGIORNATA CON SUCCESSO
VARIANTE GIA' PRESENTE, AGGIORNATA CON SUCCESSO
VARIANTE GIA' PRESENTE, AGGIORNATA CON SUCCESSO
VARIANTE GIA' PRESENTE, AGGIORNATA CON SUCCESSO
VARIANTE GIA' PRESENTE, AGGIORNATA CON SUCCESSO
VARIANTE GIA' PRESENTE, AGGIORNATA CON SUCCESSO
VARIANTE GIA' PRESENTE, AGGIORNATA CON SUCCESSO
VARIANTE GIA' PRESENTE, AGGIORNATA CON SUCCESSO
VARIANTE GIA' PRESENTE, AGGIORNATA CON SUCCESSO
VARIANTE GIA' PRESENTE, AGGIORNATA CON SUCCESSO
VARIANTE GIA' PRESENTE, AGGIORNATA CON SUCCESSO
VARIANTE GIA' PRESENTE, AGGIORNATA CON SUCCESSO
VARIANTE GIA' PRESENTE, AGGIORNATA CON SUCCESSO
VARIANTE GIA' PRESENTE, AGGIORNATA CON SUCCESSO
VARIANTE GIA' PRESENTE, AGGIORNATA CON SUCCESSO
VARIANTE GIA' PRESENTE, AGGIORNATA CON SUCCESSO
VARIANTE GIA' PRESENTE, AGGIORNATA CON SUCCESSO
VARIANTE GIA' PRESENTE, AGGIORNATA CON SUCCESSO
VARIANTE GIA' PRESENTE, AGGIORNATA CON SUCCESSO
VARIANTE GIA' PRESENTE, AGGIORNATA CON SUCCESSO
VARIANTE GIA' PRESENTE, AGGIORNATA CON SUCCESSO
VARIANTE GIA' PRESENTE, AGGIORNATA CON SUCCESSO
VARIANTE GIA' PRESENTE, AGGIORNATA CON SUCCESSO
VARIANTE GIA' PRESENTE, AGGIORNATA CON SUCCESSO
VARIANTE GIA' PRESENTE, AGGIORNATA CON SUCCESSO
VARIANTE GIA' PRESENTE, AGGIORNATA CON SUCCESSO
VARIANTE GIA' PRESENTE, AGGIORNATA CON SUCCESSO
VARIANTE GIA' PRESENTE, AGGIORNATA CON SUCCESSO
VARIANTE GIA' PRESENTE, AGGIORNATA CON SUCCESSO
VARIANTE GIA' PRESENTE, AGGIORNATA CON SUCCESSO
VARIANTE GIA' PRESENTE, AGGIORNATA CON SUCCESSO
VARIANTE GIA' PRESENTE, AGGIORNATA CON SUCCESSO
VARIANTE GIA' PRESENTE, AGGIORNATA CON SUCCESSO
VARIANTE GIA' PRESENTE, AGGIORNATA CON SUCCESSO
VARIANTE GIA' PRESENTE, AGGIORNATA CON SUCCESSO
VARIANTE GIA' PRESENTE, AGGIORNATA CON SUCCESSO
VARIANTE GIA' PRESENTE, AGGIORNATA CON SUCCESSO
VARIANTE GIA' PRESENTE, AGGIORNATA CON SUCCESSO
VARIANTE GIA' PRESENTE, AGGIORNATA CON SUCCESSO
VARIANTE GIA' PRESENTE, AGGIORNATA CON SUCCESSO
VARIANTE GIA' PRESENTE, AGGIORNATA CON SUCCESSO
VARIANTE GIA' PRESENTE, AGGIORNATA CON SUCCESSO
VARIANTE GIA' PRESENTE, AGGIORNATA CON SUCCESSO
VARIANTE GIA' PRESENTE, AGGIORNATA CON SUCCESSO
VARIANTE GIA' PRESENTE, AGGIORNATA CON SUCCESSO
VARIANTE GIA' PRESENTE, AGGIORNATA CON SUCCESSO
VARIANTE GIA' PRESENTE, AGGIORNATA CON SUCCESSO
VARIANTE GIA' PRESENTE, AGGIORNATA CON SUCCESSO
VARIANTE GIA' PRESENTE, AGGIORNATA CON SUCCESSO
VARIANTE GIA' PRESENTE, AGGIORNATA CON SUCCESSO
VARIANTE GIA' PRESENTE, AGGIORNATA CON SUCCESSO
VARIANTE GIA' PRESENTE, AGGIORNATA CON SUCCESSO
VARIANTE GIA' PRESENTE, AGGIORNATA CON SUCCESSO
VARIANTE GIA' PRESENTE, AGGIORNATA CON SUCCESSO
VARIANTE GIA' PRESENTE, AGGIORNATA CON SUCCESSO
VARIANTE GIA' PRESENTE, AGGIORNATA CON SUCCESSO
VARIANTE GIA' PRESENTE, AGGIORNATA CON SUCCESSO
VARIANTE GIA' PRESENTE, AGGIORNATA CON SUCCESSO
VARIANTE GIA' PRESENTE, AGGIORNATA CON SUCCESSO
VARIANTE GIA' PRESENTE, AGGIORNATA CON SUCCESSO
VARIANTE GIA' PRESENTE, AGGIORNATA CON SUCCESSO
VARIANTE GIA' PRESENTE, AGGIORNATA CON SUCCESSO
VARIANTE GIA' PRESENTE, AGGIORNATA CON SUCCESSO
VARIANTE GIA' PRESENTE, AGGIORNATA CON SUCCESSO
VARIANTE GIA' PRESENTE, AGGIORNATA CON SUCCESSO
VARIANTE GIA' PRESENTE, AGGIORNATA CON SUCCESSO
VARIANTE GIA' PRESENTE, AGGIORNATA CON SUCCESSO
VARIANTE GIA' PRESENTE, AGGIORNATA CON SUCCESSO
VARIANTE GIA' PRESENTE, AGGIORNATA CON SUCCESSO
VARIANTE GIA' PRESENTE, AGGIORNATA CON SUCCESSO
VARIANTE GIA' PRESENTE, AGGIORNATA CON SUCCESSO
VARIANTE GIA' PRESENTE, AGGIORNATA CON SUCCESSO
VARIANTE GIA' PRESENTE, AGGIORNATA CON SUCCESSO
VARIANTE GIA' PRESENTE, AGGIORNATA CON SUCCESSO
VARIANTE GIA' PRESENTE, AGGIORNATA CON SUCCESSO
VARIANTE GIA' PRESENTE, AGGIORNATA CON SUCCESSO
VARIANTE GIA' PRESENTE, AGGIORNATA CON SUCCESSO
VARIANTE GIA' PRESENTE, AGGIORNATA CON SUCCESSO
VARIANTE GIA' PRESENTE, AGGIORNATA CON SUCCESSO
VARIANTE GIA' PRESENTE, AGGIORNATA CON SUCCESSO
VARIANTE GIA' PRESENTE, AGGIORNATA CON SUCCESSO
VARIANTE GIA' PRESENTE, AGGIORNATA CON SUCCESSO
VARIANTE GIA' PRESENTE, AGGIORNATA CON SUCCESSO
VARIANTE GIA' PRESENTE, AGGIORNATA CON SUCCESSO
VARIANTE GIA' PRESENTE, AGGIORNATA CON SUCCESSO
VARIANTE GIA' PRESENTE, AGGIORNATA CON SUCCESSO
VARIANTE GIA' PRESENTE, AGGIORNATA CON SUCCESSO
VARIANTE GIA' PRESENTE, AGGIORNATA CON SUCCESSO
VARIANTE GIA' PRESENTE, AGGIORNATA CON SUCCESSO
VARIANTE GIA' PRESENTE, AGGIORNATA CON SUCCESSO
VARIANTE GIA' PRESENTE, AGGIORNATA CON SUCCESSO
VARIANTE GIA' PRESENTE, AGGIORNATA CON SUCCESSO
VARIANTE GIA' PRESENTE, AGGIORNATA CON SUCCESSO
VARIANTE GIA' PRESENTE, AGGIORNATA CON SUCCESSO
VARIANTE GIA' PRESENTE, AGGIORNATA CON SUCCESSO
VARIANTE GIA' PRESENTE, AGGIORNATA CON SUCCESSO
VARIANTE GIA' PRESENTE, AGGIORNATA CON SUCCESSO
VARIANTE GIA' PRESENTE, AGGIORNATA CON SUCCESSO
VARIANTE GIA' PRESENTE, AGGIORNATA CON SUCCESSO
VARIANTE GIA' PRESENTE, AGGIORNATA CON SUCCESSO
VARIANTE GIA' PRESENTE, AGGIORNATA CON SUCCESSO
VARIANTE GIA' PRESENTE, AGGIORNATA CON SUCCESSO
VARIANTE GIA' PRESENTE, AGGIORNATA CON SUCCESSO
VARIANTE GIA' PRESENTE, AGGIORNATA CON SUCCESSO
VARIANTE GIA' PRESENTE, AGGIORNATA CON SUCCESSO
VARIANTE GIA' PRESENTE, AGGIORNATA CON SUCCESSO
VARIANTE GIA' PRESENTE, AGGIORNATA CON SUCCESSO
VARIANTE GIA' PRESENTE, AGGIORNATA CON SUCCESSO
VARIANTE GIA' PRESENTE, AGGIORNATA CON SUCCESSO
VARIANTE GIA' PRESENTE, AGGIORNATA CON SUCCESSO
VARIANTE GIA' PRESENTE, AGGIORNATA CON SUCCESSO
VARIANTE GIA' PRESENTE, AGGIORNATA CON SUCCESSO
VARIANTE GIA' PRESENTE, AGGIORNATA CON SUCCESSO
VARIANTE GIA' PRESENTE, AGGIORNATA CON SUCCESSO
VARIANTE GIA' PRESENTE, AGGIORNATA CON SUCCESSO
VARIANTE GIA' PRESENTE, AGGIORNATA CON SUCCESSO
VARIANTE GIA' PRESENTE, AGGIORNATA CON SUCCESSO
VARIANTE GIA' PRESENTE, AGGIORNATA CON SUCCESSO
VARIANTE GIA' PRESENTE, AGGIORNATA CON SUCCESSO
VARIANTE GIA' PRESENTE, AGGIORNATA CON SUCCESSO
VARIANTE GIA' PRESENTE, AGGIORNATA CON SUCCESSO
VARIANTE GIA' PRESENTE, AGGIORNATA CON SUCCESSO
VARIANTE GIA' PRESENTE, AGGIORNATA CON SUCCESSO
VARIANTE GIA' PRESENTE, AGGIORNATA CON SUCCESSO
VARIANTE GIA' PRESENTE, AGGIORNATA CON SUCCESSO
VARIANTE GIA' PRESENTE, AGGIORNATA CON SUCCESSO
VARIANTE GIA' PRESENTE, AGGIORNATA CON SUCCESSO
VARIANTE GIA' PRESENTE, AGGIORNATA CON SUCCESSO
VARIANTE GIA' PRESENTE, AGGIORNATA CON SUCCESSO
VARIANTE GIA' PRESENTE, AGGIORNATA CON SUCCESSO
VARIANTE GIA' PRESENTE, AGGIORNATA CON SUCCESSO
VARIANTE GIA' PRESENTE, AGGIORNATA CON SUCCESSO
VARIANTE GIA' PRESENTE, AGGIORNATA CON SUCCESSO
VARIANTE GIA' PRESENTE, AGGIORNATA CON SUCCESSO
VARIANTE GIA' PRESENTE, AGGIORNATA CON SUCCESSO
VARIANTE GIA' PRESENTE, AGGIORNATA CON SUCCESSO
VARIANTE GIA' PRESENTE, AGGIORNATA CON SUCCESSO
VARIANTE GIA' PRESENTE, AGGIORNATA CON SUCCESSO
VARIANTE GIA' PRESENTE, AGGIORNATA CON SUCCESSO
VARIANTE GIA' PRESENTE, AGGIORNATA CON SUCCESSO
VARIANTE GIA' PRESENTE, AGGIORNATA CON SUCCESSO
VARIANTE GIA' PRESENTE, AGGIORNATA CON SUCCESSO
VARIANTE GIA' PRESENTE, AGGIORNATA CON SUCCESSO
VARIANTE GIA' PRESENTE, AGGIORNATA CON SUCCESSO
VARIANTE GIA' PRESENTE, AGGIORNATA CON SUCCESSO
VARIANTE GIA' PRESENTE, AGGIORNATA CON SUCCESSO
VARIANTE GIA' PRESENTE, AGGIORNATA CON SUCCESSO
VARIANTE GIA' PRESENTE, AGGIORNATA CON SUCCESSO
VARIANTE GIA' PRESENTE, AGGIORNATA CON SUCCESSO
VARIANTE GIA' PRESENTE, AGGIORNATA CON SUCCESSO
VARIANTE GIA' PRESENTE, AGGIORNATA CON SUCCESSO
VARIANTE GIA' PRESENTE, AGGIORNATA CON SUCCESSO
VARIANTE GIA' PRESENTE, AGGIORNATA CON SUCCESSO
VARIANTE GIA' PRESENTE, AGGIORNATA CON SUCCESSO
VARIANTE GIA' PRESENTE, AGGIORNATA CON SUCCESSO
VARIANTE GIA' PRESENTE, AGGIORNATA CON SUCCESSO
VARIANTE GIA' PRESENTE, AGGIORNATA CON SUCCESSO
VARIANTE GIA' PRESENTE, AGGIORNATA CON SUCCESSO
VARIANTE GIA' PRESENTE, AGGIORNATA CON SUCCESSO
VARIANTE GIA' PRESENTE, AGGIORNATA CON SUCCESSO
VARIANTE GIA' PRESENTE, AGGIORNATA CON SUCCESSO
VARIANTE GIA' PRESENTE, AGGIORNATA CON SUCCESSO
VARIANTE GIA' PRESENTE, AGGIORNATA CON SUCCESSO
VARIANTE GIA' PRESENTE, AGGIORNATA CON SUCCESSO
VARIANTE GIA' PRESENTE, AGGIORNATA CON SUCCESSO
VARIANTE GIA' PRESENTE, AGGIORNATA CON SUCCESSO
VARIANTE GIA' PRESENTE, AGGIORNATA CON SUCCESSO
VARIANTE GIA' PRESENTE, AGGIORNATA CON SUCCESSO
VARIANTE GIA' PRESENTE, AGGIORNATA CON SUCCESSO
VARIANTE GIA' PRESENTE, AGGIORNATA CON SUCCESSO
VARIANTE GIA' PRESENTE, AGGIORNATA CON SUCCESSO
VARIANTE GIA' PRESENTE, AGGIORNATA CON SUCCESSO
VARIANTE GIA' PRESENTE, AGGIORNATA CON SUCCESSO
VARIANTE GIA' PRESENTE, AGGIORNATA CON SUCCESSO
VARIANTE GIA' PRESENTE, AGGIORNATA CON SUCCESSO
VARIANTE GIA' PRESENTE, AGGIORNATA CON SUCCESSO
VARIANTE GIA' PRESENTE, AGGIORNATA CON SUCCESSO
VARIANTE GIA' PRESENTE, AGGIORNATA CON SUCCESSO
VARIANTE GIA' PRESENTE, AGGIORNATA CON SUCCESSO
VARIANTE GIA' PRESENTE, AGGIORNATA CON SUCCESSO
VARIANTE GIA' PRESENTE, AGGIORNATA CON SUCCESSO
VARIANTE GIA' PRESENTE, AGGIORNATA CON SUCCESSO
VARIANTE GIA' PRESENTE, AGGIORNATA CON SUCCESSO
VARIANTE GIA' PRESENTE, AGGIORNATA CON SUCCESSO
VARIANTE GIA' PRESENTE, AGGIORNATA CON SUCCESSO
VARIANTE GIA' PRESENTE, AGGIORNATA CON SUCCESSO
VARIANTE GIA' PRESENTE, AGGIORNATA CON SUCCESSO
VARIANTE GIA' PRESENTE, AGGIORNATA CON SUCCESSO
VARIANTE GIA' PRESENTE, AGGIORNATA CON SUCCESSO
VARIANTE GIA' PRESENTE, AGGIORNATA CON SUCCESSO
VARIANTE GIA' PRESENTE, AGGIORNATA CON SUCCESSO
VARIANTE GIA' PRESENTE, AGGIORNATA CON SUCCESSO
VARIANTE GIA' PRESENTE, AGGIORNATA CON SUCCESSO
VARIANTE GIA' PRESENTE, AGGIORNATA CON SUCCESSO
VARIANTE GIA' PRESENTE, AGGIORNATA CON SUCCESSO
VARIANTE GIA' PRESENTE, AGGIORNATA CON SUCCESSO
VARIANTE GIA' PRESENTE, AGGIORNATA CON SUCCESSO
VARIANTE GIA' PRESENTE, AGGIORNATA CON SUCCESSO
VARIANTE GIA' PRESENTE, AGGIORNATA CON SUCCESSO
VARIANTE GIA' PRESENTE, AGGIORNATA CON SUCCESSO
VARIANTE GIA' PRESENTE, AGGIORNATA CON SUCCESSO
VARIANTE GIA' PRESENTE, AGGIORNATA CON SUCCESSO
VARIANTE GIA' PRESENTE, AGGIORNATA CON SUCCESSO
VARIANTE GIA' PRESENTE, AGGIORNATA CON SUCCESSO
VARIANTE GIA' PRESENTE, AGGIORNATA CON SUCCESSO
VARIANTE GIA' PRESENTE, AGGIORNATA CON SUCCESSO
VARIANTE GIA' PRESENTE, AGGIORNATA CON SUCCESSO
VARIANTE GIA' PRESENTE, AGGIORNATA CON SUCCESSO
VARIANTE GIA' PRESENTE, AGGIORNATA CON SUCCESSO
VARIANTE GIA' PRESENTE, AGGIORNATA CON SUCCESSO
VARIANTE GIA' PRESENTE, AGGIORNATA CON SUCCESSO
VARIANTE GIA' PRESENTE, AGGIORNATA CON SUCCESSO
VARIANTE GIA' PRESENTE, AGGIORNATA CON SUCCESSO
VARIANTE GIA' PRESENTE, AGGIORNATA CON SUCCESSO
VARIANTE GIA' PRESENTE, AGGIORNATA CON SUCCESSO
VARIANTE GIA' PRESENTE, AGGIORNATA CON SUCCESSO
VARIANTE GIA' PRESENTE, AGGIORNATA CON SUCCESSO
VARIANTE GIA' PRESENTE, AGGIORNATA CON SUCCESSO
VARIANTE GIA' PRESENTE, AGGIORNATA CON SUCCESSO
VARIANTE GIA' PRESENTE, AGGIORNATA CON SUCCESSO
VARIANTE GIA' PRESENTE, AGGIORNATA CON SUCCESSO
VARIANTE GIA' PRESENTE, AGGIORNATA CON SUCCESSO
VARIANTE GIA' PRESENTE, AGGIORNATA CON SUCCESSO
VARIANTE GIA' PRESENTE, AGGIORNATA CON SUCCESSO
VARIANTE GIA' PRESENTE, AGGIORNATA CON SUCCESSO
VARIANTE GIA' PRESENTE, AGGIORNATA CON SUCCESSO
VARIANTE GIA' PRESENTE, AGGIORNATA CON SUCCESSO
VARIANTE GIA' PRESENTE, AGGIORNATA CON SUCCESSO
VARIANTE GIA' PRESENTE, AGGIORNATA CON SUCCESSO
VARIANTE GIA' PRESENTE, AGGIORNATA CON SUCCESSO
VARIANTE GIA' PRESENTE, AGGIORNATA CON SUCCESSO
VARIANTE GIA' PRESENTE, AGGIORNATA CON SUCCESSO
VARIANTE GIA' PRESENTE, AGGIORNATA CON SUCCESSO
VARIANTE GIA' PRESENTE, AGGIORNATA CON SUCCESSO
VARIANTE GIA' PRESENTE, AGGIORNATA CON SUCCESSO
VARIANTE GIA' PRESENTE, AGGIORNATA CON SUCCESSO
VARIANTE GIA' PRESENTE, AGGIORNATA CON SUCCESSO
VARIANTE GIA' PRESENTE, AGGIORNATA CON SUCCESSO
VARIANTE GIA' PRESENTE, AGGIORNATA CON SUCCESSO
VARIANTE GIA' PRESENTE, AGGIORNATA CON SUCCESSO
VARIANTE GIA' PRESENTE, AGGIORNATA CON SUCCESSO
VARIANTE GIA' PRESENTE, AGGIORNATA CON SUCCESSO
VARIANTE GIA' PRESENTE, AGGIORNATA CON SUCCESSO
VARIANTE GIA' PRESENTE, AGGIORNATA CON SUCCESSO
VARIANTE GIA' PRESENTE, AGGIORNATA CON SUCCESSO
VARIANTE GIA' PRESENTE, AGGIORNATA CON SUCCESSO
VARIANTE GIA' PRESENTE, AGGIORNATA CON SUCCESSO
VARIANTE GIA' PRESENTE, AGGIORNATA CON SUCCESSO
VARIANTE GIA' PRESENTE, AGGIORNATA CON SUCCESSO
VARIANTE GIA' PRESENTE, AGGIORNATA CON SUCCESSO
VARIANTE GIA' PRESENTE, AGGIORNATA CON SUCCESSO
VARIANTE GIA' PRESENTE, AGGIORNATA CON SUCCESSO
VARIANTE GIA' PRESENTE, AGGIORNATA CON SUCCESSO
VARIANTE GIA' PRESENTE, AGGIORNATA CON SUCCESSO
VARIANTE GIA' PRESENTE, AGGIORNATA CON SUCCESSO
VARIANTE GIA' PRESENTE, AGGIORNATA CON SUCCESSO
VARIANTE GIA' PRESENTE, AGGIORNATA CON SUCCESSO
VARIANTE GIA' PRESENTE, AGGIORNATA CON SUCCESSO
VARIANTE GIA' PRESENTE, AGGIORNATA CON SUCCESSO
VARIANTE GIA' PRESENTE, AGGIORNATA CON SUCCESSO
VARIANTE GIA' PRESENTE, AGGIORNATA CON SUCCESSO
VARIANTE GIA' PRESENTE, AGGIORNATA CON SUCCESSO
VARIANTE GIA' PRESENTE, AGGIORNATA CON SUCCESSO
VARIANTE GIA' PRESENTE, AGGIORNATA CON SUCCESSO
VARIANTE GIA' PRESENTE, AGGIORNATA CON SUCCESSO
VARIANTE GIA' PRESENTE, AGGIORNATA CON SUCCESSO
VARIANTE GIA' PRESENTE, AGGIORNATA CON SUCCESSO
VARIANTE GIA' PRESENTE, AGGIORNATA CON SUCCESSO
VARIANTE GIA' PRESENTE, AGGIORNATA CON SUCCESSO
VARIANTE GIA' PRESENTE, AGGIORNATA CON SUCCESSO
VARIANTE GIA' PRESENTE, AGGIORNATA CON SUCCESSO
VARIANTE GIA' PRESENTE, AGGIORNATA CON SUCCESSO
VARIANTE GIA' PRESENTE, AGGIORNATA CON SUCCESSO
VARIANTE GIA' PRESENTE, AGGIORNATA CON SUCCESSO
VARIANTE GIA' PRESENTE, AGGIORNATA CON SUCCESSO
VARIANTE GIA' PRESENTE, AGGIORNATA CON SUCCESSO
VARIANTE GIA' PRESENTE, AGGIORNATA CON SUCCESSO
VARIANTE GIA' PRESENTE, AGGIORNATA CON SUCCESSO
VARIANTE GIA' PRESENTE, AGGIORNATA CON SUCCESSO
VARIANTE GIA' PRESENTE, AGGIORNATA CON SUCCESSO
VARIANTE GIA' PRESENTE, AGGIORNATA CON SUCCESSO
VARIANTE GIA' PRESENTE, AGGIORNATA CON SUCCESSO
VARIANTE GIA' PRESENTE, AGGIORNATA CON SUCCESSO
VARIANTE GIA' PRESENTE, AGGIORNATA CON SUCCESSO
VARIANTE GIA' PRESENTE, AGGIORNATA CON SUCCESSO
VARIANTE GIA' PRESENTE, AGGIORNATA CON SUCCESSO
VARIANTE GIA' PRESENTE, AGGIORNATA CON SUCCESSO
VARIANTE GIA' PRESENTE, AGGIORNATA CON SUCCESSO
VARIANTE GIA' PRESENTE, AGGIORNATA CON SUCCESSO
VARIANTE GIA' PRESENTE, AGGIORNATA CON SUCCESSO
VARIANTE GIA' PRESENTE, AGGIORNATA CON SUCCESSO
VARIANTE GIA' PRESENTE, AGGIORNATA CON SUCCESSO
VARIANTE GIA' PRESENTE, AGGIORNATA CON SUCCESSO
VARIANTE GIA' PRESENTE, AGGIORNATA CON SUCCESSO
VARIANTE GIA' PRESENTE, AGGIORNATA CON SUCCESSO
VARIANTE GIA' PRESENTE, AGGIORNATA CON SUCCESSO
VARIANTE GIA' PRESENTE, AGGIORNATA CON SUCCESSO
VARIANTE GIA' PRESENTE, AGGIORNATA CON SUCCESSO
VARIANTE GIA' PRESENTE, AGGIORNATA CON SUCCESSO
VARIANTE GIA' PRESENTE, AGGIORNATA CON SUCCESSO
VARIANTE GIA' PRESENTE, AGGIORNATA CON SUCCESSO
VARIANTE GIA' PRESENTE, AGGIORNATA CON SUCCESSO
VARIANTE GIA' PRESENTE, AGGIORNATA CON SUCCESSO
VARIANTE GIA' PRESENTE, AGGIORNATA CON SUCCESSO
VARIANTE GIA' PRESENTE, AGGIORNATA CON SUCCESSO
VARIANTE GIA' PRESENTE, AGGIORNATA CON SUCCESSO
VARIANTE GIA' PRESENTE, AGGIORNATA CON SUCCESSO
VARIANTE GIA' PRESENTE, AGGIORNATA CON SUCCESSO
VARIANTE GIA' PRESENTE, AGGIORNATA CON SUCCESSO
VARIANTE GIA' PRESENTE, AGGIORNATA CON SUCCESSO
VARIANTE GIA' PRESENTE, AGGIORNATA CON SUCCESSO
VARIANTE GIA' PRESENTE, AGGIORNATA CON SUCCESSO
VARIANTE GIA' PRESENTE, AGGIORNATA CON SUCCESSO
VARIANTE GIA' PRESENTE, AGGIORNATA CON SUCCESSO
VARIANTE GIA' PRESENTE, AGGIORNATA CON SUCCESSO
VARIANTE GIA' PRESENTE, AGGIORNATA CON SUCCESSO
VARIANTE GIA' PRESENTE, AGGIORNATA CON SUCCESSO
VARIANTE GIA' PRESENTE, AGGIORNATA CON SUCCESSO
VARIANTE GIA' PRESENTE, AGGIORNATA CON SUCCESSO
VARIANTE GIA' PRESENTE, AGGIORNATA CON SUCCESSO
VARIANTE GIA' PRESENTE, AGGIORNATA CON SUCCESSO
VARIANTE GIA' PRESENTE, AGGIORNATA CON SUCCESSO
VARIANTE GIA' PRESENTE, AGGIORNATA CON SUCCESSO
VARIANTE GIA' PRESENTE, AGGIORNATA CON SUCCESSO
VARIANTE GIA' PRESENTE, AGGIORNATA CON SUCCESSO
VARIANTE GIA' PRESENTE, AGGIORNATA CON SUCCESSO
VARIANTE GIA' PRESENTE, AGGIORNATA CON SUCCESSO
VARIANTE GIA' PRESENTE, AGGIORNATA CON SUCCESSO
VARIANTE GIA' PRESENTE, AGGIORNATA CON SUCCESSO
VARIANTE GIA' PRESENTE, AGGIORNATA CON SUCCESSO
VARIANTE GIA' PRESENTE, AGGIORNATA CON SUCCESSO
VARIANTE GIA' PRESENTE, AGGIORNATA CON SUCCESSO
VARIANTE GIA' PRESENTE, AGGIORNATA CON SUCCESSO
VARIANTE GIA' PRESENTE, AGGIORNATA CON SUCCESSO
VARIANTE GIA' PRESENTE, AGGIORNATA CON SUCCESSO
VARIANTE GIA' PRESENTE, AGGIORNATA CON SUCCESSO
VARIANTE GIA' PRESENTE, AGGIORNATA CON SUCCESSO
VARIANTE GIA' PRESENTE, AGGIORNATA CON SUCCESSO
VARIANTE GIA' PRESENTE, AGGIORNATA CON SUCCESSO
VARIANTE GIA' PRESENTE, AGGIORNATA CON SUCCESSO
VARIANTE GIA' PRESENTE, AGGIORNATA CON SUCCESSO
VARIANTE GIA' PRESENTE, AGGIORNATA CON SUCCESSO
VARIANTE GIA' PRESENTE, AGGIORNATA CON SUCCESSO
VARIANTE GIA' PRESENTE, AGGIORNATA CON SUCCESSO
VARIANTE GIA' PRESENTE, AGGIORNATA CON SUCCESSO
VARIANTE GIA' PRESENTE, AGGIORNATA CON SUCCESSO
VARIANTE GIA' PRESENTE, AGGIORNATA CON SUCCESSO
VARIANTE GIA' PRESENTE, AGGIORNATA CON SUCCESSO
VARIANTE GIA' PRESENTE, AGGIORNATA CON SUCCESSO
VARIANTE GIA' PRESENTE, AGGIORNATA CON SUCCESSO
VARIANTE GIA' PRESENTE, AGGIORNATA CON SUCCESSO
VARIANTE GIA' PRESENTE, AGGIORNATA CON SUCCESSO
VARIANTE GIA' PRESENTE, AGGIORNATA CON SUCCESSO
VARIANTE GIA' PRESENTE, AGGIORNATA CON SUCCESSO
VARIANTE GIA' PRESENTE, AGGIORNATA CON SUCCESSO
VARIANTE GIA' PRESENTE, AGGIORNATA CON SUCCESSO
VARIANTE GIA' PRESENTE, AGGIORNATA CON SUCCESSO
VARIANTE GIA' PRESENTE, AGGIORNATA CON SUCCESSO
VARIANTE GIA' PRESENTE, AGGIORNATA CON SUCCESSO
VARIANTE GIA' PRESENTE, AGGIORNATA CON SUCCESSO
VARIANTE GIA' PRESENTE, AGGIORNATA CON SUCCESSO
VARIANTE GIA' PRESENTE, AGGIORNATA CON SUCCESSO
VARIANTE GIA' PRESENTE, AGGIORNATA CON SUCCESSO
VARIANTE GIA' PRESENTE, AGGIORNATA CON SUCCESSO
VARIANTE GIA' PRESENTE, AGGIORNATA CON SUCCESSO
VARIANTE GIA' PRESENTE, AGGIORNATA CON SUCCESSO
VARIANTE GIA' PRESENTE, AGGIORNATA CON SUCCESSO
VARIANTE GIA' PRESENTE, AGGIORNATA CON SUCCESSO
VARIANTE GIA' PRESENTE, AGGIORNATA CON SUCCESSO
VARIANTE GIA' PRESENTE, AGGIORNATA CON SUCCESSO
VARIANTE GIA' PRESENTE, AGGIORNATA CON SUCCESSO
VARIANTE GIA' PRESENTE, AGGIORNATA CON SUCCESSO
VARIANTE GIA' PRESENTE, AGGIORNATA CON SUCCESSO
VARIANTE GIA' PRESENTE, AGGIORNATA CON SUCCESSO
VARIANTE GIA' PRESENTE, AGGIORNATA CON SUCCESSO
VARIANTE GIA' PRESENTE, AGGIORNATA CON SUCCESSO
VARIANTE GIA' PRESENTE, AGGIORNATA CON SUCCESSO
VARIANTE GIA' PRESENTE, AGGIORNATA CON SUCCESSO
VARIANTE GIA' PRESENTE, AGGIORNATA CON SUCCESSO
VARIANTE GIA' PRESENTE, AGGIORNATA CON SUCCESSO
VARIANTE GIA' PRESENTE, AGGIORNATA CON SUCCESSO
VARIANTE GIA' PRESENTE, AGGIORNATA CON SUCCESSO
VARIANTE GIA' PRESENTE, AGGIORNATA CON SUCCESSO
VARIANTE GIA' PRESENTE, AGGIORNATA CON SUCCESSO
VARIANTE GIA' PRESENTE, AGGIORNATA CON SUCCESSO
VARIANTE GIA' PRESENTE, AGGIORNATA CON SUCCESSO
VARIANTE GIA' PRESENTE, AGGIORNATA CON SUCCESSO
VARIANTE GIA' PRESENTE, AGGIORNATA CON SUCCESSO
VARIANTE GIA' PRESENTE, AGGIORNATA CON SUCCESSO
VARIANTE GIA' PRESENTE, AGGIORNATA CON SUCCESSO
VARIANTE GIA' PRESENTE, AGGIORNATA CON SUCCESSO
VARIANTE GIA' PRESENTE, AGGIORNATA CON SUCCESSO
VARIANTE GIA' PRESENTE, AGGIORNATA CON SUCCESSO
VARIANTE GIA' PRESENTE, AGGIORNATA CON SUCCESSO
VARIANTE GIA' PRESENTE, AGGIORNATA CON SUCCESSO
VARIANTE GIA' PRESENTE, AGGIORNATA CON SUCCESSO
VARIANTE GIA' PRESENTE, AGGIORNATA CON SUCCESSO
VARIANTE GIA' PRESENTE, AGGIORNATA CON SUCCESSO
VARIANTE GIA' PRESENTE, AGGIORNATA CON SUCCESSO
VARIANTE GIA' PRESENTE, AGGIORNATA CON SUCCESSO
VARIANTE GIA' PRESENTE, AGGIORNATA CON SUCCESSO
VARIANTE GIA' PRESENTE, AGGIORNATA CON SUCCESSO
VARIANTE GIA' PRESENTE, AGGIORNATA CON SUCCESSO
VARIANTE GIA' PRESENTE, AGGIORNATA CON SUCCESSO
VARIANTE GIA' PRESENTE, AGGIORNATA CON SUCCESSO
VARIANTE GIA' PRESENTE, AGGIORNATA CON SUCCESSO
VARIANTE GIA' PRESENTE, AGGIORNATA CON SUCCESSO
VARIANTE GIA' PRESENTE, AGGIORNATA CON SUCCESSO
VARIANTE GIA' PRESENTE, AGGIORNATA CON SUCCESSO
VARIANTE GIA' PRESENTE, AGGIORNATA CON SUCCESSO
VARIANTE GIA' PRESENTE, AGGIORNATA CON SUCCESSO
VARIANTE GIA' PRESENTE, AGGIORNATA CON SUCCESSO
VARIANTE GIA' PRESENTE, AGGIORNATA CON SUCCESSO
VARIANTE GIA' PRESENTE, AGGIORNATA CON SUCCESSO
VARIANTE GIA' PRESENTE, AGGIORNATA CON SUCCESSO
VARIANTE GIA' PRESENTE, AGGIORNATA CON SUCCESSO
VARIANTE GIA' PRESENTE, AGGIORNATA CON SUCCESSO
VARIANTE GIA' PRESENTE, AGGIORNATA CON SUCCESSO
VARIANTE GIA' PRESENTE, AGGIORNATA CON SUCCESSO
VARIANTE GIA' PRESENTE, AGGIORNATA CON SUCCESSO
VARIANTE GIA' PRESENTE, AGGIORNATA CON SUCCESSO
VARIANTE GIA' PRESENTE, AGGIORNATA CON SUCCESSO
VARIANTE GIA' PRESENTE, AGGIORNATA CON SUCCESSO
VARIANTE GIA' PRESENTE, AGGIORNATA CON SUCCESSO
VARIANTE GIA' PRESENTE, AGGIORNATA CON SUCCESSO
VARIANTE GIA' PRESENTE, AGGIORNATA CON SUCCESSO
VARIANTE GIA' PRESENTE, AGGIORNATA CON SUCCESSO
VARIANTE GIA' PRESENTE, AGGIORNATA CON SUCCESSO
VARIANTE GIA' PRESENTE, AGGIORNATA CON SUCCESSO
VARIANTE GIA' PRESENTE, AGGIORNATA CON SUCCESSO
VARIANTE GIA' PRESENTE, AGGIORNATA CON SUCCESSO
VARIANTE GIA' PRESENTE, AGGIORNATA CON SUCCESSO
VARIANTE GIA' PRESENTE, AGGIORNATA CON SUCCESSO
VARIANTE GIA' PRESENTE, AGGIORNATA CON SUCCESSO
VARIANTE GIA' PRESENTE, AGGIORNATA CON SUCCESSO
VARIANTE GIA' PRESENTE, AGGIORNATA CON SUCCESSO
VARIANTE GIA' PRESENTE, AGGIORNATA CON SUCCESSO
VARIANTE GIA' PRESENTE, AGGIORNATA CON SUCCESSO
VARIANTE GIA' PRESENTE, AGGIORNATA CON SUCCESSO
VARIANTE GIA' PRESENTE, AGGIORNATA CON SUCCESSO
VARIANTE GIA' PRESENTE, AGGIORNATA CON SUCCESSO
VARIANTE GIA' PRESENTE, AGGIORNATA CON SUCCESSO
VARIANTE GIA' PRESENTE, AGGIORNATA CON SUCCESSO
VARIANTE GIA' PRESENTE, AGGIORNATA CON SUCCESSO
VARIANTE GIA' PRESENTE, AGGIORNATA CON SUCCESSO
VARIANTE GIA' PRESENTE, AGGIORNATA CON SUCCESSO
VARIANTE GIA' PRESENTE, AGGIORNATA CON SUCCESSO
VARIANTE GIA' PRESENTE, AGGIORNATA CON SUCCESSO
VARIANTE GIA' PRESENTE, AGGIORNATA CON SUCCESSO
VARIANTE GIA' PRESENTE, AGGIORNATA CON SUCCESSO
VARIANTE GIA' PRESENTE, AGGIORNATA CON SUCCESSO
VARIANTE GIA' PRESENTE, AGGIORNATA CON SUCCESSO
VARIANTE GIA' PRESENTE, AGGIORNATA CON SUCCESSO
VARIANTE GIA' PRESENTE, AGGIORNATA CON SUCCESSO
VARIANTE GIA' PRESENTE, AGGIORNATA CON SUCCESSO
VARIANTE GIA' PRESENTE, AGGIORNATA CON SUCCESSO
VARIANTE GIA' PRESENTE, AGGIORNATA CON SUCCESSO
VARIANTE GIA' PRESENTE, AGGIORNATA CON SUCCESSO
VARIANTE GIA' PRESENTE, AGGIORNATA CON SUCCESSO
VARIANTE GIA' PRESENTE, AGGIORNATA CON SUCCESSO
VARIANTE GIA' PRESENTE, AGGIORNATA CON SUCCESSO
VARIANTE GIA' PRESENTE, AGGIORNATA CON SUCCESSO
VARIANTE GIA' PRESENTE, AGGIORNATA CON SUCCESSO
VARIANTE GIA' PRESENTE, AGGIORNATA CON SUCCESSO
VARIANTE GIA' PRESENTE, AGGIORNATA CON SUCCESSO
VARIANTE GIA' PRESENTE, AGGIORNATA CON SUCCESSO
VARIANTE GIA' PRESENTE, AGGIORNATA CON SUCCESSO
VARIANTE GIA' PRESENTE, AGGIORNATA CON SUCCESSO
VARIANTE GIA' PRESENTE, AGGIORNATA CON SUCCESSO
VARIANTE GIA' PRESENTE, AGGIORNATA CON SUCCESSO
VARIANTE GIA' PRESENTE, AGGIORNATA CON SUCCESSO
VARIANTE GIA' PRESENTE, AGGIORNATA CON SUCCESSO
VARIANTE GIA' PRESENTE, AGGIORNATA CON SUCCESSO
VARIANTE GIA' PRESENTE, AGGIORNATA CON SUCCESSO
VARIANTE GIA' PRESENTE, AGGIORNATA CON SUCCESSO
VARIANTE GIA' PRESENTE, AGGIORNATA CON SUCCESSO
VARIANTE GIA' PRESENTE, AGGIORNATA CON SUCCESSO
VARIANTE GIA' PRESENTE, AGGIORNATA CON SUCCESSO
VARIANTE GIA' PRESENTE, AGGIORNATA CON SUCCESSO
VARIANTE GIA' PRESENTE, AGGIORNATA CON SUCCESSO
VARIANTE GIA' PRESENTE, AGGIORNATA CON SUCCESSO
VARIANTE GIA' PRESENTE, AGGIORNATA CON SUCCESSO
VARIANTE GIA' PRESENTE, AGGIORNATA CON SUCCESSO
VARIANTE GIA' PRESENTE, AGGIORNATA CON SUCCESSO
VARIANTE GIA' PRESENTE, AGGIORNATA CON SUCCESSO
VARIANTE GIA' PRESENTE, AGGIORNATA CON SUCCESSO
VARIANTE GIA' PRESENTE, AGGIORNATA CON SUCCESSO
VARIANTE GIA' PRESENTE, AGGIORNATA CON SUCCESSO
VARIANTE GIA' PRESENTE, AGGIORNATA CON SUCCESSO
VARIANTE GIA' PRESENTE, AGGIORNATA CON SUCCESSO
VARIANTE GIA' PRESENTE, AGGIORNATA CON SUCCESSO
VARIANTE GIA' PRESENTE, AGGIORNATA CON SUCCESSO
VARIANTE GIA' PRESENTE, AGGIORNATA CON SUCCESSO
VARIANTE GIA' PRESENTE, AGGIORNATA CON SUCCESSO
VARIANTE GIA' PRESENTE, AGGIORNATA CON SUCCESSO
VARIANTE GIA' PRESENTE, AGGIORNATA CON SUCCESSO
VARIANTE GIA' PRESENTE, AGGIORNATA CON SUCCESSO
VARIANTE GIA' PRESENTE, AGGIORNATA CON SUCCESSO
VARIANTE GIA' PRESENTE, AGGIORNATA CON SUCCESSO
VARIANTE GIA' PRESENTE, AGGIORNATA CON SUCCESSO
VARIANTE GIA' PRESENTE, AGGIORNATA CON SUCCESSO
VARIANTE GIA' PRESENTE, AGGIORNATA CON SUCCESSO
VARIANTE GIA' PRESENTE, AGGIORNATA CON SUCCESSO
VARIANTE GIA' PRESENTE, AGGIORNATA CON SUCCESSO
VARIANTE GIA' PRESENTE, AGGIORNATA CON SUCCESSO
VARIANTE GIA' PRESENTE, AGGIORNATA CON SUCCESSO
VARIANTE GIA' PRESENTE, AGGIORNATA CON SUCCESSO
VARIANTE GIA' PRESENTE, AGGIORNATA CON SUCCESSO
VARIANTE GIA' PRESENTE, AGGIORNATA CON SUCCESSO
VARIANTE GIA' PRESENTE, AGGIORNATA CON SUCCESSO
VARIANTE GIA' PRESENTE, AGGIORNATA CON SUCCESSO
VARIANTE GIA' PRESENTE, AGGIORNATA CON SUCCESSO
VARIANTE GIA' PRESENTE, AGGIORNATA CON SUCCESSO
VARIANTE GIA' PRESENTE, AGGIORNATA CON SUCCESSO
VARIANTE GIA' PRESENTE, AGGIORNATA CON SUCCESSO
VARIANTE GIA' PRESENTE, AGGIORNATA CON SUCCESSO
VARIANTE GIA' PRESENTE, AGGIORNATA CON SUCCESSO
VARIANTE GIA' PRESENTE, AGGIORNATA CON SUCCESSO
VARIANTE GIA' PRESENTE, AGGIORNATA CON SUCCESSO
VARIANTE GIA' PRESENTE, AGGIORNATA CON SUCCESSO
VARIANTE GIA' PRESENTE, AGGIORNATA CON SUCCESSO
VARIANTE GIA' PRESENTE, AGGIORNATA CON SUCCESSO
VARIANTE GIA' PRESENTE, AGGIORNATA CON SUCCESSO
VARIANTE GIA' PRESENTE, AGGIORNATA CON SUCCESSO
VARIANTE GIA' PRESENTE, AGGIORNATA CON SUCCESSO
VARIANTE GIA' PRESENTE, AGGIORNATA CON SUCCESSO
VARIANTE GIA' PRESENTE, AGGIORNATA CON SUCCESSO
VARIANTE GIA' PRESENTE, AGGIORNATA CON SUCCESSO
VARIANTE GIA' PRESENTE, AGGIORNATA CON SUCCESSO
VARIANTE GIA' PRESENTE, AGGIORNATA CON SUCCESSO
VARIANTE GIA' PRESENTE, AGGIORNATA CON SUCCESSO
VARIANTE GIA' PRESENTE, AGGIORNATA CON SUCCESSO
VARIANTE GIA' PRESENTE, AGGIORNATA CON SUCCESSO
VARIANTE GIA' PRESENTE, AGGIORNATA CON SUCCESSO
VARIANTE GIA' PRESENTE, AGGIORNATA CON SUCCESSO
VARIANTE GIA' PRESENTE, AGGIORNATA CON SUCCESSO
VARIANTE GIA' PRESENTE, AGGIORNATA CON SUCCESSO
VARIANTE GIA' PRESENTE, AGGIORNATA CON SUCCESSO
VARIANTE GIA' PRESENTE, AGGIORNATA CON SUCCESSO
VARIANTE GIA' PRESENTE, AGGIORNATA CON SUCCESSO
VARIANTE GIA' PRESENTE, AGGIORNATA CON SUCCESSO
VARIANTE GIA' PRESENTE, AGGIORNATA CON SUCCESSO
VARIANTE GIA' PRESENTE, AGGIORNATA CON SUCCESSO
VARIANTE GIA' PRESENTE, AGGIORNATA CON SUCCESSO
VARIANTE GIA' PRESENTE, AGGIORNATA CON SUCCESSO
VARIANTE GIA' PRESENTE, AGGIORNATA CON SUCCESSO
VARIANTE GIA' PRESENTE, AGGIORNATA CON SUCCESSO
VARIANTE GIA' PRESENTE, AGGIORNATA CON SUCCESSO
VARIANTE GIA' PRESENTE, AGGIORNATA CON SUCCESSO
VARIANTE GIA' PRESENTE, AGGIORNATA CON SUCCESSO
VARIANTE GIA' PRESENTE, AGGIORNATA CON SUCCESSO
VARIANTE GIA' PRESENTE, AGGIORNATA CON SUCCESSO
